<?xml version="1.0" encoding="UTF-8"?>
<!-- Generated by org.testng.reporters.JUnitReportReporter -->
<testsuite skipped="0" hostname="BA-000289023" name="com.telus.rcms.tests.ValidateSubscriptionMscList.TC01_DB_DF_BIB_ACB_TIA_TIP_AF_MSC_Broken" tests="1" failures="0" timestamp="2022-12-20T20:40:27 IST" time="18.979" errors="0">
  <testcase name="testMethod_validateSubscriptionMscList" time="18.979" classname="com.telus.rcms.tests.ValidateSubscriptionMscList.TC01_DB_DF_BIB_ACB_TIA_TIP_AF_MSC_Broken"/>
  <system-out>
    <![CDATA[<div id='messageValidation' style='background-color: silver; color: black; font-size: xx-small; border: silver 2px solid; padding: 5px;'><table><tr><td style='width:85px;'>Validation</td><td>:</td><td id='message'>Extent-Report Directory [Succesfuly Created]: C:\bin\UIReports\2022 12 20 08 38 46\</td></tr></table></div><br/><br/>
<div id='messageValidation' style='background-color: silver; color: black; font-size: xx-small; border: silver 2px solid; padding: 5px;'><table><tr><td style='width:85px;'>Validation</td><td>:</td><td id='message'>Extent-Report Directory [Succesfuly Created]: C:\bin\UIReports\2022 12 20 08 38 46\</td></tr></table></div><br/><br/>
<div id='messageValidation' style='background-color: silver; color: black; font-size: xx-small; border: silver 2px solid; padding: 5px;'><table><tr><td style='width:85px;'>Validation</td><td>:</td><td id='message'>ExtentReport Path for WINDOWS: C:\bin\UIReports\2022 12 20 08 38 46\
</td></tr></table></div><br/><br/>
<div id='messageValidation' style='background-color: silver; color: black; font-size: xx-small; border: silver 2px solid; padding: 5px;'><table><tr><td style='width:85px;'>Validation</td><td>:</td><td id='message'>TestListener.createNewTestReport</td></tr></table></div><br/><br/>
<div id='messageValidation' style='background-color: silver; color: black; font-size: xx-small; border: silver 2px solid; padding: 5px;'><table><tr><td style='width:85px;'>Validation</td><td>:</td><td id='message'>GROUP_REPORT tag property :  true</td></tr></table></div><br/><br/>
<div id='messageValidation' style='background-color: silver; color: black; font-size: xx-small; border: silver 2px solid; padding: 5px;'><table><tr><td style='width:85px;'>Validation</td><td>:</td><td id='message'>TestListener.onTestStart</td></tr></table></div><br/><br/>
<div id='messageValidation' style='background-color: silver; color: black; font-size: xx-small; border: silver 2px solid; padding: 5px;'><table><tr><td style='width:85px;'>Validation</td><td>:</td><td id='message'>Automation Configuration - Environment Configured for Automation Execution [PT148]</td></tr></table></div><br/><br/>
<div id='messageValidation' style='background-color: silver; color: black; font-size: xx-small; border: silver 2px solid; padding: 5px;'><table><tr><td style='width:85px;'>Validation</td><td>:</td><td id='message'>Test Case Name : [TC01_DB_DF_BIB_ACB_TIA_TIP_AF_MSC_Broken]</td></tr></table></div><br/><br/>
<div id='messageValidation' style='background-color: silver; color: black; font-size: xx-small; border: silver 2px solid; padding: 5px;'><table><tr><td style='width:85px;'>Validation</td><td>:</td><td id='message'>Test Case Description : [The purpose of this test case is to verify "TC01_DB_DF_BIB_ACB_TIA_TIP_AF_MSC_Broken" workflow]</td></tr></table></div><br/><br/>
<div id='messageValidation' style='background-color: silver; color: black; font-size: xx-small; border: silver 2px solid; padding: 5px;'><table><tr><td style='width:85px;'>Validation</td><td>:</td><td id='message'>STEP ===== > OAuth2 API Call</td></tr></table></div><br/><br/>
<div id='messageValidation' style='background-color: silver; color: black; font-size: xx-small; border: silver 2px solid; padding: 5px;'><table><tr><td style='width:85px;'>Validation</td><td>:</td><td id='message'>API Operation status: 200</td></tr></table></div><br/><br/>
<div id='messageValidation' style='background-color: silver; color: black; font-size: xx-small; border: silver 2px solid; padding: 5px;'><table><tr><td style='width:85px;'>Validation</td><td>:</td><td id='message'>STEP ===== > OAuth2 API Call</td></tr></table></div><br/><br/>
<div id='messageValidation' style='background-color: silver; color: black; font-size: xx-small; border: silver 2px solid; padding: 5px;'><table><tr><td style='width:85px;'>Validation</td><td>:</td><td id='message'>API Operation status: 200</td></tr></table></div><br/><br/>
<div id='messageValidation' style='background-color: silver; color: black; font-size: xx-small; border: silver 2px solid; padding: 5px;'><table><tr><td style='width:85px;'>Validation</td><td>:</td><td id='message'>ACCESS_TOKEN FOR REWARD SERVICE: eyJhbGciOiJSUzI1NiIsImtpZCI6ImNhZGZhMTYyLTU2YzEtNGRiOS1hNjNmLTYwZTM3NzIwMWJkZiIsInBpLmF0bSI6IjMifQ.eyJzY29wZSI6WyIyMzUiLCIyMzMiLCIxMjUiLCI5OTIiXSwiY2xpZW50X2lkIjoiODM5ZDQ5MmEtMWQ3NC00Yjc5LThhMjgtNjJiM2EyZWE4YmZiIiwiaXNzIjoiaHR0cHM6Ly90ZWFtc3NvLWl0czA0LnRlbHVzLmNvbSIsImF1ZCI6ImtvbmciLCJpYXQiOjE2NzE1NDg5NjEsImV4cCI6MTY3MTU0OTI2MX0.I9rrLiPTb9QT6AVj9bYin-_cgtbe-56pYtWPU4XwHMT3qArIlDI0T3_aVcuFXpWbw65p6X7MihuDlWhF11Fw_QxiVoTh8yVPBCZt3giNO_ygt-dw_LB1G0X8SpuZ9O5-o4Qe--AndGesd25TXYnK5Y_7BIsOlPplT6gbrj0-OgPr71E27WpawpVOgxYSQ3NSNREX3QcrFfvDc8R22VBnSN9xFHXko127IiVq4-wqPa0XSI6mNUXuGXNFlKidPrD02HzxeICOWveMBEtD9r0KJYFIVIzjLJgWGMLFRR1d2USEiQmmlYB2wrn25gkqBfhB7myOKHM-IRdDV3aAN_9Vqw</td></tr></table></div><br/><br/>
<div id='messageValidation' style='background-color: silver; color: black; font-size: xx-small; border: silver 2px solid; padding: 5px;'><table><tr><td style='width:85px;'>Validation</td><td>:</td><td id='message'>ACCESS_TOKEN FOR VIOLATION SERVICE: eyJhbGciOiJSUzI1NiIsImtpZCI6ImNhZGZhMTYyLTU2YzEtNGRiOS1hNjNmLTYwZTM3NzIwMWJkZiIsInBpLmF0bSI6IjMifQ.eyJzY29wZSI6WyIxMjciLCIxOTE0Il0sImNsaWVudF9pZCI6ImJlYWIyNjljLWU2MTgtNDE5Yy04NjBiLTc1ODVmMzE4MGQ0OCIsImlzcyI6Imh0dHBzOi8vdGVhbXNzby1pdHMwNC50ZWx1cy5jb20iLCJhdWQiOiJrb25nIiwiaWF0IjoxNjcxNTQ4OTYzLCJleHAiOjE2NzE1NDkyNjN9.JvLyqwiO_UMIj4R_8t2f0EskgwlRmK3Eq_0NaQz6RMCjaVquEIRbjlVsqWf9uJ-iQll_2-yeHRARu4VDnOBvqnSFAvW_445zSqU6fYJbWOodPQkeSS3zt5Qmfq_8UZR95I0mpBpV4mu9bhP3H0vRkMlbRtGyPYO7zfiBHNtM8Rz9ov7d8kA7WxA6dHikB0bXgrS_n71WimWsGthmKfbzFvoii6GSmv1x22-ppYPfd92-egh0W_6v9RjXg-AJ9wLU4b_x89T22oF9WSnfB5CV0UNduVZCk64v5nfdkdhq6Uir7ZlU5Yuu6C7EwUzECg2CdoXYX8yXIkT1D-xN1BDi9A</td></tr></table></div><br/><br/>
<div id='messageValidation' style='background-color: silver; color: black; font-size: xx-small; border: silver 2px solid; padding: 5px;'><table><tr><td style='width:85px;'>Validation</td><td>:</td><td id='message'>------------DB connected successfully------------</td></tr></table></div><br/><br/>
<div id='messageValidation' style='background-color: silver; color: black; font-size: xx-small; border: silver 2px solid; padding: 5px;'><table><tr><td style='width:85px;'>Validation</td><td>:</td><td id='message'>Auto-Generated BAN : [70954282]</td></tr></table></div><br/><br/>
<div id='messageValidation' style='background-color: silver; color: black; font-size: xx-small; border: silver 2px solid; padding: 5px;'><table><tr><td style='width:85px;'>Validation</td><td>:</td><td id='message'>Auto-Generated SUBSCRIPTION_ID : [8646635]</td></tr></table></div><br/><br/>
<div id='messageValidation' style='background-color: silver; color: black; font-size: xx-small; border: silver 2px solid; padding: 5px;'><table><tr><td style='width:85px;'>Validation</td><td>:</td><td id='message'>Auto-Generated SUBSCRIPTION_NUMBER : [4168519181]</td></tr></table></div><br/><br/>
<div id='messageValidation' style='background-color: silver; color: black; font-size: xx-small; border: silver 2px solid; padding: 5px;'><table><tr><td style='width:85px;'>Validation</td><td>:</td><td id='message'>Expected Value is: [200], Actual Value for - RESPONSE_CODE is: [200], VALIDATION : [SUCCESSFUL]</td></tr></table></div><br/><br/>
<div id='messageValidation' style='background-color: silver; color: black; font-size: xx-small; border: silver 2px solid; padding: 5px;'><table><tr><td style='width:85px;'>Validation</td><td>:</td><td id='message'>API Operation status: {agreementDuration={endDateTime=null, startDateTime=2022-12-20T00:00:00-0500, quantity={amount=24, units=MONTH}}, agreementItem=[{"id":"","itemDuration":{"endDateTime":null,"startDateTime":"2022-12-20T00:00:00-0500","quantity":{"amount":24,"units":"MONTH"}},"itemType":"ACCESSORYFINANCE","incentiveAmount":240,"installment":{"installmentDuration":{"endDateTime":null,"startDateTime":"2022-12-20T00:00:00-0500","quantity":{"amount":24,"units":"MONTH"}},"characteristic":[{"name":"INSTALLMENTS_LEFT_NUM","value":"24"},{"name":"INSTALLMENTS_APPLIED_NUM","value":"0"},{"name":"INSTALLMENTS_APPLIED_AMT","value":"0.0"}]},"termOrCondition":{"characteristic":[{"name":"MIN_RATE_PLAN_VALUE_AMT","value":"40.0"},{"name":"MIN_FEATURE_VALUE_AMT","value":"30.0"},{"name":"MIN_COMBINED_VALUE_AMT","value":"70.0"}]},"tax":{"taxPaymentMethodCode":"CA","taxPaymentMechanismCode":"TILL","taxPaymentChannelCode":"RTL","taxProvinceCode":"ON","taxRate":[{"taxCategory":"HST","taxRate":13,"taxAmount":{"value":14.59,"unit":"CAD"}}]},"product":[{"productSerialNumber":"9009375803974841","productSpecification":{"id":null,"categoryCode":"ACCESSORY","typeCode":"DEVICE_TYPE"},"productPrice":{"price":{"dutyFreeAmount":{"value":1299,"unit":"CAD"}}},"productCharacteristic":[{"name":"USIM_ID","value":"8912239900000235601"}]}],"promotion":[{"id":"419812","perspectiveDate":"2022-12-20T00:00:00-0500"}],"productOffering":{"id":"1013546","characteristic":[{"name":"REDEEMED_OFFER_CONTEXT_CODE","value":"AOM"},{"name":"OFFER_TIER_CD","value":"1234"},{"name":"OFFER_TIER_CAP_AMT","value":"1500.0"},{"name":"DATA_COMMITMENT_IND","value":"false"},{"name":"CONTRACT_ENFORCED_PLAN_IND","value":"false"}],"perspectiveDate":"2022-12-20T00:00:00-0500","sourceSystemId":"15373"}},{"id":"","itemDuration":{"startDateTime":"2022-12-20T00:00:00-0500","endDateTime":null,"quantity":{"amount":6,"units":"MONTH"}},"incentiveServiceCode":["566"],"itemType":"TIASSETCREDIT","incentiveAmount":240,"installment":{"characteristic":[{"name":"INSTALLMENTS_LEFT_NUM","value":"1"},{"name":"INSTALLMENTS_APPLIED_NUM","value":"0"},{"name":"INSTALLMENTS_APPLIED_AMT","value":"0.0"}]},"termOrCondition":{"characteristic":[{"name":"MIN_RATE_PLAN_VALUE_AMT","value":"40.0"},{"name":"MIN_FEATURE_VALUE_AMT","value":"30.0"},{"name":"MIN_COMBINED_VALUE_AMT","value":"70.0"}]},"tax":{"taxPaymentMethodCode":"CA","taxPaymentMechanismCode":"TILL","taxPaymentChannelCode":"RTL","taxProvinceCode":"ON","taxRate":[{"taxCategory":"HST","taxRate":13,"taxAmount":{"value":14.59,"unit":"CAD"}}]},"product":[{"productSerialNumber":"9009375803974841","productSpecification":{"id":"HAPPLE16GBW","categoryCode":"SMARTPHONE","typeCode":"DEVICE_TYPE"},"productPrice":{"price":{"dutyFreeAmount":{"value":1299,"unit":"CAD"}}},"productCharacteristic":[{"name":"USIM_ID","value":"8912239900000235601"}]}],"promotion":[{"id":"23456","perspectiveDate":"2022-12-20T00:00:00-0500"}],"productOffering":{"id":"1013546","characteristic":[{"name":"REDEEMED_OFFER_CONTEXT_CODE","value":"AOM"},{"name":"OFFER_TIER_CD","value":"1234"},{"name":"OFFER_TIER_CAP_AMT","value":"1500.0"},{"name":"DATA_COMMITMENT_IND","value":"false"},{"name":"CONTRACT_ENFORCED_PLAN_IND","value":"false"}],"perspectiveDate":"2022-12-20T00:00:00-0500","sourceSystemId":"15373"}},{"id":"","itemDuration":{"startDateTime":"2022-12-20T00:00:00-0500","endDateTime":null,"quantity":{"amount":6,"units":"MONTH"}},"incentiveServiceCode":["257"],"itemType":"TIPROMOCREDIT","incentiveAmount":240,"installment":{"characteristic":[{"name":"INSTALLMENTS_LEFT_NUM","value":"1"},{"name":"INSTALLMENTS_APPLIED_NUM","value":"0"},{"name":"INSTALLMENTS_APPLIED_AMT","value":"0.0"}]},"termOrCondition":{"characteristic":[{"name":"MIN_RATE_PLAN_VALUE_AMT","value":"40.0"},{"name":"MIN_FEATURE_VALUE_AMT","value":"30.0"},{"name":"MIN_COMBINED_VALUE_AMT","value":"70.0"}]},"tax":{"taxPaymentMethodCode":"CA","taxPaymentMechanismCode":"TILL","taxPaymentChannelCode":"RTL","taxProvinceCode":"ON","taxRate":[{"taxCategory":"HST","taxRate":13,"taxAmount":{"value":14.59,"unit":"CAD"}}]},"product":[{"productSerialNumber":"9009375803974841","productSpecification":{"id":"HAPPLE16GBW","categoryCode":"SMARTPHONE","typeCode":"DEVICE_TYPE"},"productPrice":{"price":{"dutyFreeAmount":{"value":1299,"unit":"CAD"}}},"productCharacteristic":[{"name":"USIM_ID","value":"8912239900000235601"}]}],"promotion":[{"id":"23456","perspectiveDate":"2022-12-20T00:00:00-0500"}],"productOffering":{"id":"1013546","characteristic":[{"name":"REDEEMED_OFFER_CONTEXT_CODE","value":"AOM"},{"name":"OFFER_TIER_CD","value":"1234"},{"name":"OFFER_TIER_CAP_AMT","value":"1500.0"},{"name":"DATA_COMMITMENT_IND","value":"false"},{"name":"CONTRACT_ENFORCED_PLAN_IND","value":"false"}],"perspectiveDate":"2022-12-20T00:00:00-0500","sourceSystemId":"15373"}},{"id":"","itemDuration":{"endDateTime":null,"startDateTime":"2022-12-20T00:00:00-0500","quantity":{"amount":24,"units":"MONTH"}},"itemType":"BIB","incentiveAmount":240,"installment":{"installmentDuration":{"endDateTime":null,"startDateTime":"2022-12-20T00:00:00-0500","quantity":{"amount":24,"units":"MONTH"}},"characteristic":[{"name":"INSTALLMENTS_LEFT_NUM","value":"1"},{"name":"INSTALLMENTS_APPLIED_NUM","value":"0"},{"name":"INSTALLMENTS_APPLIED_AMT","value":"0.0"}]},"termOrCondition":{"characteristic":[{"name":"MIN_RATE_PLAN_VALUE_AMT","value":"40.0"},{"name":"MIN_FEATURE_VALUE_AMT","value":"30.0"},{"name":"MIN_COMBINED_VALUE_AMT","value":"70.0"}]},"tax":{"taxPaymentMethodCode":"CA","taxPaymentMechanismCode":"TILL","taxPaymentChannelCode":"RTL","taxProvinceCode":"ON","taxRate":[{"taxCategory":"HST","taxRate":13,"taxAmount":{"value":14.59,"unit":"CAD"}}]},"product":[{"productSerialNumber":"9009375803974841","productSpecification":{"id":"HAPPLE16GBW","categoryCode":"SMARTPHONE","typeCode":"DEVICE_TYPE"},"productPrice":{"price":{"dutyFreeAmount":{"value":1299,"unit":"CAD"}}},"productCharacteristic":[{"name":"USIM_ID","value":"8912239900000235601"}]}],"promotion":[{"id":"419812","perspectiveDate":"2022-12-20T00:00:00-0500"}],"productOffering":{"id":"1013546","characteristic":[{"name":"REDEEMED_OFFER_CONTEXT_CODE","value":"AOM"},{"name":"OFFER_TIER_CD","value":"1234"},{"name":"OFFER_TIER_CAP_AMT","value":"1500.0"},{"name":"DATA_COMMITMENT_IND","value":"false"},{"name":"CONTRACT_ENFORCED_PLAN_IND","value":"false"}],"perspectiveDate":"2022-12-20T00:00:00-0500","sourceSystemId":"15373"}},{"id":"","itemDuration":{"endDateTime":null,"startDateTime":"2022-12-20T00:00:00-0500","quantity":{"amount":24,"units":"MONTH"}},"itemType":"HARDWARE","incentiveAmount":240,"installment":{"characteristic":[{"name":"INSTALLMENTS_LEFT_NUM","value":"24"},{"name":"INSTALLMENTS_APPLIED_NUM","value":"0"},{"name":"INSTALLMENTS_APPLIED_AMT","value":"0.0"}]},"termOrCondition":{"characteristic":[{"name":"MIN_RATE_PLAN_VALUE_AMT","value":"40.0"},{"name":"MIN_FEATURE_VALUE_AMT","value":"30.0"},{"name":"MIN_COMBINED_VALUE_AMT","value":"70.0"}]},"tax":{"taxPaymentMethodCode":"CA","taxPaymentMechanismCode":"TILL","taxPaymentChannelCode":"RTL","taxProvinceCode":"ON","taxRate":[{"taxCategory":"HST","taxRate":13,"taxAmount":{"value":14.59,"unit":"CAD"}}]},"product":[{"productSerialNumber":"9009375803974841","productSpecification":{"id":"HAPPLE16GBW","categoryCode":"SMARTPHONE","typeCode":"DEVICE_TYPE"},"productPrice":{"price":{"dutyFreeAmount":{"value":1299,"unit":"CAD"}}},"productCharacteristic":[{"name":"USIM_ID","value":"8912239900000235601"}]}],"promotion":[{"id":"419812","perspectiveDate":"2022-12-20T00:00:00-0500"}],"productOffering":{"id":"1013546","characteristic":[{"name":"REDEEMED_OFFER_CONTEXT_CODE","value":"AOM"},{"name":"OFFER_TIER_CD","value":"1234"},{"name":"OFFER_TIER_CAP_AMT","value":"1500.0"},{"name":"DATA_COMMITMENT_IND","value":"false"},{"name":"CONTRACT_ENFORCED_PLAN_IND","value":"false"}],"perspectiveDate":"2022-12-20T00:00:00-0500","sourceSystemId":"15373"}},{"id":"","itemDuration":{"endDateTime":null,"startDateTime":"2022-12-20T00:00:00-0500","quantity":{"amount":24,"units":"MONTH"}},"itemType":"FINANCE","incentiveAmount":240,"installment":{"installmentDuration":{"endDateTime":null,"startDateTime":"2022-12-20T00:00:00-0500","quantity":{"amount":24,"units":"MONTH"}},"characteristic":[{"name":"INSTALLMENTS_LEFT_NUM","value":"24"},{"name":"INSTALLMENTS_APPLIED_NUM","value":"0"},{"name":"INSTALLMENTS_APPLIED_AMT","value":"0.0"}]},"termOrCondition":{"characteristic":[{"name":"MIN_RATE_PLAN_VALUE_AMT","value":"40.0"},{"name":"MIN_FEATURE_VALUE_AMT","value":"30.0"},{"name":"MIN_COMBINED_VALUE_AMT","value":"70.0"}]},"tax":{"taxPaymentMethodCode":"CA","taxPaymentMechanismCode":"TILL","taxPaymentChannelCode":"RTL","taxProvinceCode":"ON","taxRate":[{"taxCategory":"HST","taxRate":13,"taxAmount":{"value":14.59,"unit":"CAD"}}]},"product":[{"productSerialNumber":"9009375803974841","productSpecification":{"id":"HAPPLE16GBW","categoryCode":"SMARTPHONE","typeCode":"DEVICE_TYPE"},"productPrice":{"price":{"dutyFreeAmount":{"value":1299,"unit":"CAD"}}},"productCharacteristic":[{"name":"USIM_ID","value":"8912239900000235601"}]}],"promotion":[{"id":"419812","perspectiveDate":"2022-12-20T00:00:00-0500"}],"productOffering":{"id":"1013546","characteristic":[{"name":"REDEEMED_OFFER_CONTEXT_CODE","value":"AOM"},{"name":"OFFER_TIER_CD","value":"1234"},{"name":"OFFER_TIER_CAP_AMT","value":"1500.0"},{"name":"DATA_COMMITMENT_IND","value":"false"},{"name":"CONTRACT_ENFORCED_PLAN_IND","value":"false"}],"perspectiveDate":"2022-12-20T00:00:00-0500","sourceSystemId":"15373"}},{"id":"","itemDuration":{"endDateTime":null,"startDateTime":"2022-12-20T00:00:00-0500","quantity":{"amount":1,"units":"MONTH"}},"itemType":"ACTIVATIONBILLCREDIT","incentiveAmount":240,"installment":{"installmentDuration":{"endDateTime":null,"startDateTime":"2022-12-20T00:00:00-0500","quantity":{"amount":1,"units":"MONTH"}},"characteristic":[{"name":"INSTALLMENTS_LEFT_NUM","value":"1"},{"name":"INSTALLMENTS_APPLIED_NUM","value":"0"},{"name":"INSTALLMENTS_APPLIED_AMT","value":"0.0"}]},"termOrCondition":{"characteristic":[{"name":"MIN_RATE_PLAN_VALUE_AMT","value":"40.0"},{"name":"MIN_FEATURE_VALUE_AMT","value":"30.0"},{"name":"MIN_COMBINED_VALUE_AMT","value":"70.0"}]},"tax":{"taxPaymentMethodCode":"CA","taxPaymentMechanismCode":"TILL","taxPaymentChannelCode":"RTL","taxProvinceCode":"ON","taxRate":[{"taxCategory":"HST","taxRate":13,"taxAmount":{"value":14.59,"unit":"CAD"}}]},"product":[{"productSerialNumber":"9009375803974841","productSpecification":{"id":"HAPPLE16GBW","categoryCode":"SMARTPHONE","typeCode":"DEVICE_TYPE"},"productPrice":{"price":{"dutyFreeAmount":{"value":1299,"unit":"CAD"}}},"productCharacteristic":[{"name":"USIM_ID","value":"8912239900000235601"}]}],"promotion":[{"id":"419812","perspectiveDate":"2022-12-20T00:00:00-0500"}],"productOffering":{"id":"1013546","characteristic":[{"name":"REDEEMED_OFFER_CONTEXT_CODE","value":"AOM"},{"name":"OFFER_TIER_CD","value":"1234"},{"name":"OFFER_TIER_CAP_AMT","value":"1500.0"},{"name":"DATA_COMMITMENT_IND","value":"false"},{"name":"CONTRACT_ENFORCED_PLAN_IND","value":"false"}],"perspectiveDate":"2022-12-20T00:00:00-0500","sourceSystemId":"15373"}}], relatedParty=[{"id":"70954282","role":"ACCOUNT","characteristic":[{"name":"BRAND_ID","value":"1"},{"name":"ACCOUNT_TYPE_CODE","value":"I"},{"name":"ACCOUNT_SUB_TYPE_CODE","value":"R"}]},{"id":12373,"role":"ORIGINATOR","characteristic":[{"name":"TRANSACTION_ID","value":"877344"},{"name":"CHNL_ORG_ID","value":"10122167"},{"name":"SALES_REP_ID","value":"5335"},{"name":"TEAM_MEMBER_ID","value":"78978"}]},{"id":"8646635","role":"Subscription","characteristic":[{"name":"MARKET_PROVINCE","value":"ON"},{"name":"HOME_PROVINCE_CODE","value":"ON"},{"name":"SUBSCRIBER_NUMBER","value":"4168519181"},{"name":"COMBO_RATE_PLAN_IND","value":"true"}]}]}</td></tr></table></div><br/><br/>
<div id='messageValidation' style='background-color: silver; color: black; font-size: xx-small; border: silver 2px solid; padding: 5px;'><table><tr><td style='width:85px;'>Validation</td><td>:</td><td id='message'>API Operation Request: 200</td></tr></table></div><br/><br/>
<div id='messageValidation' style='background-color: silver; color: black; font-size: xx-small; border: silver 2px solid; padding: 5px;'><table><tr><td style='width:85px;'>Validation</td><td>:</td><td id='message'>API Test Env is : [it02]</td></tr></table></div><br/><br/>
<div id='messageValidation' style='background-color: silver; color: black; font-size: xx-small; border: silver 2px solid; padding: 5px;'><table><tr><td style='width:85px;'>Validation</td><td>:</td><td id='message'>Expected Value is: [201], Actual Value for - RESPONSE_CODE is: [201], VALIDATION : [SUCCESSFUL]</td></tr></table></div><br/><br/>
<div id='messageValidation' style='background-color: silver; color: black; font-size: xx-small; border: silver 2px solid; padding: 5px;'><table><tr><td style='width:85px;'>Validation</td><td>:</td><td id='message'>API Operation status: 201</td></tr></table></div><br/><br/>
<div id='messageValidation' style='background-color: silver; color: black; font-size: xx-small; border: silver 2px solid; padding: 5px;'><table><tr><td style='width:85px;'>Validation</td><td>:</td><td id='message'>API Operation Request: {sla={id=MSCValidation}, relatedParty=[{"role":"SUBSCRIPTION","id":"8646635","characteristic":[{"name":"PLAN_SPENT_AMT","value":"10"},{"name":"SERVICE_SPENT_AMT","value":"20"},{"name":"COMBO_RATE_PLAN_IND","value":"true"}]}]}</td></tr></table></div><br/><br/>
<div id='messageValidation' style='background-color: silver; color: black; font-size: xx-small; border: silver 2px solid; padding: 5px;'><table><tr><td style='width:85px;'>Validation</td><td>:</td><td id='message'>API Operation Response: {href=KONG-bdf7fed3-ab33-4d35-a12c-3914d5f965fc#23314, date=2022-12-20T10:09:34-0500, sla={id=MSCValidation}, relatedParty=[{"id":"8646635","role":"SUBSCRIPTION","characteristic":[{"name":"MISSED_MSC_AMT","value":"10.0"},{"name":"RETURN_CODE","value":"1"}]}]}</td></tr></table></div><br/><br/>
<div id='messageValidation' style='background-color: silver; color: black; font-size: xx-small; border: silver 2px solid; padding: 5px;'><table><tr><td style='width:85px;'>Validation</td><td>:</td><td id='message'>Pretty Payload: {href:KONG-bdf7fed3-ab33-4d35-a12c-3914d5f965fc#23314, date:2022-12-20T10:09:34-0500, sla:{id:MSCValidation}, relatedParty:[{"id":"8646635","role":"SUBSCRIPTION","characteristic":[{"name":"MISSED_MSC_AMT","value":"10.0"},{"name":"RETURN_CODE","value":"1"}]}]}</td></tr></table></div><br/><br/>
<div id='messageValidation' style='background-color: silver; color: black; font-size: xx-small; border: silver 2px solid; padding: 5px;'><table><tr><td style='width:85px;'>Validation</td><td>:</td><td id='message'>Expected Value is : not null , Actual Value From HREF is: [KONG-bdf7fed3-ab33-4d35-a12c-3914d5f965fc#23314], VALIDATION : [SUCCESSFUL]</td></tr></table></div><br/><br/>
<div id='messageValidation' style='background-color: silver; color: black; font-size: xx-small; border: silver 2px solid; padding: 5px;'><table><tr><td style='width:85px;'>Validation</td><td>:</td><td id='message'>Expected Value is: [MSCValidation], Actual Value for - SLAID is: [MSCValidation], VALIDATION : [SUCCESSFUL]</td></tr></table></div><br/><br/>
<div id='messageValidation' style='background-color: silver; color: black; font-size: xx-small; border: silver 2px solid; padding: 5px;'><table><tr><td style='width:85px;'>Validation</td><td>:</td><td id='message'>Expected Value is: [2022-12-20], Actual Value From DB Column - DATE is: [2022-12-20], VALIDATION : [SUCCESSFUL]</td></tr></table></div><br/><br/>
<div id='messageValidation' style='background-color: silver; color: black; font-size: xx-small; border: silver 2px solid; padding: 5px;'><table><tr><td style='width:85px;'>Validation</td><td>:</td><td id='message'>Expected Value is: [10], Actual Value for - MISSED_MSC_AMT is: [10], VALIDATION : [SUCCESSFUL]</td></tr></table></div><br/><br/>
<div id='messageValidation' style='background-color: silver; color: black; font-size: xx-small; border: silver 2px solid; padding: 5px;'><table><tr><td style='width:85px;'>Validation</td><td>:</td><td id='message'>Expected Value is: [1], Actual Value for - RETURN_CODE is: [1], VALIDATION : [SUCCESSFUL]</td></tr></table></div><br/><br/>
<div id='messageValidation' style='background-color: silver; color: black; font-size: xx-small; border: silver 2px solid; padding: 5px;'><table><tr><td style='width:85px;'>Validation</td><td>:</td><td id='message'>--------------------DB Validation Completed--------------------</td></tr></table></div><br/><br/>
<div id='messageValidation' style='background-color: silver; color: black; font-size: xx-small; border: silver 2px solid; padding: 5px;'><table><tr><td style='width:85px;'>Validation</td><td>:</td><td id='message'>TestListener.onTestSuccess</td></tr></table></div><br/><br/>
<div id='messageValidation' style='background-color: silver; color: black; font-size: xx-small; border: silver 2px solid; padding: 5px;'><table><tr><td style='width:85px;'>Validation</td><td>:</td><td id='message'>JIRA - Skipping Jira Update as Toggle it's false</td></tr></table></div><br/><br/>]]>
  </system-out>
</testsuite> <!-- com.telus.rcms.tests.ValidateSubscriptionMscList.TC01_DB_DF_BIB_ACB_TIA_TIP_AF_MSC_Broken -->
