<?xml version="1.0" encoding="UTF-8"?>
<!-- Generated by org.testng.reporters.JUnitReportReporter -->
<testsuite skipped="0" hostname="BA-000289023" name="com.telus.rcms.tests.FutureActivation.TC07_Telus_TAB_HWS_DB_DF_BIB" tests="1" failures="1" timestamp="2022-12-08T05:01:37 IST" time="9.762" errors="0">
  <testcase name="testMethod_activation" time="9.762" classname="com.telus.rcms.tests.FutureActivation.TC07_Telus_TAB_HWS_DB_DF_BIB">
    <failure type="java.lang.AssertionError" message="Values are Different. Actual Value from DB Column - REWARD_INSTLMNT_START_DT is : 2025-02-06 expected [2025-02-07] but found [2025-02-06]">
      <![CDATA[java.lang.AssertionError: Values are Different. Actual Value from DB Column - REWARD_INSTLMNT_START_DT is : 2025-02-06 expected [2025-02-07] but found [2025-02-06]
at org.testng.Assert.fail(Assert.java:99)
at org.testng.Assert.failNotEquals(Assert.java:1037)
at org.testng.Assert.assertEqualsImpl(Assert.java:140)
at org.testng.Assert.assertEquals(Assert.java:122)
at com.telus.rcms.utils.GenericUtils.validateAssertEqualsFromDB(GenericUtils.java:187)
at com.telus.rcms.utils.ValidationUtils.payloadnDBCheckFutureAgrmtItem(ValidationUtils.java:1008)
at com.telus.rcms.tests.FutureActivation.TC07_Telus_TAB_HWS_DB_DF_BIB.payloadAndDbCheck(TC07_Telus_TAB_HWS_DB_DF_BIB.java:151)
at com.telus.rcms.tests.FutureActivation.TC07_Telus_TAB_HWS_DB_DF_BIB.testMethod_activation(TC07_Telus_TAB_HWS_DB_DF_BIB.java:130)
at sun.reflect.NativeMethodAccessorImpl.invoke0(Native Method)
at sun.reflect.NativeMethodAccessorImpl.invoke(Unknown Source)
at sun.reflect.DelegatingMethodAccessorImpl.invoke(Unknown Source)
at java.lang.reflect.Method.invoke(Unknown Source)
at org.testng.internal.MethodInvocationHelper.invokeMethod(MethodInvocationHelper.java:133)
at org.testng.internal.TestInvoker.invokeMethod(TestInvoker.java:598)
at org.testng.internal.TestInvoker.invokeTestMethod(TestInvoker.java:173)
at org.testng.internal.MethodRunner.runInSequence(MethodRunner.java:46)
at org.testng.internal.TestInvoker$MethodInvocationAgent.invoke(TestInvoker.java:824)
at org.testng.internal.TestInvoker.invokeTestMethods(TestInvoker.java:146)
at org.testng.internal.TestMethodWorker.invokeTestMethods(TestMethodWorker.java:146)
at org.testng.internal.TestMethodWorker.run(TestMethodWorker.java:128)
at java.util.concurrent.ThreadPoolExecutor.runWorker(Unknown Source)
at java.util.concurrent.ThreadPoolExecutor$Worker.run(Unknown Source)
at java.lang.Thread.run(Unknown Source)
]]>
    </failure>
  </testcase> <!-- testMethod_activation -->
  <system-out>
    <![CDATA[<div id='messageValidation' style='background-color: silver; color: black; font-size: xx-small; border: silver 2px solid; padding: 5px;'><table><tr><td style='width:85px;'>Validation</td><td>:</td><td id='message'>TestListener.createNewTestReport</td></tr></table></div><br/><br/>
<div id='messageValidation' style='background-color: silver; color: black; font-size: xx-small; border: silver 2px solid; padding: 5px;'><table><tr><td style='width:85px;'>Validation</td><td>:</td><td id='message'>GROUP_REPORT tag property :  true</td></tr></table></div><br/><br/>
<div id='messageValidation' style='background-color: silver; color: black; font-size: xx-small; border: silver 2px solid; padding: 5px;'><table><tr><td style='width:85px;'>Validation</td><td>:</td><td id='message'>TestListener.onTestStart</td></tr></table></div><br/><br/>
<div id='messageValidation' style='background-color: silver; color: black; font-size: xx-small; border: silver 2px solid; padding: 5px;'><table><tr><td style='width:85px;'>Validation</td><td>:</td><td id='message'>Automation Configuration - Environment Configured for Automation Execution [PT148]</td></tr></table></div><br/><br/>
<div id='messageValidation' style='background-color: silver; color: black; font-size: xx-small; border: silver 2px solid; padding: 5px;'><table><tr><td style='width:85px;'>Validation</td><td>:</td><td id='message'>Test Case Name : [TC07_Telus_TAB_HWS_DB_DF_BIB]</td></tr></table></div><br/><br/>
<div id='messageValidation' style='background-color: silver; color: black; font-size: xx-small; border: silver 2px solid; padding: 5px;'><table><tr><td style='width:85px;'>Validation</td><td>:</td><td id='message'>Test Case Description : [The purpose of this test case is to verify "TC07_Telus_TAB_HWS_DB_DF_BIB" workflow]</td></tr></table></div><br/><br/>
<div id='messageValidation' style='background-color: silver; color: black; font-size: xx-small; border: silver 2px solid; padding: 5px;'><table><tr><td style='width:85px;'>Validation</td><td>:</td><td id='message'>Request Payload Path : [C:\Users\durairaj.lnu\Documents\GitHub\Completion\Automation-TestAuto-OE-PS-RCMS-API\src\test\resources\testSpecs\RCMS\FutureActivation\TC07_Telus_TAB_HWS_DB_DF_BIB.json]</td></tr></table></div><br/><br/>
<div id='messageValidation' style='background-color: silver; color: black; font-size: xx-small; border: silver 2px solid; padding: 5px;'><table><tr><td style='width:85px;'>Validation</td><td>:</td><td id='message'>STEP ===== > OAuth2 API Call</td></tr></table></div><br/><br/>
<div id='messageValidation' style='background-color: silver; color: black; font-size: xx-small; border: silver 2px solid; padding: 5px;'><table><tr><td style='width:85px;'>Validation</td><td>:</td><td id='message'>API Operation status: 200</td></tr></table></div><br/><br/>
<div id='messageValidation' style='background-color: silver; color: black; font-size: xx-small; border: silver 2px solid; padding: 5px;'><table><tr><td style='width:85px;'>Validation</td><td>:</td><td id='message'>ACCESS_TOKEN: eyJhbGciOiJSUzI1NiIsImtpZCI6ImNhZGZhMTYyLTU2YzEtNGRiOS1hNjNmLTYwZTM3NzIwMWJkZiIsInBpLmF0bSI6IjMifQ.eyJzY29wZSI6WyIyMzUiLCIyMzMiLCIxMjUiLCI5OTIiXSwiY2xpZW50X2lkIjoiODM5ZDQ5MmEtMWQ3NC00Yjc5LThhMjgtNjJiM2EyZWE4YmZiIiwiaXNzIjoiaHR0cHM6Ly90ZWFtc3NvLWl0czA0LnRlbHVzLmNvbSIsImF1ZCI6ImtvbmciLCJpYXQiOjE2NzA0NTI1MjIsImV4cCI6MTY3MDQ1MjgyMn0.Ij-eMGg3ppRUWivoAsrxY8cKMwAxYLcjjxhRUkJLzvN62I92Uf9Gcin3XGjK0C5-88VkxUux4OQLbJdc2DKqaf4e8LrFvvmk1EcKL48TrmrxZxj5VwohQblbQ9ks2pYrlf-rhB8z6LWOsmAcBRUN2TKGA2E_tojozqedFQ8sssVpIvSsGtLFA6y_POVOdW0MjpN_QM-0vDjT4zm0KqmP0_RC7tD3monwjRltVaP7WhIKcURWNd_HCINsp4cuoWOSCHyCJnXhi1YUke0T2CSMZuxlwebjnErw4sC08KLnRCgCj7kkBU7kFizNYvk2LP586wKVxwdSPx-HHrSuZBL1lg</td></tr></table></div><br/><br/>
<div id='messageValidation' style='background-color: silver; color: black; font-size: xx-small; border: silver 2px solid; padding: 5px;'><table><tr><td style='width:85px;'>Validation</td><td>:</td><td id='message'>API Test Env is : [it02]</td></tr></table></div><br/><br/>
<div id='messageValidation' style='background-color: silver; color: black; font-size: xx-small; border: silver 2px solid; padding: 5px;'><table><tr><td style='width:85px;'>Validation</td><td>:</td><td id='message'>------------DB connected successfully------------</td></tr></table></div><br/><br/>
<div id='messageValidation' style='background-color: silver; color: black; font-size: xx-small; border: silver 2px solid; padding: 5px;'><table><tr><td style='width:85px;'>Validation</td><td>:</td><td id='message'>Auto-Generated BAN : [70932000]</td></tr></table></div><br/><br/>
<div id='messageValidation' style='background-color: silver; color: black; font-size: xx-small; border: silver 2px solid; padding: 5px;'><table><tr><td style='width:85px;'>Validation</td><td>:</td><td id='message'>Auto-Generated SUBSCRIPTION_ID : [8526585]</td></tr></table></div><br/><br/>
<div id='messageValidation' style='background-color: silver; color: black; font-size: xx-small; border: silver 2px solid; padding: 5px;'><table><tr><td style='width:85px;'>Validation</td><td>:</td><td id='message'>Auto-Generated SUBSCRIPTION_NUMBER : [4264308681]</td></tr></table></div><br/><br/>
<div id='messageValidation' style='background-color: silver; color: black; font-size: xx-small; border: silver 2px solid; padding: 5px;'><table><tr><td style='width:85px;'>Validation</td><td>:</td><td id='message'>API Operation status: 200</td></tr></table></div><br/><br/>
<div id='messageValidation' style='background-color: silver; color: black; font-size: xx-small; border: silver 2px solid; padding: 5px;'><table><tr><td style='width:85px;'>Validation</td><td>:</td><td id='message'>API Operation Request: {agreementDuration={endDateTime=null, startDateTime=2023-01-07T00:00:00-0500, quantity={amount=24, units=MONTH}}, agreementItem=[{"id":"","itemDuration":{"endDateTime":null,"startDateTime":"2023-01-07T00:00:00-0500","quantity":{"amount":24,"units":"MONTH"}},"itemType":"HARDWARE","incentiveAmount":240,"installment":{"characteristic":[{"name":"INSTALLMENTS_LEFT_NUM","value":"24"},{"name":"INSTALLMENTS_APPLIED_NUM","value":"0"},{"name":"INSTALLMENTS_APPLIED_AMT","value":"0.0"}]},"termOrCondition":{"characteristic":[{"name":"MIN_RATE_PLAN_VALUE_AMT","value":"0.0"},{"name":"MIN_FEATURE_VALUE_AMT","value":"0.0"},{"name":"MIN_COMBINED_VALUE_AMT","value":"80.0"}]},"tax":{"taxPaymentMethodCode":"CA","taxPaymentMechanismCode":"TILL","taxPaymentChannelCode":"RTL","taxProvinceCode":"ON","taxRate":[{"taxCategory":"HST","taxRate":13,"taxAmount":{"value":14.59,"unit":"CAD"}},{"taxCategory":"GST","taxRate":14,"taxAmount":{"value":15,"unit":"CAD"}},{"taxCategory":"PST","taxRate":16,"taxAmount":{"value":17.45,"unit":"CAD"}}]},"product":[{"productSerialNumber":"900937479125913","productSpecification":{"id":"HAPPLEI4S32GBB","categoryCode":"SMARTPHONE","description":[{"locale":"EN_CA","description":"APPLE IPHONE 4S 32GB BLACK"},{"locale":"FR_CA","description":"APPLE IPHONE 4S 32GB BLACK"}],"typeCode":"DEVICE_TYPE"},"productPrice":{"price":{"dutyFreeAmount":{"value":1300,"unit":"CAD"}}},"productCharacteristic":[{"name":"USIM_ID","value":"8912239900003505056"}]}],"promotion":[{"id":"23456","perspectiveDate":"2023-01-07T00:00:00-0500"}],"productOffering":{"id":"1013546","characteristic":[{"name":"REDEEMED_OFFER_CONTEXT_CODE","value":"AOM"},{"name":"OFFER_TIER_CD","value":"1234"},{"name":"OFFER_TIER_CAP_AMT","value":"1500.0"},{"name":"DATA_COMMITMENT_IND","value":"false"},{"name":"CONTRACT_ENFORCED_PLAN_IND","value":"false"}],"perspectiveDate":"2023-01-07T00:00:00-0500","sourceSystemId":"15373"}},{"id":"","itemDuration":{"endDateTime":null,"startDateTime":"2023-01-07T00:00:00-0500","quantity":{"amount":24,"units":"MONTH"}},"itemType":"FINANCE","incentiveAmount":240,"installment":{"installmentDuration":{"endDateTime":null,"startDateTime":"2023-01-07T00:00:00-0500","quantity":{"amount":24,"units":"MONTH"}},"characteristic":[{"name":"INSTALLMENTS_LEFT_NUM","value":"24"},{"name":"INSTALLMENTS_APPLIED_NUM","value":"0"},{"name":"INSTALLMENTS_APPLIED_AMT","value":"0.0"}]},"termOrCondition":{"characteristic":[{"name":"MIN_RATE_PLAN_VALUE_AMT","value":"0.0"},{"name":"MIN_FEATURE_VALUE_AMT","value":"0.0"},{"name":"MIN_COMBINED_VALUE_AMT","value":"80.0"}]},"tax":{"taxPaymentMethodCode":"CA","taxPaymentMechanismCode":"TILL","taxPaymentChannelCode":"RTL","taxProvinceCode":"ON","taxRate":[{"taxCategory":"HST","taxRate":13,"taxAmount":{"value":14.59,"unit":"CAD"}},{"taxCategory":"GST","taxRate":14,"taxAmount":{"value":15,"unit":"CAD"}},{"taxCategory":"PST","taxRate":16,"taxAmount":{"value":17.45,"unit":"CAD"}}]},"product":[{"productSerialNumber":"900937479125913","productSpecification":{"id":"HAPPLEI4S32GBB","categoryCode":"SMARTPHONE","description":[{"locale":"EN_CA","description":"APPLE IPHONE 4S 32GB BLACK"},{"locale":"FR_CA","description":"APPLE IPHONE 4S 32GB BLACK"}],"typeCode":"DEVICE_TYPE"},"productPrice":{"price":{"dutyFreeAmount":{"value":1300,"unit":"CAD"}}},"productCharacteristic":[{"name":"USIM_ID","value":"8912239900003505056"}]}],"promotion":[{"id":"23456","perspectiveDate":"2023-01-07T00:00:00-0500"}],"productOffering":{"id":"1013546","characteristic":[{"name":"REDEEMED_OFFER_CONTEXT_CODE","value":"AOM"},{"name":"OFFER_TIER_CD","value":"1234"},{"name":"OFFER_TIER_CAP_AMT","value":"1500.0"},{"name":"DATA_COMMITMENT_IND","value":"false"},{"name":"CONTRACT_ENFORCED_PLAN_IND","value":"false"}],"perspectiveDate":"2023-01-07T00:00:00-0500","sourceSystemId":"15373"}},{"id":"","itemDuration":{"endDateTime":null,"startDateTime":"2023-01-07T00:00:00-0500","quantity":{"amount":24,"units":"MONTH"}},"itemType":"BIB","incentiveAmount":300,"installment":{"installmentDuration":{"endDateTime":null,"startDateTime":"2023-01-07T00:00:00-0500","quantity":{"amount":24,"units":"MONTH"}},"characteristic":[{"name":"INSTALLMENTS_LEFT_NUM","value":"1"},{"name":"INSTALLMENTS_APPLIED_NUM","value":"0"},{"name":"INSTALLMENTS_APPLIED_AMT","value":"0.0"}]},"termOrCondition":{"characteristic":[{"name":"MIN_RATE_PLAN_VALUE_AMT","value":"0.0"},{"name":"MIN_FEATURE_VALUE_AMT","value":"0.0"},{"name":"MIN_COMBINED_VALUE_AMT","value":"80.0"}]},"tax":{"taxPaymentMethodCode":"CA","taxPaymentMechanismCode":"TILL","taxPaymentChannelCode":"RTL","taxProvinceCode":"ON","taxRate":[{"taxCategory":"HST","taxRate":13,"taxAmount":{"value":14.59,"unit":"CAD"}},{"taxCategory":"GST","taxRate":14,"taxAmount":{"value":15,"unit":"CAD"}},{"taxCategory":"PST","taxRate":16,"taxAmount":{"value":17.45,"unit":"CAD"}}]},"product":[{"productSerialNumber":"900937479125913","productSpecification":{"id":"HAPPLEI4S32GBB","categoryCode":"SMARTPHONE","description":[{"locale":"EN_CA","description":"APPLE IPHONE 4S 32GB BLACK"},{"locale":"FR_CA","description":"APPLE IPHONE 4S 32GB BLACK"}],"typeCode":"DEVICE_TYPE"},"productPrice":{"price":{"dutyFreeAmount":{"value":1300,"unit":"CAD"}}},"productCharacteristic":[{"name":"USIM_ID","value":"8912239900003505056"}]}],"promotion":[{"id":"23456","perspectiveDate":"2023-01-07T00:00:00-0500"}],"productOffering":{"id":"1013546","characteristic":[{"name":"REDEEMED_OFFER_CONTEXT_CODE","value":"AOM"},{"name":"OFFER_TIER_CD","value":"1234"},{"name":"OFFER_TIER_CAP_AMT","value":"1500.0"},{"name":"DATA_COMMITMENT_IND","value":"false"},{"name":"CONTRACT_ENFORCED_PLAN_IND","value":"false"}],"perspectiveDate":"2023-01-07T00:00:00-0500","sourceSystemId":"15373"}},{"id":"","itemDuration":{"endDateTime":null,"startDateTime":"2023-01-07T00:00:00-0500","quantity":{"amount":24,"units":"MONTH"}},"itemType":"TAB","incentiveAmount":240,"installment":{"installmentDuration":{"endDateTime":null,"startDateTime":"2023-01-07T00:00:00-0500","quantity":{"amount":24,"units":"MONTH"}},"characteristic":[{"name":"INSTALLMENTS_LEFT_NUM","value":"24"},{"name":"INSTALLMENTS_APPLIED_NUM","value":"0"},{"name":"INSTALLMENTS_APPLIED_AMT","value":"0.0"}]},"termOrCondition":{"characteristic":[{"name":"MIN_RATE_PLAN_VALUE_AMT","value":"0.0"},{"name":"MIN_FEATURE_VALUE_AMT","value":"0.0"},{"name":"MIN_COMBINED_VALUE_AMT","value":"80.0"}]},"tax":{"taxPaymentMethodCode":"CA","taxPaymentMechanismCode":"TILL","taxPaymentChannelCode":"RTL","taxProvinceCode":"ON","taxRate":[{"taxCategory":"HST","taxRate":13,"taxAmount":{"value":14.59,"unit":"CAD"}},{"taxCategory":"GST","taxRate":14,"taxAmount":{"value":15,"unit":"CAD"}},{"taxCategory":"PST","taxRate":16,"taxAmount":{"value":17.45,"unit":"CAD"}}]},"product":[{"productSerialNumber":"900937479125913","productSpecification":{"id":"HAPPLEI4S32GBB","categoryCode":"SMARTPHONE","description":[{"locale":"EN_CA","description":"APPLE IPHONE 4S 32GB BLACK"},{"locale":"FR_CA","description":"APPLE IPHONE 4S 32GB BLACK"}],"typeCode":"DEVICE_TYPE"},"productPrice":{"price":{"dutyFreeAmount":{"value":1300,"unit":"CAD"}}},"productCharacteristic":[{"name":"USIM_ID","value":"8912239900003505056"}]}],"promotion":[{"id":"23456","perspectiveDate":"2023-01-07T00:00:00-0500"}],"productOffering":{"id":"1013546","characteristic":[{"name":"REDEEMED_OFFER_CONTEXT_CODE","value":"AOM"},{"name":"OFFER_TIER_CD","value":"1234"},{"name":"OFFER_TIER_CAP_AMT","value":"1500.0"},{"name":"DATA_COMMITMENT_IND","value":"false"},{"name":"CONTRACT_ENFORCED_PLAN_IND","value":"false"}],"perspectiveDate":"2023-01-07T00:00:00-0500","sourceSystemId":"15373"}},{"id":"","itemDuration":{"endDateTime":null,"startDateTime":"2023-01-07T00:00:00-0500","quantity":{"amount":24,"units":"MONTH"}},"itemType":"HWS","incentiveAmount":240,"installment":{"characteristic":[{"name":"INSTALLMENTS_LEFT_NUM","value":"24"},{"name":"INSTALLMENTS_APPLIED_NUM","value":"0"},{"name":"INSTALLMENTS_APPLIED_AMT","value":"0.0"}]},"termOrCondition":{"characteristic":[{"name":"MIN_RATE_PLAN_VALUE_AMT","value":"0.0"},{"name":"MIN_FEATURE_VALUE_AMT","value":"0.0"},{"name":"MIN_COMBINED_VALUE_AMT","value":"80.0"}]},"tax":{"taxPaymentMethodCode":"CA","taxPaymentMechanismCode":"TILL","taxPaymentChannelCode":"RTL","taxProvinceCode":"ON","taxRate":[{"taxCategory":"HST","taxRate":13,"taxAmount":{"value":14.59,"unit":"CAD"}},{"taxCategory":"GST","taxRate":14,"taxAmount":{"value":15,"unit":"CAD"}},{"taxCategory":"PST","taxRate":16,"taxAmount":{"value":17.45,"unit":"CAD"}}]},"product":[{"productSerialNumber":"900937479125913","productSpecification":{"id":"HAPPLEI4S32GBB","categoryCode":"SMARTPHONE","description":[{"locale":"EN_CA","description":"APPLE IPHONE 4S 32GB BLACK"},{"locale":"FR_CA","description":"APPLE IPHONE 4S 32GB BLACK"}],"typeCode":"DEVICE_TYPE"},"productPrice":{"price":{"dutyFreeAmount":{"value":1300,"unit":"CAD"}}},"productCharacteristic":[{"name":"USIM_ID","value":"8912239900003505056"}]}],"promotion":[{"id":"23456","perspectiveDate":"2023-01-07T00:00:00-0500"}],"productOffering":{"id":"1013546","characteristic":[{"name":"REDEEMED_OFFER_CONTEXT_CODE","value":"AOM"},{"name":"OFFER_TIER_CD","value":"1234"},{"name":"OFFER_TIER_CAP_AMT","value":"1500.0"},{"name":"DATA_COMMITMENT_IND","value":"false"},{"name":"CONTRACT_ENFORCED_PLAN_IND","value":"false"}],"perspectiveDate":"2023-01-07T00:00:00-0500","sourceSystemId":"15373"}}], relatedParty=[{"id":"70932000","role":"ACCOUNT","characteristic":[{"name":"BRAND_ID","value":"1"},{"name":"ACCOUNT_TYPE_CODE","value":"C"},{"name":"ACCOUNT_SUB_TYPE_CODE","value":"Q"}]},{"id":12373,"role":"ORIGINATOR","characteristic":[{"name":"TRANSACTION_ID","value":"877344"},{"name":"CHNL_ORG_ID","value":"10122167"},{"name":"SALES_REP_ID","value":"5335"}]},{"id":"8526585","role":"Subscription","characteristic":[{"name":"MARKET_PROVINCE","value":"ON"},{"name":"HOME_PROVINCE_CODE","value":"ON"},{"name":"SUBSCRIBER_NUMBER","value":"4264308681"},{"name":"COMBO_RATE_PLAN_IND","value":"true"}]}]}</td></tr></table></div><br/><br/>
<div id='messageValidation' style='background-color: silver; color: black; font-size: xx-small; border: silver 2px solid; padding: 5px;'><table><tr><td style='width:85px;'>Validation</td><td>:</td><td id='message'>Pretty Payload: {
   "agreementDuration": {
      "endDateTime": null,
      "startDateTime": 2023-01-07T00:00:00-0500,
      "quantity": {
         "amount": 24,
         "units": "MONTH"
      }
   },
   "agreementItem": [
      {
         "id": "",
         "itemDuration": {
            "endDateTime": null,
            "startDateTime": 2023-01-07T00:00:00-0500,
            "quantity": {
               "amount": 24,
               "units": "MONTH"
            }
         },
         "itemType": "HARDWARE",
         "incentiveAmount": 240,
         "installment": {
            "characteristic": [
               {
                  "name": "INSTALLMENTS_LEFT_NUM",
                  "value": "24"
               },
               {
                  "name": "INSTALLMENTS_APPLIED_NUM",
                  "value": "0"
               },
               {
                  "name": "INSTALLMENTS_APPLIED_AMT",
                  "value": "0.0"
               }
            ]
         },
         "termOrCondition": {
            "characteristic": [
               {
                  "name": "MIN_RATE_PLAN_VALUE_AMT",
                  "value": "0.0"
               },
               {
                  "name": "MIN_FEATURE_VALUE_AMT",
                  "value": "0.0"
               },
               {
                  "name": "MIN_COMBINED_VALUE_AMT",
                  "value": "80.0"
               }
            ]
         },
         "tax": {
            "taxPaymentMethodCode": "CA",
            "taxPaymentMechanismCode": "TILL",
            "taxPaymentChannelCode": "RTL",
            "taxProvinceCode": "ON",
            "taxRate": [
               {
                  "taxCategory": "HST",
                  "taxRate": 13,
                  "taxAmount": {
                     "value": 14.59,
                     "unit": "CAD"
                  }
               },
               {
                  "taxCategory": "GST",
                  "taxRate": 14,
                  "taxAmount": {
                     "value": 15,
                     "unit": "CAD"
                  }
               },
               {
                  "taxCategory": "PST",
                  "taxRate": 16,
                  "taxAmount": {
                     "value": 17.45,
                     "unit": "CAD"
                  }
               }
            ]
         },
         "product": [
            {
               "productSerialNumber": "900937479125913",
               "productSpecification": {
                  "id": "HAPPLEI4S32GBB",
                  "categoryCode": "SMARTPHONE",
                  "description": [
                     {
                        "locale": "EN_CA",
                        "description": "APPLE IPHONE 4S 32GB BLACK"
                     },
                     {
                        "locale": "FR_CA",
                        "description": "APPLE IPHONE 4S 32GB BLACK"
                     }
                  ],
                  "typeCode": "DEVICE_TYPE"
               },
               "productPrice": {
                  "price": {
                     "dutyFreeAmount": {
                        "value": 1300,
                        "unit": "CAD"
                     }
                  }
               },
               "productCharacteristic": [
                  {
                     "name": "USIM_ID",
                     "value": "8912239900003505056"
                  }
               ]
            }
         ],
         "promotion": [
            {
               "id": "23456",
               "perspectiveDate": 2023-01-07T00:00:00-0500
            }
         ],
         "productOffering": {
            "id": "1013546",
            "characteristic": [
               {
                  "name": "REDEEMED_OFFER_CONTEXT_CODE",
                  "value": "AOM"
               },
               {
                  "name": "OFFER_TIER_CD",
                  "value": "1234"
               },
               {
                  "name": "OFFER_TIER_CAP_AMT",
                  "value": "1500.0"
               },
               {
                  "name": "DATA_COMMITMENT_IND",
                  "value": "false"
               },
               {
                  "name": "CONTRACT_ENFORCED_PLAN_IND",
                  "value": "false"
               }
            ],
            "perspectiveDate": 2023-01-07T00:00:00-0500,
            "sourceSystemId": "15373"
         }
      },
      {
         "id": "",
         "itemDuration": {
            "endDateTime": null,
            "startDateTime": 2023-01-07T00:00:00-0500,
            "quantity": {
               "amount": 24,
               "units": "MONTH"
            }
         },
         "itemType": "FINANCE",
         "incentiveAmount": 240,
         "installment": {
            "installmentDuration": {
               "endDateTime": null,
               "startDateTime": 2023-01-07T00:00:00-0500,
               "quantity": {
                  "amount": 24,
                  "units": "MONTH"
               }
            },
            "characteristic": [
               {
                  "name": "INSTALLMENTS_LEFT_NUM",
                  "value": "24"
               },
               {
                  "name": "INSTALLMENTS_APPLIED_NUM",
                  "value": "0"
               },
               {
                  "name": "INSTALLMENTS_APPLIED_AMT",
                  "value": "0.0"
               }
            ]
         },
         "termOrCondition": {
            "characteristic": [
               {
                  "name": "MIN_RATE_PLAN_VALUE_AMT",
                  "value": "0.0"
               },
               {
                  "name": "MIN_FEATURE_VALUE_AMT",
                  "value": "0.0"
               },
               {
                  "name": "MIN_COMBINED_VALUE_AMT",
                  "value": "80.0"
               }
            ]
         },
    "tax": {
            "taxPaymentMethodCode": "CA",
            "taxPaymentMechanismCode": "TILL",
            "taxPaymentChannelCode": "RTL",
            "taxProvinceCode": "ON",
            "taxRate": [
               {
                  "taxCategory": "HST",
                  "taxRate": 13,
                  "taxAmount": {
                     "value": 14.59,
                     "unit": "CAD"
                  }
               },
               {
                  "taxCategory": "GST",
                  "taxRate": 14,
                  "taxAmount": {
                     "value": 15,
                     "unit": "CAD"
                  }
               },
               {
                  "taxCategory": "PST",
                  "taxRate": 16,
                  "taxAmount": {
                     "value": 17.45,
                     "unit": "CAD"
                  }
               }
            ]
         },
         "product": [
            {
               "productSerialNumber": "900937479125913",
               "productSpecification": {
                  "id": "HAPPLEI4S32GBB",
                  "categoryCode": "SMARTPHONE",
                  "description": [
                     {
                        "locale": "EN_CA",
                        "description": "APPLE IPHONE 4S 32GB BLACK"
                     },
                     {
                        "locale": "FR_CA",
                        "description": "APPLE IPHONE 4S 32GB BLACK"
                     }
                  ],
                  "typeCode": "DEVICE_TYPE"
               },
               "productPrice": {
                  "price": {
                     "dutyFreeAmount": {
                        "value": 1300,
                        "unit": "CAD"
                     }
                  }
               },
               "productCharacteristic": [
                  {
                     "name": "USIM_ID",
                     "value": "8912239900003505056"
                  }
               ]
            }
         ],
         "promotion": [
            {
               "id": "23456",
               "perspectiveDate": 2023-01-07T00:00:00-0500
            }
         ],
         "productOffering": {
            "id": "1013546",
            "characteristic": [
               {
                  "name": "REDEEMED_OFFER_CONTEXT_CODE",
                  "value": "AOM"
               },
               {
                  "name": "OFFER_TIER_CD",
                  "value": "1234"
               },
               {
                  "name": "OFFER_TIER_CAP_AMT",
                  "value": "1500.0"
               },
               {
                  "name": "DATA_COMMITMENT_IND",
                  "value": "false"
               },
               {
                  "name": "CONTRACT_ENFORCED_PLAN_IND",
                  "value": "false"
               }
            ],
            "perspectiveDate": 2023-01-07T00:00:00-0500,
            "sourceSystemId": "15373"
         }
      },
  {
         "id": "",
         "itemDuration": {
            "endDateTime": null,
            "startDateTime": 2023-01-07T00:00:00-0500,
            "quantity": {
               "amount": 24,
               "units": "MONTH"
            }
         },
         "itemType": "BIB",
         "incentiveAmount": 300,
         "installment": {
            "installmentDuration": {
               "endDateTime": null,
               "startDateTime": 2023-01-07T00:00:00-0500,
               "quantity": {
                  "amount": 24,
                  "units": "MONTH"
               }
            },
            "characteristic": [
               {
                  "name": "INSTALLMENTS_LEFT_NUM",
                  "value": "1"
               },
               {
                  "name": "INSTALLMENTS_APPLIED_NUM",
                  "value": "0"
               },
               {
                  "name": "INSTALLMENTS_APPLIED_AMT",
                  "value": "0.0"
               }
            ]
         },
         "termOrCondition": {
            "characteristic": [
               {
                  "name": "MIN_RATE_PLAN_VALUE_AMT",
                  "value": "0.0"
               },
               {
                  "name": "MIN_FEATURE_VALUE_AMT",
                  "value": "0.0"
               },
               {
                  "name": "MIN_COMBINED_VALUE_AMT",
                  "value": "80.0"
               }
            ]
         },
    "tax": {
            "taxPaymentMethodCode": "CA",
            "taxPaymentMechanismCode": "TILL",
            "taxPaymentChannelCode": "RTL",
            "taxProvinceCode": "ON",
            "taxRate": [
               {
                  "taxCategory": "HST",
                  "taxRate": 13,
                  "taxAmount": {
                     "value": 14.59,
                     "unit": "CAD"
                  }
               },
               {
                  "taxCategory": "GST",
                  "taxRate": 14,
                  "taxAmount": {
                     "value": 15,
                     "unit": "CAD"
                  }
               },
               {
                  "taxCategory": "PST",
                  "taxRate": 16,
                  "taxAmount": {
                     "value": 17.45,
                     "unit": "CAD"
                  }
               }
            ]
         },
         "product": [
            {
               "productSerialNumber": "900937479125913",
               "productSpecification": {
                  "id": "HAPPLEI4S32GBB",
                  "categoryCode": "SMARTPHONE",
                  "description": [
                     {
                        "locale": "EN_CA",
                        "description": "APPLE IPHONE 4S 32GB BLACK"
                     },
                     {
                        "locale": "FR_CA",
                        "description": "APPLE IPHONE 4S 32GB BLACK"
                     }
                  ],
                  "typeCode": "DEVICE_TYPE"
               },
               "productPrice": {
                  "price": {
                     "dutyFreeAmount": {
                        "value": 1300,
                        "unit": "CAD"
                     }
                  }
               },
               "productCharacteristic": [
                  {
                     "name": "USIM_ID",
                     "value": "8912239900003505056"
                  }
               ]
            }
         ],
         "promotion": [
            {
               "id": "23456",
               "perspectiveDate": 2023-01-07T00:00:00-0500
            }
         ],
         "productOffering": {
            "id": "1013546",
            "characteristic": [
               {
                  "name": "REDEEMED_OFFER_CONTEXT_CODE",
                  "value": "AOM"
               },
               {
                  "name": "OFFER_TIER_CD",
                  "value": "1234"
               },
               {
                  "name": "OFFER_TIER_CAP_AMT",
                  "value": "1500.0"
               },
               {
                  "name": "DATA_COMMITMENT_IND",
                  "value": "false"
               },
               {
                  "name": "CONTRACT_ENFORCED_PLAN_IND",
                  "value": "false"
               }
            ],
            "perspectiveDate": 2023-01-07T00:00:00-0500,
            "sourceSystemId": "15373"
         }
      },
  {
         "id": "",
         "itemDuration": {
            "endDateTime": null,
            "startDateTime": 2023-01-07T00:00:00-0500,
            "quantity": {
               "amount": 24,
               "units": "MONTH"
            }
         },
         "itemType": "TAB",
         "incentiveAmount": 240,
         "installment": {
            "installmentDuration": {
               "endDateTime": null,
               "startDateTime": 2023-01-07T00:00:00-0500,
               "quantity": {
                  "amount": 24,
                  "units": "MONTH"
               }
            },
            "characteristic": [
               {
                  "name": "INSTALLMENTS_LEFT_NUM",
                  "value": "24"
               },
               {
                  "name": "INSTALLMENTS_APPLIED_NUM",
                  "value": "0"
               },
               {
                  "name": "INSTALLMENTS_APPLIED_AMT",
                  "value": "0.0"
               }
            ]
         },
         "termOrCondition": {
            "characteristic": [
               {
                  "name": "MIN_RATE_PLAN_VALUE_AMT",
                  "value": "0.0"
               },
               {
                  "name": "MIN_FEATURE_VALUE_AMT",
                  "value": "0.0"
               },
               {
                  "name": "MIN_COMBINED_VALUE_AMT",
                  "value": "80.0"
               }
            ]
         },
    "tax": {
            "taxPaymentMethodCode": "CA",
            "taxPaymentMechanismCode": "TILL",
            "taxPaymentChannelCode": "RTL",
            "taxProvinceCode": "ON",
            "taxRate": [
               {
                  "taxCategory": "HST",
                  "taxRate": 13,
                  "taxAmount": {
                     "value": 14.59,
                     "unit": "CAD"
                  }
               },
               {
                  "taxCategory": "GST",
                  "taxRate": 14,
                  "taxAmount": {
                     "value": 15,
                     "unit": "CAD"
                  }
               },
               {
                  "taxCategory": "PST",
                  "taxRate": 16,
                  "taxAmount": {
                     "value": 17.45,
                     "unit": "CAD"
                  }
               }
            ]
         },
         "product": [
            {
               "productSerialNumber": "900937479125913",
               "productSpecification": {
                  "id": "HAPPLEI4S32GBB",
                  "categoryCode": "SMARTPHONE",
                  "description": [
                     {
                        "locale": "EN_CA",
                        "description": "APPLE IPHONE 4S 32GB BLACK"
                     },
                     {
                        "locale": "FR_CA",
                        "description": "APPLE IPHONE 4S 32GB BLACK"
                     }
                  ],
                  "typeCode": "DEVICE_TYPE"
               },
               "productPrice": {
                  "price": {
                     "dutyFreeAmount": {
                        "value": 1300,
                        "unit": "CAD"
                     }
                  }
               },
               "productCharacteristic": [
                  {
                     "name": "USIM_ID",
                     "value": "8912239900003505056"
                  }
               ]
            }
         ],
         "promotion": [
            {
               "id": "23456",
               "perspectiveDate": 2023-01-07T00:00:00-0500
            }
         ],
         "productOffering": {
            "id": "1013546",
            "characteristic": [
               {
                  "name": "REDEEMED_OFFER_CONTEXT_CODE",
                  "value": "AOM"
               },
               {
                  "name": "OFFER_TIER_CD",
                  "value": "1234"
               },
               {
                  "name": "OFFER_TIER_CAP_AMT",
                  "value": "1500.0"
               },
               {
                  "name": "DATA_COMMITMENT_IND",
                  "value": "false"
               },
               {
                  "name": "CONTRACT_ENFORCED_PLAN_IND",
                  "value": "false"
               }
            ],
            "perspectiveDate": 2023-01-07T00:00:00-0500,
            "sourceSystemId": "15373"
         }
      },
  {
         "id": "",
         "itemDuration": {
            "endDateTime": null,
            "startDateTime": 2023-01-07T00:00:00-0500,
            "quantity": {
               "amount": 24,
               "units": "MONTH"
            }
         },
         "itemType": "HWS",
         "incentiveAmount": 240,
         "installment": {
            "characteristic": [
               {
                  "name": "INSTALLMENTS_LEFT_NUM",
                  "value": "24"
               },
               {
                  "name": "INSTALLMENTS_APPLIED_NUM",
                  "value": "0"
               },
               {
                  "name": "INSTALLMENTS_APPLIED_AMT",
                  "value": "0.0"
               }
            ]
         },
         "termOrCondition": {
            "characteristic": [
               {
                  "name": "MIN_RATE_PLAN_VALUE_AMT",
                  "value": "0.0"
               },
               {
                  "name": "MIN_FEATURE_VALUE_AMT",
                  "value": "0.0"
               },
               {
                  "name": "MIN_COMBINED_VALUE_AMT",
                  "value": "80.0"
               }
            ]
         },
         "tax": {
            "taxPaymentMethodCode": "CA",
            "taxPaymentMechanismCode": "TILL",
            "taxPaymentChannelCode": "RTL",
            "taxProvinceCode": "ON",
            "taxRate": [
               {
                  "taxCategory": "HST",
                  "taxRate": 13,
                  "taxAmount": {
                     "value": 14.59,
                     "unit": "CAD"
                  }
               },
               {
                  "taxCategory": "GST",
                  "taxRate": 14,
                  "taxAmount": {
                     "value": 15,
                     "unit": "CAD"
                  }
               },
               {
                  "taxCategory": "PST",
                  "taxRate": 16,
                  "taxAmount": {
                     "value": 17.45,
                     "unit": "CAD"
                  }
               }
            ]
         },
         "product": [
            {
               "productSerialNumber": "900937479125913",
               "productSpecification": {
                  "id": "HAPPLEI4S32GBB",
                  "categoryCode": "SMARTPHONE",
                  "description": [
                     {
                        "locale": "EN_CA",
                        "description": "APPLE IPHONE 4S 32GB BLACK"
                     },
                     {
                        "locale": "FR_CA",
                        "description": "APPLE IPHONE 4S 32GB BLACK"
                     }
                  ],
                  "typeCode": "DEVICE_TYPE"
               },
               "productPrice": {
                  "price": {
                     "dutyFreeAmount": {
                        "value": 1300,
                        "unit": "CAD"
                     }
                  }
               },
               "productCharacteristic": [
                  {
                     "name": "USIM_ID",
                     "value": "8912239900003505056"
                  }
               ]
            }
         ],
         "promotion": [
            {
               "id": "23456",
               "perspectiveDate": 2023-01-07T00:00:00-0500
            }
         ],
         "productOffering": {
            "id": "1013546",
            "characteristic": [
               {
                  "name": "REDEEMED_OFFER_CONTEXT_CODE",
                  "value": "AOM"
               },
               {
                  "name": "OFFER_TIER_CD",
                  "value": "1234"
               },
               {
                  "name": "OFFER_TIER_CAP_AMT",
                  "value": "1500.0"
               },
               {
                  "name": "DATA_COMMITMENT_IND",
                  "value": "false"
               },
               {
                  "name": "CONTRACT_ENFORCED_PLAN_IND",
                  "value": "false"
               }
            ],
            "perspectiveDate": 2023-01-07T00:00:00-0500,
            "sourceSystemId": "15373"
         }
      }
   ],
   "relatedParty": [
      {
         "id": 70932000,
         "role": "ACCOUNT",
         "characteristic": [
            {
               "name": "BRAND_ID",
               "value": "1"
            },
            {
               "name": "ACCOUNT_TYPE_CODE",
               "value": "C"
            },
            {
               "name": "ACCOUNT_SUB_TYPE_CODE",
               "value": "Q"
            }
         ]
      },
      {
         "id": 12373,
         "role": "ORIGINATOR",
         "characteristic": [
            {
               "name": "TRANSACTION_ID",
               "value": "877344"
            },
            {
               "name": "CHNL_ORG_ID",
               "value": "10122167"
            },
            {
               "name": "SALES_REP_ID",
               "value": "5335"
            }
         ]
      },
      {
         "id": 8526585,
         "role": "Subscription",
         "characteristic": [
            {
               "name": "MARKET_PROVINCE",
               "value": "ON"
            },
            {
               "name": "HOME_PROVINCE_CODE",
               "value": "ON"
            },
            {
               "name": "SUBSCRIBER_NUMBER",
               "value": 4264308681
            },
            {
               "name": "COMBO_RATE_PLAN_IND",
               "value": "true"
            }
         ]
      }
   ]
}
</td></tr></table></div><br/><br/>
<div id='messageValidation' style='background-color: silver; color: black; font-size: xx-small; border: silver 2px solid; padding: 5px;'><table><tr><td style='width:85px;'>Validation</td><td>:</td><td id='message'>--------------------DB Validation Starts-----------------------</td></tr></table></div><br/><br/>
<div id='messageValidation' style='background-color: silver; color: black; font-size: xx-small; border: silver 2px solid; padding: 5px;'><table><tr><td style='width:85px;'>Validation</td><td>:</td><td id='message'>Customer Agreement ID : 45563172</td></tr></table></div><br/><br/>
<div id='messageValidation' style='background-color: silver; color: black; font-size: xx-small; border: silver 2px solid; padding: 5px;'><table><tr><td style='width:85px;'>Validation</td><td>:</td><td id='message'>Expected Value is: [2025-01-07], Actual Value From DB Column - AGREEMENT_END_DT is: [2025-01-07], VALIDATION : [SUCCESSFUL]</td></tr></table></div><br/><br/>
<div id='messageValidation' style='background-color: silver; color: black; font-size: xx-small; border: silver 2px solid; padding: 5px;'><table><tr><td style='width:85px;'>Validation</td><td>:</td><td id='message'>Expected Value is: [2023-01-07], Actual Value From DB Column - AGREEMENT_START_DT is: [2023-01-07], VALIDATION : [SUCCESSFUL]</td></tr></table></div><br/><br/>
<div id='messageValidation' style='background-color: silver; color: black; font-size: xx-small; border: silver 2px solid; padding: 5px;'><table><tr><td style='width:85px;'>Validation</td><td>:</td><td id='message'>Expected Value is: [24], Actual Value From DB Column - COMMITMENT_LENGTH_NUM is: [24], VALIDATION : [SUCCESSFUL]</td></tr></table></div><br/><br/>
<div id='messageValidation' style='background-color: silver; color: black; font-size: xx-small; border: silver 2px solid; padding: 5px;'><table><tr><td style='width:85px;'>Validation</td><td>:</td><td id='message'>Expected Value is: [70932000], Actual Value From DB Column - BAN is: [70932000], VALIDATION : [SUCCESSFUL]</td></tr></table></div><br/><br/>
<div id='messageValidation' style='background-color: silver; color: black; font-size: xx-small; border: silver 2px solid; padding: 5px;'><table><tr><td style='width:85px;'>Validation</td><td>:</td><td id='message'>Expected Value is: [1], Actual Value From DB Column - BRAND_ID is: [1], VALIDATION : [SUCCESSFUL]</td></tr></table></div><br/><br/>
<div id='messageValidation' style='background-color: silver; color: black; font-size: xx-small; border: silver 2px solid; padding: 5px;'><table><tr><td style='width:85px;'>Validation</td><td>:</td><td id='message'>Expected Value is: [C], Actual Value From DB Column - ACCOUNT_TYPE_CD is: [C], VALIDATION : [SUCCESSFUL]</td></tr></table></div><br/><br/>
<div id='messageValidation' style='background-color: silver; color: black; font-size: xx-small; border: silver 2px solid; padding: 5px;'><table><tr><td style='width:85px;'>Validation</td><td>:</td><td id='message'>Expected Value is: [Q], Actual Value From DB Column - ACCOUNT_SUBTYPE_CD is: [Q], VALIDATION : [SUCCESSFUL]</td></tr></table></div><br/><br/>
<div id='messageValidation' style='background-color: silver; color: black; font-size: xx-small; border: silver 2px solid; padding: 5px;'><table><tr><td style='width:85px;'>Validation</td><td>:</td><td id='message'>Expected Value is: [10122167], Actual Value From DB Column - CHNL_ORG_ID is: [10122167], VALIDATION : [SUCCESSFUL]</td></tr></table></div><br/><br/>
<div id='messageValidation' style='background-color: silver; color: black; font-size: xx-small; border: silver 2px solid; padding: 5px;'><table><tr><td style='width:85px;'>Validation</td><td>:</td><td id='message'>Expected Value is: [5335], Actual Value From DB Column - SALES_REP_ID is: [5335], VALIDATION : [SUCCESSFUL]</td></tr></table></div><br/><br/>
<div id='messageValidation' style='background-color: silver; color: black; font-size: xx-small; border: silver 2px solid; padding: 5px;'><table><tr><td style='width:85px;'>Validation</td><td>:</td><td id='message'>Expected Value is: [0], Actual Value From DB Column - SUBSCRIPTION_ID is: [0], VALIDATION : [SUCCESSFUL]</td></tr></table></div><br/><br/>
<div id='messageValidation' style='background-color: silver; color: black; font-size: xx-small; border: silver 2px solid; padding: 5px;'><table><tr><td style='width:85px;'>Validation</td><td>:</td><td id='message'>Expected Value is: [ON], Actual Value From DB Column - CUST_PHONE_PROV_CD is: [ON], VALIDATION : [SUCCESSFUL]</td></tr></table></div><br/><br/>
<div id='messageValidation' style='background-color: silver; color: black; font-size: xx-small; border: silver 2px solid; padding: 5px;'><table><tr><td style='width:85px;'>Validation</td><td>:</td><td id='message'>Expected Value is: [ON], Actual Value From DB Column - CUST_HOME_PROV_CD is: [ON], VALIDATION : [SUCCESSFUL]</td></tr></table></div><br/><br/>
<div id='messageValidation' style='background-color: silver; color: black; font-size: xx-small; border: silver 2px solid; padding: 5px;'><table><tr><td style='width:85px;'>Validation</td><td>:</td><td id='message'>Expected Value is: [4264308681], Actual Value From DB Column - SUBSCRIBER_NO is: [4264308681], VALIDATION : [SUCCESSFUL]</td></tr></table></div><br/><br/>
<div id='messageValidation' style='background-color: silver; color: black; font-size: xx-small; border: silver 2px solid; padding: 5px;'><table><tr><td style='width:85px;'>Validation</td><td>:</td><td id='message'>Expected Value is: [Y], Actual Value From DB Column - COMBO_RTPLN_IND is: [Y], VALIDATION : [SUCCESSFUL]</td></tr></table></div><br/><br/>
<div id='messageValidation' style='background-color: silver; color: black; font-size: xx-small; border: silver 2px solid; padding: 5px;'><table><tr><td style='width:85px;'>Validation</td><td>:</td><td id='message'>--- Agreement Item : 1 : HARDWARE---</td></tr></table></div><br/><br/>
<div id='messageValidation' style='background-color: silver; color: black; font-size: xx-small; border: silver 2px solid; padding: 5px;'><table><tr><td style='width:85px;'>Validation</td><td>:</td><td id='message'>CUST_SRVC_AGRMT_ITEM_ID Value from DB is : 48227367</td></tr></table></div><br/><br/>
<div id='messageValidation' style='background-color: silver; color: black; font-size: xx-small; border: silver 2px solid; padding: 5px;'><table><tr><td style='width:85px;'>Validation</td><td>:</td><td id='message'>Expected Value is: [2023-01-07], Actual Value From DB Column - COMMITMENT_EFF_START_DT is: [2023-01-07], VALIDATION : [SUCCESSFUL]</td></tr></table></div><br/><br/>
<div id='messageValidation' style='background-color: silver; color: black; font-size: xx-small; border: silver 2px solid; padding: 5px;'><table><tr><td style='width:85px;'>Validation</td><td>:</td><td id='message'>Expected Value is: [2025-01-07], Actual Value From DB Column - COMMITMENT_EFF_END_DT is: [2025-01-07], VALIDATION : [SUCCESSFUL]</td></tr></table></div><br/><br/>
<div id='messageValidation' style='background-color: silver; color: black; font-size: xx-small; border: silver 2px solid; padding: 5px;'><table><tr><td style='width:85px;'>Validation</td><td>:</td><td id='message'>Expected Value is: [24], Actual Value From DB Column - ORIG_COMMITMENT_LENGTH_NUM is: [24], VALIDATION : [SUCCESSFUL]</td></tr></table></div><br/><br/>
<div id='messageValidation' style='background-color: silver; color: black; font-size: xx-small; border: silver 2px solid; padding: 5px;'><table><tr><td style='width:85px;'>Validation</td><td>:</td><td id='message'>Expected Value is: [1], Actual Value From DB Column - REWARD_PROGRAM_TYP_ID is: [1], VALIDATION : [SUCCESSFUL]</td></tr></table></div><br/><br/>
<div id='messageValidation' style='background-color: silver; color: black; font-size: xx-small; border: silver 2px solid; padding: 5px;'><table><tr><td style='width:85px;'>Validation</td><td>:</td><td id='message'>Expected Value is: [240], Actual Value From DB Column - INCENTIVE_AMT is: [240], VALIDATION : [SUCCESSFUL]</td></tr></table></div><br/><br/>
<div id='messageValidation' style='background-color: silver; color: black; font-size: xx-small; border: silver 2px solid; padding: 5px;'><table><tr><td style='width:85px;'>Validation</td><td>:</td><td id='message'>Expected Value is: [0], Actual Value From DB Column - RTPLN_MIN_COMMITMENT_AMT is: [0], VALIDATION : [SUCCESSFUL]</td></tr></table></div><br/><br/>
<div id='messageValidation' style='background-color: silver; color: black; font-size: xx-small; border: silver 2px solid; padding: 5px;'><table><tr><td style='width:85px;'>Validation</td><td>:</td><td id='message'>Expected Value is: [0], Actual Value From DB Column - FEAT_MIN_COMMITMENT_AMT is: [0], VALIDATION : [SUCCESSFUL]</td></tr></table></div><br/><br/>
<div id='messageValidation' style='background-color: silver; color: black; font-size: xx-small; border: silver 2px solid; padding: 5px;'><table><tr><td style='width:85px;'>Validation</td><td>:</td><td id='message'>Expected Value is: [80], Actual Value From DB Column - COMB_MIN_COMMITMENT_AMT is: [80], VALIDATION : [SUCCESSFUL]</td></tr></table></div><br/><br/>
<div id='messageValidation' style='background-color: silver; color: black; font-size: xx-small; border: silver 2px solid; padding: 5px;'><table><tr><td style='width:85px;'>Validation</td><td>:</td><td id='message'>Expected Value is: [N], Actual Value From DB Column - COMMITMENT_AUTOTOPUP_IND is: [N], VALIDATION : [SUCCESSFUL]</td></tr></table></div><br/><br/>
<div id='messageValidation' style='background-color: silver; color: black; font-size: xx-small; border: silver 2px solid; padding: 5px;'><table><tr><td style='width:85px;'>Validation</td><td>:</td><td id='message'>Expected Value is: [23456], Actual Value From DB Column - REDEEMED_PROMOTION_ID is: [23456], VALIDATION : [SUCCESSFUL]</td></tr></table></div><br/><br/>
<div id='messageValidation' style='background-color: silver; color: black; font-size: xx-small; border: silver 2px solid; padding: 5px;'><table><tr><td style='width:85px;'>Validation</td><td>:</td><td id='message'>Expected Value is: [2023-01-07], Actual Value From DB Column - REDEEMED_PROMOTION_TS is: [2023-01-07], VALIDATION : [SUCCESSFUL]</td></tr></table></div><br/><br/>
<div id='messageValidation' style='background-color: silver; color: black; font-size: xx-small; border: silver 2px solid; padding: 5px;'><table><tr><td style='width:85px;'>Validation</td><td>:</td><td id='message'>Expected Value is: [900937479125913], Actual Value From DB Column - HANDSET_SERIAL_NUM is: [900937479125913], VALIDATION : [SUCCESSFUL]</td></tr></table></div><br/><br/>
<div id='messageValidation' style='background-color: silver; color: black; font-size: xx-small; border: silver 2px solid; padding: 5px;'><table><tr><td style='width:85px;'>Validation</td><td>:</td><td id='message'>Expected Value is: [1300], Actual Value From DB Column - CATALOGUE_ITEM_PRICE_AMT is: [1300], VALIDATION : [SUCCESSFUL]</td></tr></table></div><br/><br/>
<div id='messageValidation' style='background-color: silver; color: black; font-size: xx-small; border: silver 2px solid; padding: 5px;'><table><tr><td style='width:85px;'>Validation</td><td>:</td><td id='message'>Expected Value is: [8912239900003505056], Actual Value From DB Column - USIM_ID is: [8912239900003505056], VALIDATION : [SUCCESSFUL]</td></tr></table></div><br/><br/>
<div id='messageValidation' style='background-color: silver; color: black; font-size: xx-small; border: silver 2px solid; padding: 5px;'><table><tr><td style='width:85px;'>Validation</td><td>:</td><td id='message'>Expected Value is: [1013546], Actual Value From DB Column - REDEEMED_OFFER_ID is: [1013546], VALIDATION : [SUCCESSFUL]</td></tr></table></div><br/><br/>
<div id='messageValidation' style='background-color: silver; color: black; font-size: xx-small; border: silver 2px solid; padding: 5px;'><table><tr><td style='width:85px;'>Validation</td><td>:</td><td id='message'>Expected Value is: [1], Actual Value From DB Column - REDEEMED_OFFER_TYPE_ID is: [1], VALIDATION : [SUCCESSFUL]</td></tr></table></div><br/><br/>
<div id='messageValidation' style='background-color: silver; color: black; font-size: xx-small; border: silver 2px solid; padding: 5px;'><table><tr><td style='width:85px;'>Validation</td><td>:</td><td id='message'>Expected Value is: [1234], Actual Value From DB Column - REDEEMED_OFFER_TIER_CD is: [1234], VALIDATION : [SUCCESSFUL]</td></tr></table></div><br/><br/>
<div id='messageValidation' style='background-color: silver; color: black; font-size: xx-small; border: silver 2px solid; padding: 5px;'><table><tr><td style='width:85px;'>Validation</td><td>:</td><td id='message'>Expected Value is: [1500], Actual Value From DB Column - REDEEMED_OFFER_TIER_CAP_AMT is: [1500], VALIDATION : [SUCCESSFUL]</td></tr></table></div><br/><br/>
<div id='messageValidation' style='background-color: silver; color: black; font-size: xx-small; border: silver 2px solid; padding: 5px;'><table><tr><td style='width:85px;'>Validation</td><td>:</td><td id='message'>Expected Value is: [N], Actual Value From DB Column - DATA_SRVC_REQ_IND is: [N], VALIDATION : [SUCCESSFUL]</td></tr></table></div><br/><br/>
<div id='messageValidation' style='background-color: silver; color: black; font-size: xx-small; border: silver 2px solid; padding: 5px;'><table><tr><td style='width:85px;'>Validation</td><td>:</td><td id='message'>Expected Value is: [N], Actual Value From DB Column - COMB_MIN_CMITMT_DISCHRG_IND is: [N], VALIDATION : [SUCCESSFUL]</td></tr></table></div><br/><br/>
<div id='messageValidation' style='background-color: silver; color: black; font-size: xx-small; border: silver 2px solid; padding: 5px;'><table><tr><td style='width:85px;'>Validation</td><td>:</td><td id='message'>Expected Value is: [2023-01-07], Actual Value From DB Column - REDEEMED_OFFER_TS is: [2023-01-07], VALIDATION : [SUCCESSFUL]</td></tr></table></div><br/><br/>
<div id='messageValidation' style='background-color: silver; color: black; font-size: xx-small; border: silver 2px solid; padding: 5px;'><table><tr><td style='width:85px;'>Validation</td><td>:</td><td id='message'>Expected Value is: [15373], Actual Value From DB Column - REDEEMED_OFFER_SYS_ID is: [15373], VALIDATION : [SUCCESSFUL]</td></tr></table></div><br/><br/>
<div id='messageValidation' style='background-color: silver; color: black; font-size: xx-small; border: silver 2px solid; padding: 5px;'><table><tr><td style='width:85px;'>Validation</td><td>:</td><td id='message'>--- Agreement Item : 2 : FINANCE---</td></tr></table></div><br/><br/>
<div id='messageValidation' style='background-color: silver; color: black; font-size: xx-small; border: silver 2px solid; padding: 5px;'><table><tr><td style='width:85px;'>Validation</td><td>:</td><td id='message'>CUST_SRVC_AGRMT_ITEM_ID Value from DB is : 48227368</td></tr></table></div><br/><br/>
<div id='messageValidation' style='background-color: silver; color: black; font-size: xx-small; border: silver 2px solid; padding: 5px;'><table><tr><td style='width:85px;'>Validation</td><td>:</td><td id='message'>Expected Value is: [2023-01-07], Actual Value From DB Column - COMMITMENT_EFF_START_DT is: [2023-01-07], VALIDATION : [SUCCESSFUL]</td></tr></table></div><br/><br/>
<div id='messageValidation' style='background-color: silver; color: black; font-size: xx-small; border: silver 2px solid; padding: 5px;'><table><tr><td style='width:85px;'>Validation</td><td>:</td><td id='message'>Expected Value is: [2025-01-07], Actual Value From DB Column - COMMITMENT_EFF_END_DT is: [2025-01-07], VALIDATION : [SUCCESSFUL]</td></tr></table></div><br/><br/>
<div id='messageValidation' style='background-color: silver; color: black; font-size: xx-small; border: silver 2px solid; padding: 5px;'><table><tr><td style='width:85px;'>Validation</td><td>:</td><td id='message'>Expected Value is: [24], Actual Value From DB Column - ORIG_COMMITMENT_LENGTH_NUM is: [24], VALIDATION : [SUCCESSFUL]</td></tr></table></div><br/><br/>
<div id='messageValidation' style='background-color: silver; color: black; font-size: xx-small; border: silver 2px solid; padding: 5px;'><table><tr><td style='width:85px;'>Validation</td><td>:</td><td id='message'>Expected Value is: [7], Actual Value From DB Column - REWARD_PROGRAM_TYP_ID is: [7], VALIDATION : [SUCCESSFUL]</td></tr></table></div><br/><br/>
<div id='messageValidation' style='background-color: silver; color: black; font-size: xx-small; border: silver 2px solid; padding: 5px;'><table><tr><td style='width:85px;'>Validation</td><td>:</td><td id='message'>Expected Value is: [240], Actual Value From DB Column - INCENTIVE_AMT is: [240], VALIDATION : [SUCCESSFUL]</td></tr></table></div><br/><br/>
<div id='messageValidation' style='background-color: silver; color: black; font-size: xx-small; border: silver 2px solid; padding: 5px;'><table><tr><td style='width:85px;'>Validation</td><td>:</td><td id='message'>Expected Value is: [2023-01-07], Actual Value From DB Column - REWARD_INSTLMNT_START_DT is: [2023-01-07], VALIDATION : [SUCCESSFUL]</td></tr></table></div><br/><br/>
<div id='messageValidation' style='background-color: silver; color: black; font-size: xx-small; border: silver 2px solid; padding: 5px;'><table><tr><td style='width:85px;'>Validation</td><td>:</td><td id='message'>Expected Value is: [2025-01-07], Actual Value From DB Column - REWARD_INSTLMNT_END_DT is: [2025-01-07], VALIDATION : [SUCCESSFUL]</td></tr></table></div><br/><br/>
<div id='messageValidation' style='background-color: silver; color: black; font-size: xx-small; border: silver 2px solid; padding: 5px;'><table><tr><td style='width:85px;'>Validation</td><td>:</td><td id='message'>Expected Value is: [24], Actual Value From DB Column - REWARD_INSTLMNT_QTY is: [24], VALIDATION : [SUCCESSFUL]</td></tr></table></div><br/><br/>
<div id='messageValidation' style='background-color: silver; color: black; font-size: xx-small; border: silver 2px solid; padding: 5px;'><table><tr><td style='width:85px;'>Validation</td><td>:</td><td id='message'>Expected Value is: [0], Actual Value From DB Column - RTPLN_MIN_COMMITMENT_AMT is: [0], VALIDATION : [SUCCESSFUL]</td></tr></table></div><br/><br/>
<div id='messageValidation' style='background-color: silver; color: black; font-size: xx-small; border: silver 2px solid; padding: 5px;'><table><tr><td style='width:85px;'>Validation</td><td>:</td><td id='message'>Expected Value is: [0], Actual Value From DB Column - FEAT_MIN_COMMITMENT_AMT is: [0], VALIDATION : [SUCCESSFUL]</td></tr></table></div><br/><br/>
<div id='messageValidation' style='background-color: silver; color: black; font-size: xx-small; border: silver 2px solid; padding: 5px;'><table><tr><td style='width:85px;'>Validation</td><td>:</td><td id='message'>Expected Value is: [80], Actual Value From DB Column - COMB_MIN_COMMITMENT_AMT is: [80], VALIDATION : [SUCCESSFUL]</td></tr></table></div><br/><br/>
<div id='messageValidation' style='background-color: silver; color: black; font-size: xx-small; border: silver 2px solid; padding: 5px;'><table><tr><td style='width:85px;'>Validation</td><td>:</td><td id='message'>Expected Value is: [N], Actual Value From DB Column - COMMITMENT_AUTOTOPUP_IND is: [N], VALIDATION : [SUCCESSFUL]</td></tr></table></div><br/><br/>
<div id='messageValidation' style='background-color: silver; color: black; font-size: xx-small; border: silver 2px solid; padding: 5px;'><table><tr><td style='width:85px;'>Validation</td><td>:</td><td id='message'>Expected Value is: [23456], Actual Value From DB Column - REDEEMED_PROMOTION_ID is: [23456], VALIDATION : [SUCCESSFUL]</td></tr></table></div><br/><br/>
<div id='messageValidation' style='background-color: silver; color: black; font-size: xx-small; border: silver 2px solid; padding: 5px;'><table><tr><td style='width:85px;'>Validation</td><td>:</td><td id='message'>Expected Value is: [2023-01-07], Actual Value From DB Column - REDEEMED_PROMOTION_TS is: [2023-01-07], VALIDATION : [SUCCESSFUL]</td></tr></table></div><br/><br/>
<div id='messageValidation' style='background-color: silver; color: black; font-size: xx-small; border: silver 2px solid; padding: 5px;'><table><tr><td style='width:85px;'>Validation</td><td>:</td><td id='message'>Expected Value is: [900937479125913], Actual Value From DB Column - HANDSET_SERIAL_NUM is: [900937479125913], VALIDATION : [SUCCESSFUL]</td></tr></table></div><br/><br/>
<div id='messageValidation' style='background-color: silver; color: black; font-size: xx-small; border: silver 2px solid; padding: 5px;'><table><tr><td style='width:85px;'>Validation</td><td>:</td><td id='message'>Expected Value is: [1300], Actual Value From DB Column - CATALOGUE_ITEM_PRICE_AMT is: [1300], VALIDATION : [SUCCESSFUL]</td></tr></table></div><br/><br/>
<div id='messageValidation' style='background-color: silver; color: black; font-size: xx-small; border: silver 2px solid; padding: 5px;'><table><tr><td style='width:85px;'>Validation</td><td>:</td><td id='message'>Expected Value is: [8912239900003505056], Actual Value From DB Column - USIM_ID is: [8912239900003505056], VALIDATION : [SUCCESSFUL]</td></tr></table></div><br/><br/>
<div id='messageValidation' style='background-color: silver; color: black; font-size: xx-small; border: silver 2px solid; padding: 5px;'><table><tr><td style='width:85px;'>Validation</td><td>:</td><td id='message'>Expected Value is: [1013546], Actual Value From DB Column - REDEEMED_OFFER_ID is: [1013546], VALIDATION : [SUCCESSFUL]</td></tr></table></div><br/><br/>
<div id='messageValidation' style='background-color: silver; color: black; font-size: xx-small; border: silver 2px solid; padding: 5px;'><table><tr><td style='width:85px;'>Validation</td><td>:</td><td id='message'>Expected Value is: [1], Actual Value From DB Column - REDEEMED_OFFER_TYPE_ID is: [1], VALIDATION : [SUCCESSFUL]</td></tr></table></div><br/><br/>
<div id='messageValidation' style='background-color: silver; color: black; font-size: xx-small; border: silver 2px solid; padding: 5px;'><table><tr><td style='width:85px;'>Validation</td><td>:</td><td id='message'>Expected Value is: [1234], Actual Value From DB Column - REDEEMED_OFFER_TIER_CD is: [1234], VALIDATION : [SUCCESSFUL]</td></tr></table></div><br/><br/>
<div id='messageValidation' style='background-color: silver; color: black; font-size: xx-small; border: silver 2px solid; padding: 5px;'><table><tr><td style='width:85px;'>Validation</td><td>:</td><td id='message'>Expected Value is: [1500], Actual Value From DB Column - REDEEMED_OFFER_TIER_CAP_AMT is: [1500], VALIDATION : [SUCCESSFUL]</td></tr></table></div><br/><br/>
<div id='messageValidation' style='background-color: silver; color: black; font-size: xx-small; border: silver 2px solid; padding: 5px;'><table><tr><td style='width:85px;'>Validation</td><td>:</td><td id='message'>Expected Value is: [N], Actual Value From DB Column - DATA_SRVC_REQ_IND is: [N], VALIDATION : [SUCCESSFUL]</td></tr></table></div><br/><br/>
<div id='messageValidation' style='background-color: silver; color: black; font-size: xx-small; border: silver 2px solid; padding: 5px;'><table><tr><td style='width:85px;'>Validation</td><td>:</td><td id='message'>Expected Value is: [N], Actual Value From DB Column - COMB_MIN_CMITMT_DISCHRG_IND is: [N], VALIDATION : [SUCCESSFUL]</td></tr></table></div><br/><br/>
<div id='messageValidation' style='background-color: silver; color: black; font-size: xx-small; border: silver 2px solid; padding: 5px;'><table><tr><td style='width:85px;'>Validation</td><td>:</td><td id='message'>Expected Value is: [2023-01-07], Actual Value From DB Column - REDEEMED_OFFER_TS is: [2023-01-07], VALIDATION : [SUCCESSFUL]</td></tr></table></div><br/><br/>
<div id='messageValidation' style='background-color: silver; color: black; font-size: xx-small; border: silver 2px solid; padding: 5px;'><table><tr><td style='width:85px;'>Validation</td><td>:</td><td id='message'>Expected Value is: [15373], Actual Value From DB Column - REDEEMED_OFFER_SYS_ID is: [15373], VALIDATION : [SUCCESSFUL]</td></tr></table></div><br/><br/>
<div id='messageValidation' style='background-color: silver; color: black; font-size: xx-small; border: silver 2px solid; padding: 5px;'><table><tr><td style='width:85px;'>Validation</td><td>:</td><td id='message'>--- Agreement Item : 3 : BIB---</td></tr></table></div><br/><br/>
<div id='messageValidation' style='background-color: silver; color: black; font-size: xx-small; border: silver 2px solid; padding: 5px;'><table><tr><td style='width:85px;'>Validation</td><td>:</td><td id='message'>CUST_SRVC_AGRMT_ITEM_ID Value from DB is : 48227389</td></tr></table></div><br/><br/>
<div id='messageValidation' style='background-color: silver; color: black; font-size: xx-small; border: silver 2px solid; padding: 5px;'><table><tr><td style='width:85px;'>Validation</td><td>:</td><td id='message'>Expected Value is: [2023-01-07], Actual Value From DB Column - COMMITMENT_EFF_START_DT is: [2023-01-07], VALIDATION : [SUCCESSFUL]</td></tr></table></div><br/><br/>
<div id='messageValidation' style='background-color: silver; color: black; font-size: xx-small; border: silver 2px solid; padding: 5px;'><table><tr><td style='width:85px;'>Validation</td><td>:</td><td id='message'>Expected Value is: [2025-01-07], Actual Value From DB Column - COMMITMENT_EFF_END_DT is: [2025-01-07], VALIDATION : [SUCCESSFUL]</td></tr></table></div><br/><br/>
<div id='messageValidation' style='background-color: silver; color: black; font-size: xx-small; border: silver 2px solid; padding: 5px;'><table><tr><td style='width:85px;'>Validation</td><td>:</td><td id='message'>Expected Value is: [24], Actual Value From DB Column - ORIG_COMMITMENT_LENGTH_NUM is: [24], VALIDATION : [SUCCESSFUL]</td></tr></table></div><br/><br/>
<div id='messageValidation' style='background-color: silver; color: black; font-size: xx-small; border: silver 2px solid; padding: 5px;'><table><tr><td style='width:85px;'>Validation</td><td>:</td><td id='message'>Expected Value is: [9], Actual Value From DB Column - REWARD_PROGRAM_TYP_ID is: [9], VALIDATION : [SUCCESSFUL]</td></tr></table></div><br/><br/>
<div id='messageValidation' style='background-color: silver; color: black; font-size: xx-small; border: silver 2px solid; padding: 5px;'><table><tr><td style='width:85px;'>Validation</td><td>:</td><td id='message'>Expected Value is: [300], Actual Value From DB Column - INCENTIVE_AMT is: [300], VALIDATION : [SUCCESSFUL]</td></tr></table></div><br/><br/>
<div id='messageValidation' style='background-color: silver; color: black; font-size: xx-small; border: silver 2px solid; padding: 5px;'><table><tr><td style='width:85px;'>Validation</td><td>:</td><td id='message'>TestListener.onTestFailure</td></tr></table></div><br/><br/>
<div id='messageValidation' style='background-color: silver; color: black; font-size: xx-small; border: silver 2px solid; padding: 5px;'><table><tr><td style='width:85px;'>Validation</td><td>:</td><td id='message'>Browser to be utilized: CHROME</td></tr></table></div><br/><br/>
<div id='messageValidation' style='background-color: silver; color: black; font-size: xx-small; border: silver 2px solid; padding: 5px;'><table><tr><td style='width:85px;'>Validation</td><td>:</td><td id='message'>
BROWSER will use the OPTIONS profile: P_ACCEPT_BEHAVIORS_AND_CERTIFICATES</td></tr></table></div><br/><br/>
<div id='messageValidation' style='background-color: silver; color: black; font-size: xx-small; border: silver 2px solid; padding: 5px;'><table><tr><td style='width:85px;'>Validation</td><td>:</td><td id='message'>INFO! The Driver settings are loaded using the LATEST Strategy</td></tr></table></div><br/><br/>
<div id='messageValidation' style='background-color: silver; color: black; font-size: xx-small; border: silver 2px solid; padding: 5px;'><table><tr><td style='width:85px;'>Validation</td><td>:</td><td id='message'>webDriver - Session ID saved to MAP</td></tr></table></div><br/><br/>
<div id='messageValidation' style='background-color: #D20000; color: white; font-size: xx-small; border: silver 2px solid; padding: 5px;'><table><tr><td style='width:85px;'>Validation</td><td>:</td><td id='message'> TEST FAILED: testMethod_activation failed: java.lang.AssertionError: Values are Different. Actual Value from DB Column - REWARD_INSTLMNT_START_DT is : 2025-02-06 expected [2025-02-07] but found [2025-02-06]</td></tr></table></div><br/><br/>
<div id='messageValidation' style='background-color: #D20000; color: white; font-size: xx-small; border: silver 2px solid; padding: 5px;'><table><tr><td style='width:85px;'>Validation</td><td>:</td><td id='message'>.\FailedTestsScreenshots\testMethod_activation_202212080405700.png</td></tr></table></div><br/><br/>
<div id='messageValidation' style='background-color: #D20000; color: white; font-size: xx-small; border: silver 2px solid; padding: 5px;'><table><tr><td style='width:85px;'>Validation</td><td>:</td><td id='message'>Failed Url --> Cannot Retrieve Failed Url</td></tr></table></div><br/><br/>
<div id='messageValidation' style='background-color: silver; color: black; font-size: xx-small; border: silver 2px solid; padding: 5px;'><table><tr><td style='width:85px;'>Validation</td><td>:</td><td id='message'>JIRA - Skipping Jira Update as Toggle it's false</td></tr></table></div><br/><br/>]]>
  </system-out>
</testsuite> <!-- com.telus.rcms.tests.FutureActivation.TC07_Telus_TAB_HWS_DB_DF_BIB -->
