<?xml version="1.0" encoding="UTF-8"?>
<!-- Generated by org.testng.reporters.JUnitReportReporter -->
<testsuite skipped="0" hostname="BA-000289023" name="com.telus.rcms.tests.getReturnPenaltyAdjustmentList.TC01_Telus_AF_Renewal_AF" tests="1" failures="0" timestamp="2022-12-08T05:01:38 IST" time="23.844" errors="0">
  <testcase name="testMethod_Return" time="23.844" classname="com.telus.rcms.tests.getReturnPenaltyAdjustmentList.TC01_Telus_AF_Renewal_AF"/>
  <system-out>
    <![CDATA[<div id='messageValidation' style='background-color: silver; color: black; font-size: xx-small; border: silver 2px solid; padding: 5px;'><table><tr><td style='width:85px;'>Validation</td><td>:</td><td id='message'>TestListener.createNewTestReport</td></tr></table></div><br/><br/>
<div id='messageValidation' style='background-color: silver; color: black; font-size: xx-small; border: silver 2px solid; padding: 5px;'><table><tr><td style='width:85px;'>Validation</td><td>:</td><td id='message'>GROUP_REPORT tag property :  true</td></tr></table></div><br/><br/>
<div id='messageValidation' style='background-color: silver; color: black; font-size: xx-small; border: silver 2px solid; padding: 5px;'><table><tr><td style='width:85px;'>Validation</td><td>:</td><td id='message'>TestListener.onTestStart</td></tr></table></div><br/><br/>
<div id='messageValidation' style='background-color: silver; color: black; font-size: xx-small; border: silver 2px solid; padding: 5px;'><table><tr><td style='width:85px;'>Validation</td><td>:</td><td id='message'>Automation Configuration - Environment Configured for Automation Execution [PT148]</td></tr></table></div><br/><br/>
<div id='messageValidation' style='background-color: silver; color: black; font-size: xx-small; border: silver 2px solid; padding: 5px;'><table><tr><td style='width:85px;'>Validation</td><td>:</td><td id='message'>Test Case Name : [TC01_Telus_AF_Renewal_AF]</td></tr></table></div><br/><br/>
<div id='messageValidation' style='background-color: silver; color: black; font-size: xx-small; border: silver 2px solid; padding: 5px;'><table><tr><td style='width:85px;'>Validation</td><td>:</td><td id='message'>Test Case Description : [The purpose of this test case is to verify "TC01_Telus_AF_Renewal_AF" workflow]</td></tr></table></div><br/><br/>
<div id='messageValidation' style='background-color: silver; color: black; font-size: xx-small; border: silver 2px solid; padding: 5px;'><table><tr><td style='width:85px;'>Validation</td><td>:</td><td id='message'>STEP ===== > OAuth2 API Call</td></tr></table></div><br/><br/>
<div id='messageValidation' style='background-color: silver; color: black; font-size: xx-small; border: silver 2px solid; padding: 5px;'><table><tr><td style='width:85px;'>Validation</td><td>:</td><td id='message'>API Operation status: 200</td></tr></table></div><br/><br/>
<div id='messageValidation' style='background-color: silver; color: black; font-size: xx-small; border: silver 2px solid; padding: 5px;'><table><tr><td style='width:85px;'>Validation</td><td>:</td><td id='message'>STEP ===== > OAuth2 API Call</td></tr></table></div><br/><br/>
<div id='messageValidation' style='background-color: silver; color: black; font-size: xx-small; border: silver 2px solid; padding: 5px;'><table><tr><td style='width:85px;'>Validation</td><td>:</td><td id='message'>API Operation status: 200</td></tr></table></div><br/><br/>
<div id='messageValidation' style='background-color: silver; color: black; font-size: xx-small; border: silver 2px solid; padding: 5px;'><table><tr><td style='width:85px;'>Validation</td><td>:</td><td id='message'>ACCESS_TOKEN FOR REWARD SERVICE: eyJhbGciOiJSUzI1NiIsImtpZCI6ImNhZGZhMTYyLTU2YzEtNGRiOS1hNjNmLTYwZTM3NzIwMWJkZiIsInBpLmF0bSI6IjMifQ.eyJzY29wZSI6WyIyMzUiLCIyMzMiLCIxMjUiLCI5OTIiXSwiY2xpZW50X2lkIjoiODM5ZDQ5MmEtMWQ3NC00Yjc5LThhMjgtNjJiM2EyZWE4YmZiIiwiaXNzIjoiaHR0cHM6Ly90ZWFtc3NvLWl0czA0LnRlbHVzLmNvbSIsImF1ZCI6ImtvbmciLCJpYXQiOjE2NzA0NTMyNjYsImV4cCI6MTY3MDQ1MzU2Nn0.ao46_0-wM4_9_OR4AFQWTZ3Jlv6yJ2v_9P_FtLqv5XCS8Ijca_BUIV_Gu8mUeXnmuhS_TmL2JTYakQv1z3Pj-JEs9nGAfAY6V14piNXRudYuioAUq5i5Jlh7KNp_BdtW-eJEo_gA-gjOolGZgVjqTDF2mSijGgNerBmsc54DnPjkU5v1oBjzuxrcbhMMJlXKZRjx5SBtmyZUct6akBFKqBx9AhjE36Ip0DFQqYRXhKRQEciaEyGdrg1jAyRaiNZP4c9yHPCZYwfSbMUvvB6D1idk8uzO3CbruJAXTf8aeYY7SInwRui8gD0aF2KtQSwBSwX8iinNdtEN8XZEwciCwQ</td></tr></table></div><br/><br/>
<div id='messageValidation' style='background-color: silver; color: black; font-size: xx-small; border: silver 2px solid; padding: 5px;'><table><tr><td style='width:85px;'>Validation</td><td>:</td><td id='message'>ACCESS_TOKEN FOR VIOLATION SERVICE: eyJhbGciOiJSUzI1NiIsImtpZCI6ImNhZGZhMTYyLTU2YzEtNGRiOS1hNjNmLTYwZTM3NzIwMWJkZiIsInBpLmF0bSI6IjMifQ.eyJzY29wZSI6WyIxMjciLCIxOTE0Il0sImNsaWVudF9pZCI6ImJlYWIyNjljLWU2MTgtNDE5Yy04NjBiLTc1ODVmMzE4MGQ0OCIsImlzcyI6Imh0dHBzOi8vdGVhbXNzby1pdHMwNC50ZWx1cy5jb20iLCJhdWQiOiJrb25nIiwiaWF0IjoxNjcwNDUzMjY3LCJleHAiOjE2NzA0NTM1Njd9.A1q8mLLdm5HqY5vr8LE0AKlU-ojlBE6vSAgiuHnsp55kn5KveJKq0qih9BQfqO96D2lPF5TD22sjMC-TvTlqmQfSKXBlM3cG4OanUN3dvWS6SH3S_UWP_SZ7d411vGhqewC-IgeQeOULGB5kaRoB7zC1x0UeKpe3oTQVwWWNnVe1WN7IKo8Q_3YVUKnwU5eVmwnC-fb65TnUivcHEzrMHLj0bViGA_W0Kit5hhtcoPLpPAXAhm3ffJXx1cq0IgzniX5fE6R0ulYtg7BIGXU7GtqFB3h31ivyvvDpWz0xDIBo83-qcBAKZFdg9NkbKsqe3BGch9BDZ7MMXFWk41R2Ww</td></tr></table></div><br/><br/>
<div id='messageValidation' style='background-color: silver; color: black; font-size: xx-small; border: silver 2px solid; padding: 5px;'><table><tr><td style='width:85px;'>Validation</td><td>:</td><td id='message'>API Test Env is : [it02]</td></tr></table></div><br/><br/>
<div id='messageValidation' style='background-color: silver; color: black; font-size: xx-small; border: silver 2px solid; padding: 5px;'><table><tr><td style='width:85px;'>Validation</td><td>:</td><td id='message'>------------DB connected successfully------------</td></tr></table></div><br/><br/>
<div id='messageValidation' style='background-color: silver; color: black; font-size: xx-small; border: silver 2px solid; padding: 5px;'><table><tr><td style='width:85px;'>Validation</td><td>:</td><td id='message'>Auto-Generated BAN : [70938631]</td></tr></table></div><br/><br/>
<div id='messageValidation' style='background-color: silver; color: black; font-size: xx-small; border: silver 2px solid; padding: 5px;'><table><tr><td style='width:85px;'>Validation</td><td>:</td><td id='message'>Auto-Generated SUBSCRIPTION_ID : [8521257]</td></tr></table></div><br/><br/>
<div id='messageValidation' style='background-color: silver; color: black; font-size: xx-small; border: silver 2px solid; padding: 5px;'><table><tr><td style='width:85px;'>Validation</td><td>:</td><td id='message'>Auto-Generated SUBSCRIPTION_NUMBER : [4264657907]</td></tr></table></div><br/><br/>
<div id='messageValidation' style='background-color: silver; color: black; font-size: xx-small; border: silver 2px solid; padding: 5px;'><table><tr><td style='width:85px;'>Validation</td><td>:</td><td id='message'>API Operation status: 200</td></tr></table></div><br/><br/>
<div id='messageValidation' style='background-color: silver; color: black; font-size: xx-small; border: silver 2px solid; padding: 5px;'><table><tr><td style='width:85px;'>Validation</td><td>:</td><td id='message'>API Operation Request: {agreementDuration={endDateTime=null, startDateTime=2022-12-07T00:00:00-0500, quantity={amount=24, units=MONTH}}, agreementItem=[{"id":"","itemDuration":{"endDateTime":null,"startDateTime":"2022-12-07T00:00:00-0500","quantity":{"amount":24,"units":"MONTH"}},"itemType":"ACCESSORYFINANCE","incentiveAmount":255,"installment":{"installmentDuration":{"endDateTime":null,"startDateTime":"2022-12-07T00:00:00-0500","quantity":{"amount":24,"units":"MONTH"}},"characteristic":[{"name":"INSTALLMENTS_LEFT_NUM","value":"24"},{"name":"INSTALLMENTS_APPLIED_NUM","value":"0"},{"name":"INSTALLMENTS_APPLIED_AMT","value":"0.0"}]},"termOrCondition":{"characteristic":[{"name":"MIN_RATE_PLAN_VALUE_AMT","value":"40.0"},{"name":"MIN_FEATURE_VALUE_AMT","value":"30.0"},{"name":"MIN_COMBINED_VALUE_AMT","value":"70.0"}]},"tax":{"taxPaymentMethodCode":"CA","taxPaymentMechanismCode":"TILL","taxPaymentChannelCode":"RTL","taxProvinceCode":"ON","taxRate":[{"taxCategory":"HST","taxRate":13,"taxAmount":{"value":14.59,"unit":"CAD"}}]},"product":[{"productSerialNumber":"9009375803974841","productSpecification":{"id":"CAS40302","categoryCode":"ACCESSORYFINANCE","typeCode":"DEVICE_TYPE"},"productPrice":{"price":{"dutyFreeAmount":{"value":1299,"unit":"CAD"}}},"productCharacteristic":[{"name":"USIM_ID","value":"8912239900000235601"}]}],"promotion":[{"id":"419812","perspectiveDate":"2022-12-07T00:00:00-0500"}],"productOffering":{"id":"1013546","characteristic":[{"name":"REDEEMED_OFFER_CONTEXT_CODE","value":"AOM"},{"name":"OFFER_TIER_CD","value":"9999"},{"name":"OFFER_TIER_CAP_AMT","value":"99.0"},{"name":"DATA_COMMITMENT_IND","value":"false"},{"name":"CONTRACT_ENFORCED_PLAN_IND","value":"false"}],"perspectiveDate":"2022-12-07T00:00:00-0500","sourceSystemId":"15373"},"relatedParty":[{"id":"123456","role":"EXTERNAL_REF","characteristic":[{"name":"SOURCE_SYSTEM_ID","value":"1111111"}]}]}], relatedParty=[{"id":"70938631","role":"ACCOUNT","characteristic":[{"name":"BRAND_ID","value":"1"},{"name":"ACCOUNT_TYPE_CODE","value":"C"},{"name":"ACCOUNT_SUB_TYPE_CODE","value":"Q"}]},{"id":12373,"role":"ORIGINATOR","characteristic":[{"name":"TRANSACTION_ID","value":"877344"},{"name":"CHNL_ORG_ID","value":"10122167"},{"name":"SALES_REP_ID","value":"5335"},{"name":"TEAM_MEMBER_ID","value":"78978"}]},{"id":"8521257","role":"Subscription","characteristic":[{"name":"MARKET_PROVINCE","value":"ON"},{"name":"HOME_PROVINCE_CODE","value":"ON"},{"name":"SUBSCRIBER_NUMBER","value":"4264657907"},{"name":"COMBO_RATE_PLAN_IND","value":"true"}]}]}</td></tr></table></div><br/><br/>
<div id='messageValidation' style='background-color: silver; color: black; font-size: xx-small; border: silver 2px solid; padding: 5px;'><table><tr><td style='width:85px;'>Validation</td><td>:</td><td id='message'>API Test Env is : [it02]</td></tr></table></div><br/><br/>
<div id='messageValidation' style='background-color: silver; color: black; font-size: xx-small; border: silver 2px solid; padding: 5px;'><table><tr><td style='width:85px;'>Validation</td><td>:</td><td id='message'>API Operation status: 200</td></tr></table></div><br/><br/>
<div id='messageValidation' style='background-color: silver; color: black; font-size: xx-small; border: silver 2px solid; padding: 5px;'><table><tr><td style='width:85px;'>Validation</td><td>:</td><td id='message'>API Operation Request: {agreementCreate={agreementDuration={endDateTime=null, startDateTime=2022-12-07T00:00:00-0500, quantity={amount=24, units=MONTH}}, agreementItem=[{"id":"","itemDuration":{"endDateTime":null,"startDateTime":"2022-12-07T00:00:00-0500","quantity":{"amount":24,"units":"MONTH"}},"itemType":"BIB","incentiveAmount":360,"installment":{"installmentDuration":{"endDateTime":null,"startDateTime":"2022-12-07T00:00:00-0500","quantity":{"amount":24,"units":"MONTH"}},"characteristic":[{"name":"INSTALLMENTS_LEFT_NUM","value":"1"},{"name":"INSTALLMENTS_APPLIED_NUM","value":"0"},{"name":"INSTALLMENTS_APPLIED_AMT","value":"0.0"}]},"termOrCondition":{"characteristic":[{"name":"MIN_RATE_PLAN_VALUE_AMT","value":"40.0"},{"name":"MIN_FEATURE_VALUE_AMT","value":"30.0"},{"name":"MIN_COMBINED_VALUE_AMT","value":"70.0"}]},"tax":{"taxPaymentMethodCode":"CA","taxPaymentMechanismCode":"TILL","taxPaymentChannelCode":"RTL","taxProvinceCode":"ON","taxRate":[{"taxCategory":"HST","taxRate":13,"taxAmount":{"value":14.59,"unit":"CAD"}}]},"product":[{"productSerialNumber":"9009375803974841","productSpecification":{"id":"LAIX256GBSL","categoryCode":"SMARTPHONE","typeCode":"DEVICE_TYPE"},"productPrice":{"price":{"dutyFreeAmount":{"value":1299,"unit":"CAD"}}},"productCharacteristic":[{"name":"USIM_ID","value":"8912239900000235601"}]}],"promotion":[{"id":"419812","perspectiveDate":"2022-12-07T00:00:00-0500"}],"productOffering":{"id":"1002063","characteristic":[{"name":"REDEEMED_OFFER_CONTEXT_CODE","value":"OOM"},{"name":"OFFER_TIER_CD","value":"10"},{"name":"OFFER_TIER_CAP_AMT","value":"1300.0"},{"name":"DATA_COMMITMENT_IND","value":"true"},{"name":"CONTRACT_ENFORCED_PLAN_IND","value":"true"}],"perspectiveDate":"2022-12-07T00:00:00-0500","sourceSystemId":"15373"}},{"id":"","itemDuration":{"endDateTime":null,"startDateTime":"2022-12-07T00:00:00-0500","quantity":{"amount":24,"units":"MONTH"}},"itemType":"HARDWARE","incentiveAmount":240,"installment":{"characteristic":[{"name":"INSTALLMENTS_LEFT_NUM","value":"24"},{"name":"INSTALLMENTS_APPLIED_NUM","value":"0"},{"name":"INSTALLMENTS_APPLIED_AMT","value":"0.0"}]},"termOrCondition":{"characteristic":[{"name":"MIN_RATE_PLAN_VALUE_AMT","value":"40.0"},{"name":"MIN_FEATURE_VALUE_AMT","value":"30.0"},{"name":"MIN_COMBINED_VALUE_AMT","value":"70.0"}]},"tax":{"taxPaymentMethodCode":"CA","taxPaymentMechanismCode":"TILL","taxPaymentChannelCode":"RTL","taxProvinceCode":"ON","taxRate":[{"taxCategory":"HST","taxRate":13,"taxAmount":{"value":14.59,"unit":"CAD"}}]},"product":[{"productSerialNumber":"9009375803974841","productSpecification":{"id":"LAIX256GBSL","categoryCode":"SMARTPHONE","typeCode":"DEVICE_TYPE"},"productPrice":{"price":{"dutyFreeAmount":{"value":1299,"unit":"CAD"}}},"productCharacteristic":[{"name":"USIM_ID","value":"8912239900000235601"}]}],"promotion":[{"id":"419812","perspectiveDate":"2022-12-07T00:00:00-0500"}],"productOffering":{"id":"1002063","characteristic":[{"name":"REDEEMED_OFFER_CONTEXT_CODE","value":"OOM"},{"name":"OFFER_TIER_CD","value":"10"},{"name":"OFFER_TIER_CAP_AMT","value":"1300.0"},{"name":"DATA_COMMITMENT_IND","value":"true"},{"name":"CONTRACT_ENFORCED_PLAN_IND","value":"true"}],"perspectiveDate":"2022-12-07T00:00:00-0500","sourceSystemId":"15373"}},{"id":"","itemDuration":{"endDateTime":null,"startDateTime":"2022-12-07T00:00:00-0500","quantity":{"amount":24,"units":"MONTH"}},"itemType":"FINANCE","incentiveAmount":299,"installment":{"characteristic":[{"name":"INSTALLMENTS_LEFT_NUM","value":"24"},{"name":"INSTALLMENTS_APPLIED_NUM","value":"0"},{"name":"INSTALLMENTS_APPLIED_AMT","value":"0.0"}]},"termOrCondition":{"characteristic":[{"name":"MIN_RATE_PLAN_VALUE_AMT","value":"40.0"},{"name":"MIN_FEATURE_VALUE_AMT","value":"30.0"},{"name":"MIN_COMBINED_VALUE_AMT","value":"70.0"}]},"tax":{"taxPaymentMethodCode":"CA","taxPaymentMechanismCode":"TILL","taxPaymentChannelCode":"RTL","taxProvinceCode":"ON","taxRate":[{"taxCategory":"HST","taxRate":13,"taxAmount":{"value":14.59,"unit":"CAD"}}]},"product":[{"productSerialNumber":"9009375803974841","productSpecification":{"id":"LAIX256GBSL","categoryCode":"SMARTPHONE","typeCode":"DEVICE_TYPE"},"productPrice":{"price":{"dutyFreeAmount":{"value":1299,"unit":"CAD"}}},"productCharacteristic":[{"name":"USIM_ID","value":"8912239900000235601"}]}],"promotion":[{"id":"419812","perspectiveDate":"2022-12-07T00:00:00-0500"}],"productOffering":{"id":"1002063","characteristic":[{"name":"REDEEMED_OFFER_CONTEXT_CODE","value":"OOM"},{"name":"OFFER_TIER_CD","value":"10"},{"name":"OFFER_TIER_CAP_AMT","value":"1300.0"},{"name":"DATA_COMMITMENT_IND","value":"true"},{"name":"CONTRACT_ENFORCED_PLAN_IND","value":"true"}],"perspectiveDate":"2022-12-07T00:00:00-0500","sourceSystemId":"15373"}},{"id":"","itemDuration":{"endDateTime":null,"startDateTime":"2020-04-15T00:00:00-0500","quantity":{"amount":24,"units":"MONTH"}},"incentiveServiceCode":null,"itemType":"RENEWALBILLCREDIT","incentiveAmount":300,"installment":{"installmentDuration":{"endDateTime":null,"startDateTime":null,"quantity":{"amount":24,"units":"MONTH"}},"characteristic":[{"name":"INSTALLMENTS_LEFT_NUM","value":"1"},{"name":"INSTALLMENTS_APPLIED_NUM","value":"0"},{"name":"INSTALLMENTS_APPLIED_AMT","value":"0.0"}]},"termOrCondition":{"characteristic":[{"name":"MIN_RATE_PLAN_VALUE_AMT","value":"40.0"},{"name":"MIN_FEATURE_VALUE_AMT","value":"30.0"},{"name":"MIN_COMBINED_VALUE_AMT","value":"70.0"}]},"tax":{"taxPaymentMethodCode":"CA","taxPaymentMechanismCode":"TILL","taxPaymentChannelCode":"RTL","taxProvinceCode":"ON","taxRate":[{"taxCategory":"HST","taxRate":13,"taxAmount":{"value":14.59,"unit":"CAD"}}]},"product":[{"productSerialNumber":"9009375803974841","productSpecification":{"id":"LAIX256GBSL","categoryCode":"SMARTPHONE","typeCode":"DEVICE_TYPE"},"productPrice":{"price":{"dutyFreeAmount":{"value":1299,"unit":"CAD"}}},"productCharacteristic":[{"name":"USIM_ID","value":"8912239900000235601"}]}],"promotion":[{"id":"419812","perspectiveDate":"2022-12-07T00:00:00-0500"}],"productOffering":{"id":"1002063","characteristic":[{"name":"REDEEMED_OFFER_CONTEXT_CODE","value":"OOM"},{"name":"OFFER_TIER_CD","value":"10"},{"name":"OFFER_TIER_CAP_AMT","value":"1300.0"},{"name":"DATA_COMMITMENT_IND","value":"true"},{"name":"CONTRACT_ENFORCED_PLAN_IND","value":"true"}],"perspectiveDate":"2022-12-07T00:00:00-0500","sourceSystemId":"15373"}}], relatedParty=[{"id":"70938631","role":"ACCOUNT","characteristic":[{"name":"BRAND_ID","value":"1"},{"name":"ACCOUNT_TYPE_CODE","value":"I"},{"name":"ACCOUNT_SUB_TYPE_CODE","value":"R"}]},{"id":7894914,"role":"ORIGINATOR","characteristic":[{"name":"TRANSACTION_ID","value":"1567864851"},{"name":"TEAM_MEMBER_ID","value":"156715"},{"name":"CHNL_ORG_ID","value":"C00TE00010"},{"name":"SALES_REP_ID","value":"6855"}]},{"id":"8521257","role":"SUBSCRIPTION","characteristic":[{"name":"MARKET_PROVINCE","value":"ON"},{"name":"HOME_PROVINCE_CODE","value":"ON"},{"name":"SUBSCRIBER_NUMBER","value":"4264657907"},{"name":"COMBO_RATE_PLAN_IND","value":"true"}]}]}, payment=[{"amount":{"value":"240","unit":"CAD"},"paymentMechanism":"BILL","relatedParty":[{"id":"","role":"LOYALTY_AGREEMENT_ITEM","characteristic":[{"name":"FINANCE_COMMITMENT_ITEM_ID","value":"21857"},{"name":"CHARGE_TYPE","value":"FINEPB"},{"name":"ITEM_TYPE","value":"FINANCE"}]}]}]}</td></tr></table></div><br/><br/>
<div id='messageValidation' style='background-color: silver; color: black; font-size: xx-small; border: silver 2px solid; padding: 5px;'><table><tr><td style='width:85px;'>Validation</td><td>:</td><td id='message'>API Test Env is : [it02]</td></tr></table></div><br/><br/>
<div id='messageValidation' style='background-color: silver; color: black; font-size: xx-small; border: silver 2px solid; padding: 5px;'><table><tr><td style='width:85px;'>Validation</td><td>:</td><td id='message'>API Operation status: 201</td></tr></table></div><br/><br/>
<div id='messageValidation' style='background-color: silver; color: black; font-size: xx-small; border: silver 2px solid; padding: 5px;'><table><tr><td style='width:85px;'>Validation</td><td>:</td><td id='message'>API Operation Request: {href=10b39da7-6c71-49cb-89b9-5d18945e5643, date=2022-12-07T17:47:57-0500, sla={id=ReturnAdjustment}, violation={consequence=[]}}</td></tr></table></div><br/><br/>
<div id='messageValidation' style='background-color: silver; color: black; font-size: xx-small; border: silver 2px solid; padding: 5px;'><table><tr><td style='width:85px;'>Validation</td><td>:</td><td id='message'>Pretty Payload: {href:10b39da7-6c71-49cb-89b9-5d18945e5643, date:2022-12-07T17:47:57-0500, sla:{id:ReturnAdjustment}, violation:{consequence:[]}}</td></tr></table></div><br/><br/>
<div id='messageValidation' style='background-color: silver; color: black; font-size: xx-small; border: silver 2px solid; padding: 5px;'><table><tr><td style='width:85px;'>Validation</td><td>:</td><td id='message'>Expected Value is : not null , Actual Value From HREF is: [10b39da7-6c71-49cb-89b9-5d18945e5643], VALIDATION : [SUCCESSFUL]</td></tr></table></div><br/><br/>
<div id='messageValidation' style='background-color: silver; color: black; font-size: xx-small; border: silver 2px solid; padding: 5px;'><table><tr><td style='width:85px;'>Validation</td><td>:</td><td id='message'>Expected Value is: [ReturnAdjustment], Actual Value for - SLAID is: [ReturnAdjustment], VALIDATION : [SUCCESSFUL]</td></tr></table></div><br/><br/>
<div id='messageValidation' style='background-color: silver; color: black; font-size: xx-small; border: silver 2px solid; padding: 5px;'><table><tr><td style='width:85px;'>Validation</td><td>:</td><td id='message'>Expected Value is: [2022-12-07], Actual Value From DB Column - DATE is: [2022-12-07], VALIDATION : [SUCCESSFUL]</td></tr></table></div><br/><br/>
<div id='messageValidation' style='background-color: silver; color: black; font-size: xx-small; border: silver 2px solid; padding: 5px;'><table><tr><td style='width:85px;'>Validation</td><td>:</td><td id='message'>--------------------DB Validation Completed--------------------</td></tr></table></div><br/><br/>
<div id='messageValidation' style='background-color: silver; color: black; font-size: xx-small; border: silver 2px solid; padding: 5px;'><table><tr><td style='width:85px;'>Validation</td><td>:</td><td id='message'>TestListener.onTestSuccess</td></tr></table></div><br/><br/>
<div id='messageValidation' style='background-color: silver; color: black; font-size: xx-small; border: silver 2px solid; padding: 5px;'><table><tr><td style='width:85px;'>Validation</td><td>:</td><td id='message'>JIRA - Skipping Jira Update as Toggle it's false</td></tr></table></div><br/><br/>]]>
  </system-out>
</testsuite> <!-- com.telus.rcms.tests.getReturnPenaltyAdjustmentList.TC01_Telus_AF_Renewal_AF -->
