<?xml version="1.0" encoding="UTF-8"?>
<!-- Generated by org.testng.reporters.JUnitReportReporter -->
<testsuite skipped="0" hostname="BA-000289023" name="com.telus.rcms.tests.newAdjustRewardBalance.Scenario1.TC02_Telus_DF_AF_ReturnAgreementItem" tests="1" failures="0" timestamp="2022-12-08T05:01:37 IST" time="11.216" errors="1">
  <testcase name="testMethod_Activation" time="11.216" classname="com.telus.rcms.tests.newAdjustRewardBalance.Scenario1.TC02_Telus_DF_AF_ReturnAgreementItem">
    <error type="com.intuit.karate.exception.KarateException" message="AdjustBalanceTC1.feature:14 - path: $, actual: 503, expected: 200, reason: not equal (Integer)">
      <![CDATA[com.intuit.karate.exception.KarateException: AdjustBalanceTC1.feature:14 - path: $, actual: 503, expected: 200, reason: not equal (Integer)
at âœ½.Then match apiDetailsStatus == 200 (AdjustBalanceTC1.feature:14)
]]>
    </error>
  </testcase> <!-- testMethod_Activation -->
  <system-out>
    <![CDATA[<div id='messageValidation' style='background-color: silver; color: black; font-size: xx-small; border: silver 2px solid; padding: 5px;'><table><tr><td style='width:85px;'>Validation</td><td>:</td><td id='message'>TestListener.createNewTestReport</td></tr></table></div><br/><br/>
<div id='messageValidation' style='background-color: silver; color: black; font-size: xx-small; border: silver 2px solid; padding: 5px;'><table><tr><td style='width:85px;'>Validation</td><td>:</td><td id='message'>GROUP_REPORT tag property :  true</td></tr></table></div><br/><br/>
<div id='messageValidation' style='background-color: silver; color: black; font-size: xx-small; border: silver 2px solid; padding: 5px;'><table><tr><td style='width:85px;'>Validation</td><td>:</td><td id='message'>TestListener.onTestStart</td></tr></table></div><br/><br/>
<div id='messageValidation' style='background-color: silver; color: black; font-size: xx-small; border: silver 2px solid; padding: 5px;'><table><tr><td style='width:85px;'>Validation</td><td>:</td><td id='message'>Automation Configuration - Environment Configured for Automation Execution [PT148]</td></tr></table></div><br/><br/>
<div id='messageValidation' style='background-color: silver; color: black; font-size: xx-small; border: silver 2px solid; padding: 5px;'><table><tr><td style='width:85px;'>Validation</td><td>:</td><td id='message'>Test Case Name : [TC02_Telus_DF_AF_ReturnAgreementItem]</td></tr></table></div><br/><br/>
<div id='messageValidation' style='background-color: silver; color: black; font-size: xx-small; border: silver 2px solid; padding: 5px;'><table><tr><td style='width:85px;'>Validation</td><td>:</td><td id='message'>Test Case Description : [The purpose of this test case is to verify "TC02_Telus_DF_AF_ReturnAgreementItem" workflow]</td></tr></table></div><br/><br/>
<div id='messageValidation' style='background-color: silver; color: black; font-size: xx-small; border: silver 2px solid; padding: 5px;'><table><tr><td style='width:85px;'>Validation</td><td>:</td><td id='message'>STEP ===== > OAuth2 API Call</td></tr></table></div><br/><br/>
<div id='messageValidation' style='background-color: silver; color: black; font-size: xx-small; border: silver 2px solid; padding: 5px;'><table><tr><td style='width:85px;'>Validation</td><td>:</td><td id='message'>API Operation status: 200</td></tr></table></div><br/><br/>
<div id='messageValidation' style='background-color: silver; color: black; font-size: xx-small; border: silver 2px solid; padding: 5px;'><table><tr><td style='width:85px;'>Validation</td><td>:</td><td id='message'>STEP ===== > OAuth2 API Call</td></tr></table></div><br/><br/>
<div id='messageValidation' style='background-color: silver; color: black; font-size: xx-small; border: silver 2px solid; padding: 5px;'><table><tr><td style='width:85px;'>Validation</td><td>:</td><td id='message'>API Operation status: 200</td></tr></table></div><br/><br/>
<div id='messageValidation' style='background-color: silver; color: black; font-size: xx-small; border: silver 2px solid; padding: 5px;'><table><tr><td style='width:85px;'>Validation</td><td>:</td><td id='message'>ACCESS_TOKEN: eyJhbGciOiJSUzI1NiIsImtpZCI6ImNhZGZhMTYyLTU2YzEtNGRiOS1hNjNmLTYwZTM3NzIwMWJkZiIsInBpLmF0bSI6IjMifQ.eyJzY29wZSI6WyIyMzUiLCIyMzMiLCIxMjUiLCI5OTIiXSwiY2xpZW50X2lkIjoiODM5ZDQ5MmEtMWQ3NC00Yjc5LThhMjgtNjJiM2EyZWE4YmZiIiwiaXNzIjoiaHR0cHM6Ly90ZWFtc3NvLWl0czA0LnRlbHVzLmNvbSIsImF1ZCI6ImtvbmciLCJpYXQiOjE2NzA0NTQzODcsImV4cCI6MTY3MDQ1NDY4N30.ghUWYIZvTfQdK4nQum032z8V2CJM_Z5kNbp3520zWRRnL5rgSHWOB3F3nO_fIUyjHpgQuX1LuF-u2XQLH6wUE2cbb4XehK61956mUEZNW64u2frVw2UdliwYyPmJq-tVuvWcFQKJ7dEgzoVdDXIVd-C30xZEzE8vpcaVk5aWQeXSNVSZwiwRF-CXyB5pWYZ7SrLxDhlvqD9rz-L0nFmHtpnjGnvnSx7o8cXbr5WKXuB9m7Y4kkdi7aljoMjSA9m6TYJLLy3_AF_TffQalrs91S8PQwk8XSmCe2UjyGNjm0gO9csXsuZivAqnrkKwi8fN14WcibgUKjES_OH2QhA75A</td></tr></table></div><br/><br/>
<div id='messageValidation' style='background-color: silver; color: black; font-size: xx-small; border: silver 2px solid; padding: 5px;'><table><tr><td style='width:85px;'>Validation</td><td>:</td><td id='message'>ACCESS_TOKEN: eyJhbGciOiJSUzI1NiIsImtpZCI6ImNhZGZhMTYyLTU2YzEtNGRiOS1hNjNmLTYwZTM3NzIwMWJkZiIsInBpLmF0bSI6IjMifQ.eyJzY29wZSI6WyIzNyIsIjk5MyIsIjI2NCJdLCJjbGllbnRfaWQiOiJhODEzNTg5ZC0zZDBjLTQ0ZmItYWM1NS04Y2MzNzNhZTMxYjEiLCJpc3MiOiJodHRwczovL3RlYW1zc28taXRzMDQudGVsdXMuY29tIiwiYXVkIjoia29uZyIsImlhdCI6MTY3MDQ1NDM4OSwiZXhwIjoxNjcwNDU0Njg5fQ.V1R_f_SNnkdXXwwPQhGlIweWbWHd3Om7EDiQDrDDpiwJhtawJTH_cInTjK9wTL9S_LC6FTYFj-sXveI9Hra_uTnsm1TCXq1ID2HlXT5FA_-2U2ZtNHm1AZ2KtbsjgTaSDiFHJCUT28TG52M0FJxy65ROthF8FJR9wsvgbK5brRSrHoWkPhUfrWc6zWW7xWfpGQEMXNNey7jQc4YhAKw4M9WTZw7NKVSoAupv9m79c2JZXvSVtk5avqg3OPVLkLJlJZkhu2pP-VPbTfc_v5O6O2_R7HwvAOU9hjjD6B24smNS1nvENhbwA8VZHQNOV2B7XtptothvDjunjD1OnfAU3g</td></tr></table></div><br/><br/>
<div id='messageValidation' style='background-color: silver; color: black; font-size: xx-small; border: silver 2px solid; padding: 5px;'><table><tr><td style='width:85px;'>Validation</td><td>:</td><td id='message'>API Test Env is : [it02]</td></tr></table></div><br/><br/>
<div id='messageValidation' style='background-color: silver; color: black; font-size: xx-small; border: silver 2px solid; padding: 5px;'><table><tr><td style='width:85px;'>Validation</td><td>:</td><td id='message'>------------DB connected successfully------------</td></tr></table></div><br/><br/>
<div id='messageValidation' style='background-color: silver; color: black; font-size: xx-small; border: silver 2px solid; padding: 5px;'><table><tr><td style='width:85px;'>Validation</td><td>:</td><td id='message'>Auto-Generated BAN : [70936471]</td></tr></table></div><br/><br/>
<div id='messageValidation' style='background-color: silver; color: black; font-size: xx-small; border: silver 2px solid; padding: 5px;'><table><tr><td style='width:85px;'>Validation</td><td>:</td><td id='message'>Auto-Generated SUBSCRIPTION_ID : [8528878]</td></tr></table></div><br/><br/>
<div id='messageValidation' style='background-color: silver; color: black; font-size: xx-small; border: silver 2px solid; padding: 5px;'><table><tr><td style='width:85px;'>Validation</td><td>:</td><td id='message'>Auto-Generated SUBSCRIPTION_NUMBER : [4264639787]</td></tr></table></div><br/><br/>
<div id='messageValidation' style='background-color: silver; color: black; font-size: xx-small; border: silver 2px solid; padding: 5px;'><table><tr><td style='width:85px;'>Validation</td><td>:</td><td id='message'>API Operation status: {agreementDuration={endDateTime=null, startDateTime=2022-12-07T00:00:00-0500, quantity={amount=24, units=MONTH}}, agreementItem=[{"id":"","itemDuration":{"endDateTime":null,"startDateTime":"2022-12-07T00:00:00-0500","quantity":{"amount":24,"units":"MONTH"}},"itemType":"ACCESSORYFINANCE","incentiveAmount":300,"installment":{"installmentDuration":{"endDateTime":null,"startDateTime":"2022-12-07T00:00:00-0500","quantity":{"amount":24,"units":"MONTH"}},"characteristic":[{"name":"INSTALLMENTS_LEFT_NUM","value":"24"},{"name":"INSTALLMENTS_APPLIED_NUM","value":"0"},{"name":"INSTALLMENTS_APPLIED_AMT","value":"0.0"}]},"termOrCondition":{"characteristic":[{"name":"MIN_RATE_PLAN_VALUE_AMT","value":"40.0"},{"name":"MIN_FEATURE_VALUE_AMT","value":"30.0"},{"name":"MIN_COMBINED_VALUE_AMT","value":"70.0"}]},"tax":{"taxPaymentMethodCode":"CA","taxPaymentMechanismCode":"TILL","taxPaymentChannelCode":"RTL","taxProvinceCode":"ON","taxRate":[{"taxCategory":"HST","taxRate":13,"taxAmount":{"value":14.59,"unit":"CAD"}}]},"product":[{"productSerialNumber":"9009375803974841","productSpecification":{"id":null,"categoryCode":"ACCESSORY","typeCode":"DEVICE_TYPE"},"productPrice":{"price":{"dutyFreeAmount":{"value":1299,"unit":"CAD"}}},"productCharacteristic":[{"name":"USIM_ID","value":"8912239900000235601"}]}],"promotion":[{"id":"419812","perspectiveDate":"2022-12-07T00:00:00-0500"}],"productOffering":{"id":"1013546","characteristic":[{"name":"REDEEMED_OFFER_CONTEXT_CODE","value":"AOM"},{"name":"OFFER_TIER_CD","value":"1234"},{"name":"OFFER_TIER_CAP_AMT","value":"1500.0"},{"name":"DATA_COMMITMENT_IND","value":"false"},{"name":"CONTRACT_ENFORCED_PLAN_IND","value":"false"}],"perspectiveDate":"2022-12-07T00:00:00-0500","sourceSystemId":"15373"}},{"id":"","itemDuration":{"endDateTime":null,"startDateTime":"2022-12-07T00:00:00-0500","quantity":{"amount":24,"units":"MONTH"}},"itemType":"FINANCE","incentiveAmount":500,"installment":{"installmentDuration":{"endDateTime":null,"startDateTime":"2022-12-07T00:00:00-0500","quantity":{"amount":24,"units":"MONTH"}},"characteristic":[{"name":"INSTALLMENTS_LEFT_NUM","value":"24"},{"name":"INSTALLMENTS_APPLIED_NUM","value":"0"},{"name":"INSTALLMENTS_APPLIED_AMT","value":"0.0"}]},"termOrCondition":{"characteristic":[{"name":"MIN_RATE_PLAN_VALUE_AMT","value":"40.0"},{"name":"MIN_FEATURE_VALUE_AMT","value":"30.0"},{"name":"MIN_COMBINED_VALUE_AMT","value":"70.0"}]},"tax":{"taxPaymentMethodCode":"CA","taxPaymentMechanismCode":"TILL","taxPaymentChannelCode":"RTL","taxProvinceCode":"ON","taxRate":[{"taxCategory":"HST","taxRate":13,"taxAmount":{"value":14.59,"unit":"CAD"}}]},"product":[{"productSerialNumber":"9009375803974841","productSpecification":{"id":"HAPPLE16GBW","categoryCode":"SMARTPHONE","typeCode":"DEVICE_TYPE"},"productPrice":{"price":{"dutyFreeAmount":{"value":1299,"unit":"CAD"}}},"productCharacteristic":[{"name":"USIM_ID","value":"8912239900000235601"}]}],"promotion":[{"id":"419812","perspectiveDate":"2022-12-07T00:00:00-0500"}],"productOffering":{"id":"1013546","characteristic":[{"name":"REDEEMED_OFFER_CONTEXT_CODE","value":"AOM"},{"name":"OFFER_TIER_CD","value":"1234"},{"name":"OFFER_TIER_CAP_AMT","value":"1500.0"},{"name":"DATA_COMMITMENT_IND","value":"false"},{"name":"CONTRACT_ENFORCED_PLAN_IND","value":"false"}],"perspectiveDate":"2022-12-07T00:00:00-0500","sourceSystemId":"15373"}}], relatedParty=[{"id":"70936471","role":"ACCOUNT","characteristic":[{"name":"BRAND_ID","value":"1"},{"name":"ACCOUNT_TYPE_CODE","value":"I"},{"name":"ACCOUNT_SUB_TYPE_CODE","value":"R"}]},{"id":12373,"role":"ORIGINATOR","characteristic":[{"name":"TRANSACTION_ID","value":"877344"},{"name":"CHNL_ORG_ID","value":"10122167"},{"name":"SALES_REP_ID","value":"5335"},{"name":"TEAM_MEMBER_ID","value":"78978"}]},{"id":"8528878","role":"Subscription","characteristic":[{"name":"MARKET_PROVINCE","value":"ON"},{"name":"HOME_PROVINCE_CODE","value":"ON"},{"name":"SUBSCRIBER_NUMBER","value":"4264639787"},{"name":"COMBO_RATE_PLAN_IND","value":"true"}]}]}</td></tr></table></div><br/><br/>
<div id='messageValidation' style='background-color: silver; color: black; font-size: xx-small; border: silver 2px solid; padding: 5px;'><table><tr><td style='width:85px;'>Validation</td><td>:</td><td id='message'>API Operation Request: 200</td></tr></table></div><br/><br/>
<div id='messageValidation' style='background-color: silver; color: black; font-size: xx-small; border: silver 2px solid; padding: 5px;'><table><tr><td style='width:85px;'>Validation</td><td>:</td><td id='message'>API Test Env is : [it02]</td></tr></table></div><br/><br/>
<div id='messageValidation' style='background-color: silver; color: black; font-size: xx-small; border: silver 2px solid; padding: 5px;'><table><tr><td style='width:85px;'>Validation</td><td>:</td><td id='message'>TestListener.onTestFailure</td></tr></table></div><br/><br/>
<div id='messageValidation' style='background-color: #D20000; color: white; font-size: xx-small; border: silver 2px solid; padding: 5px;'><table><tr><td style='width:85px;'>Validation</td><td>:</td><td id='message'> TEST FAILED: testMethod_Activation failed: com.intuit.karate.exception.KarateException: AdjustBalanceTC1.feature:14 - path: $, actual: 503, expected: 200, reason: not equal (Integer)</td></tr></table></div><br/><br/>
<div id='messageValidation' style='background-color: #D20000; color: white; font-size: xx-small; border: silver 2px solid; padding: 5px;'><table><tr><td style='width:85px;'>Validation</td><td>:</td><td id='message'>.\FailedTestsScreenshots\testMethod_Activation_202212080436183.png</td></tr></table></div><br/><br/>
<div id='messageValidation' style='background-color: #D20000; color: white; font-size: xx-small; border: silver 2px solid; padding: 5px;'><table><tr><td style='width:85px;'>Validation</td><td>:</td><td id='message'>Failed Url --> data:,</td></tr></table></div><br/><br/>
<div id='messageValidation' style='background-color: silver; color: black; font-size: xx-small; border: silver 2px solid; padding: 5px;'><table><tr><td style='width:85px;'>Validation</td><td>:</td><td id='message'>JIRA - Skipping Jira Update as Toggle it's false</td></tr></table></div><br/><br/>]]>
  </system-out>
</testsuite> <!-- com.telus.rcms.tests.newAdjustRewardBalance.Scenario1.TC02_Telus_DF_AF_ReturnAgreementItem -->
