<?xml version="1.0" encoding="UTF-8"?>
<!-- Generated by org.testng.reporters.JUnitReportReporter -->
<testsuite skipped="0" hostname="BA-000289023" name="com.telus.rcms.tests.getRewardAccTransactionHistory.TC12_Koodo_TAB_HWS_Renewal_TAB_HWS_Pay_Charge_partial_waive_TRADE_IN" tests="1" failures="0" timestamp="2022-10-19T21:18:59 IST" time="28.072" errors="0">
  <testcase name="testMethod_RewardAccTransHistory" time="28.072" classname="com.telus.rcms.tests.getRewardAccTransactionHistory.TC12_Koodo_TAB_HWS_Renewal_TAB_HWS_Pay_Charge_partial_waive_TRADE_IN"/>
  <system-out>
    <![CDATA[<div id='messageValidation' style='background-color: silver; color: black; font-size: xx-small; border: silver 2px solid; padding: 5px;'><table><tr><td style='width:85px;'>Validation</td><td>:</td><td id='message'>TestListener.createNewTestReport</td></tr></table></div><br/><br/>
<div id='messageValidation' style='background-color: silver; color: black; font-size: xx-small; border: silver 2px solid; padding: 5px;'><table><tr><td style='width:85px;'>Validation</td><td>:</td><td id='message'>GROUP_REPORT tag property :  true</td></tr></table></div><br/><br/>
<div id='messageValidation' style='background-color: silver; color: black; font-size: xx-small; border: silver 2px solid; padding: 5px;'><table><tr><td style='width:85px;'>Validation</td><td>:</td><td id='message'>TestListener.onTestStart</td></tr></table></div><br/><br/>
<div id='messageValidation' style='background-color: silver; color: black; font-size: xx-small; border: silver 2px solid; padding: 5px;'><table><tr><td style='width:85px;'>Validation</td><td>:</td><td id='message'>Automation Configuration - Environment Configured for Automation Execution [PT168]</td></tr></table></div><br/><br/>
<div id='messageValidation' style='background-color: silver; color: black; font-size: xx-small; border: silver 2px solid; padding: 5px;'><table><tr><td style='width:85px;'>Validation</td><td>:</td><td id='message'>Test Case Name : [TC12_Koodo_TAB_HWS_Renewal_TAB_HWS_Pay_Charge_partial_waive_TRADE_IN]</td></tr></table></div><br/><br/>
<div id='messageValidation' style='background-color: silver; color: black; font-size: xx-small; border: silver 2px solid; padding: 5px;'><table><tr><td style='width:85px;'>Validation</td><td>:</td><td id='message'>Test Case Description : [The purpose of this test case is to verify "TC12_Koodo_TAB_HWS_Renewal_TAB_HWS_Pay_Charge_partial_waive_TRADE_IN" workflow]</td></tr></table></div><br/><br/>
<div id='messageValidation' style='background-color: silver; color: black; font-size: xx-small; border: silver 2px solid; padding: 5px;'><table><tr><td style='width:85px;'>Validation</td><td>:</td><td id='message'>STEP ===== > OAuth2 API Call</td></tr></table></div><br/><br/>
<div id='messageValidation' style='background-color: silver; color: black; font-size: xx-small; border: silver 2px solid; padding: 5px;'><table><tr><td style='width:85px;'>Validation</td><td>:</td><td id='message'>API Operation status: 200</td></tr></table></div><br/><br/>
<div id='messageValidation' style='background-color: silver; color: black; font-size: xx-small; border: silver 2px solid; padding: 5px;'><table><tr><td style='width:85px;'>Validation</td><td>:</td><td id='message'>STEP ===== > OAuth2 API Call</td></tr></table></div><br/><br/>
<div id='messageValidation' style='background-color: silver; color: black; font-size: xx-small; border: silver 2px solid; padding: 5px;'><table><tr><td style='width:85px;'>Validation</td><td>:</td><td id='message'>API Operation status: 200</td></tr></table></div><br/><br/>
<div id='messageValidation' style='background-color: silver; color: black; font-size: xx-small; border: silver 2px solid; padding: 5px;'><table><tr><td style='width:85px;'>Validation</td><td>:</td><td id='message'>ACCESS_TOKEN FOR REWARD SERVICE: eyJhbGciOiJSUzI1NiIsImtpZCI6ImNhZGZhMTYyLTU2YzEtNGRiOS1hNjNmLTYwZTM3NzIwMWJkZiIsInBpLmF0bSI6IjMifQ.eyJzY29wZSI6WyIyMzUiLCIyMzMiLCIxMjUiLCI5OTIiXSwiY2xpZW50X2lkIjoiODM5ZDQ5MmEtMWQ3NC00Yjc5LThhMjgtNjJiM2EyZWE4YmZiIiwiaXNzIjoiaHR0cHM6Ly90ZWFtc3NvLWl0czA0LnRlbHVzLmNvbSIsImF1ZCI6ImtvbmciLCJpYXQiOjE2NjYxOTE0MzYsImV4cCI6MTY2NjE5MTczNn0.P1SJVu6mlpeyRf6pEMLaIRlCMyom1Zrh4O5wjvtkYSgEUoYZw5r7unZfkMHiw3hV76C3DswZrqpj2T96XG_7xOlNb9w-FMSbevR9svEuRbqW7_noU2K9wxePuHjQre831YR_SaX3cOF3j72G036bw-Epowt1iKfXRJUkiy5YK2HsKVENHAa7PfDGEMpV61K9S1LOotG31Mxzxh0lcI_rrbPzWuC1vXzHFLAHaLuoIy3TEz3_o_zlTo2cHl6hrxg_Ui8ittVMMemvBDybSlFH2yfCTwVwBpTr2sqRhVD9lfZCe6M5B1HsmcTzb1X8dPG-YABRFkEPBslCMREirD6VTA</td></tr></table></div><br/><br/>
<div id='messageValidation' style='background-color: silver; color: black; font-size: xx-small; border: silver 2px solid; padding: 5px;'><table><tr><td style='width:85px;'>Validation</td><td>:</td><td id='message'>ACCESS_TOKEN FOR VIOLATION SERVICE: eyJhbGciOiJSUzI1NiIsImtpZCI6ImNhZGZhMTYyLTU2YzEtNGRiOS1hNjNmLTYwZTM3NzIwMWJkZiIsInBpLmF0bSI6IjMifQ.eyJzY29wZSI6WyIxMjciLCIxOTE0Il0sImNsaWVudF9pZCI6ImJlYWIyNjljLWU2MTgtNDE5Yy04NjBiLTc1ODVmMzE4MGQ0OCIsImlzcyI6Imh0dHBzOi8vdGVhbXNzby1pdHMwNC50ZWx1cy5jb20iLCJhdWQiOiJrb25nIiwiaWF0IjoxNjY2MTkxNDM4LCJleHAiOjE2NjYxOTE3Mzh9.Kd70OJOdakabxI-cSiu-hvyQRLe6zBXBv-g6amza7dW1f0jTznIVLTVqXWqU4AjzXClpTn931AGoNUCLdbZluMEhwDjo9isvltZL2-raH73THc825H3Go49uuaJCeMbLJaylbffYW1lqWydzA5QwuNuutpa3Z9-XIhRHdpEzhVZHx-cYo5S6iBdOoXllnEMh4mwzJ2WJQ9CSnIo7l0Zs7NeLHXYYEUftSlEfyVWxfFcYBsb5fvCiuE65AGSEJYDGqIgKpuxUYatzlHP7eDTHxOA7LnLOeG0f3T2VFUDrD848Q7oLFrPED_dRPMUaIPcqQ8MJdBiYcS-GdyB5p_Jyzw</td></tr></table></div><br/><br/>
<div id='messageValidation' style='background-color: silver; color: black; font-size: xx-small; border: silver 2px solid; padding: 5px;'><table><tr><td style='width:85px;'>Validation</td><td>:</td><td id='message'>------------DB connected successfully------------</td></tr></table></div><br/><br/>
<div id='messageValidation' style='background-color: silver; color: black; font-size: xx-small; border: silver 2px solid; padding: 5px;'><table><tr><td style='width:85px;'>Validation</td><td>:</td><td id='message'>Auto-Generated BAN : [70937276]</td></tr></table></div><br/><br/>
<div id='messageValidation' style='background-color: silver; color: black; font-size: xx-small; border: silver 2px solid; padding: 5px;'><table><tr><td style='width:85px;'>Validation</td><td>:</td><td id='message'>Auto-Generated SUBSCRIPTION_ID : [8521214]</td></tr></table></div><br/><br/>
<div id='messageValidation' style='background-color: silver; color: black; font-size: xx-small; border: silver 2px solid; padding: 5px;'><table><tr><td style='width:85px;'>Validation</td><td>:</td><td id='message'>Auto-Generated SUBSCRIPTION_NUMBER : [4264526098]</td></tr></table></div><br/><br/>
<div id='messageValidation' style='background-color: silver; color: black; font-size: xx-small; border: silver 2px solid; padding: 5px;'><table><tr><td style='width:85px;'>Validation</td><td>:</td><td id='message'>API Operation status: 200</td></tr></table></div><br/><br/>
<div id='messageValidation' style='background-color: silver; color: black; font-size: xx-small; border: silver 2px solid; padding: 5px;'><table><tr><td style='width:85px;'>Validation</td><td>:</td><td id='message'>API Operation Request: {agreementDuration={endDateTime=null, startDateTime=2022-10-19T00:00:00-0500, quantity={amount=24, units=MONTH}}, agreementItem=[{"id":"","itemDuration":{"endDateTime":null,"startDateTime":"2022-10-19T00:00:00-0500","quantity":{"amount":24,"units":"MONTH"}},"itemType":"HWS","incentiveAmount":240,"installment":{"characteristic":[{"name":"INSTALLMENTS_LEFT_NUM","value":"24"},{"name":"INSTALLMENTS_APPLIED_NUM","value":"0"},{"name":"INSTALLMENTS_APPLIED_AMT","value":"0.0"}]},"termOrCondition":{"characteristic":[{"name":"MIN_RATE_PLAN_VALUE_AMT","value":"0.0"},{"name":"MIN_FEATURE_VALUE_AMT","value":"0.0"},{"name":"MIN_COMBINED_VALUE_AMT","value":"80.0"}]},"tax":{"taxPaymentMethodCode":"CA","taxPaymentMechanismCode":"TILL","taxPaymentChannelCode":"RTL","taxProvinceCode":"ON","taxRate":[{"taxCategory":"HST","taxRate":13,"taxAmount":{"value":14.59,"unit":"CAD"}},{"taxCategory":"GST","taxRate":14,"taxAmount":{"value":15,"unit":"CAD"}},{"taxCategory":"PST","taxRate":16,"taxAmount":{"value":17.45,"unit":"CAD"}}]},"product":[{"productSerialNumber":"900937479125913","productSpecification":{"id":"LAI6S16GBSL","categoryCode":"SMARTPHONE","description":[{"locale":"EN_CA","description":"APPLE IPHONE 4S 32GB BLACK"},{"locale":"FR_CA","description":"APPLE IPHONE 4S 32GB BLACK"}],"typeCode":"DEVICE_TYPE"},"productPrice":{"price":{"dutyFreeAmount":{"value":1300,"unit":"CAD"}}},"productCharacteristic":[{"name":"USIM_ID","value":"8912239900003505056"}]}],"promotion":[{"id":"2345","perspectiveDate":"2022-10-19T00:00:00-0500"}],"productOffering":{"id":"1013546","characteristic":[{"name":"REDEEMED_OFFER_CONTEXT_CODE","value":"AOM"},{"name":"OFFER_TIER_CD","value":"1234"},{"name":"OFFER_TIER_CAP_AMT","value":"1500.0"},{"name":"DATA_COMMITMENT_IND","value":"false"},{"name":"CONTRACT_ENFORCED_PLAN_IND","value":"false"}],"perspectiveDate":"2022-10-19T00:00:00-0500","sourceSystemId":"15373"}},{"id":"","itemDuration":{"endDateTime":null,"startDateTime":"2022-10-19T00:00:00-0500","quantity":{"amount":24,"units":"MONTH"}},"itemType":"TAB","incentiveAmount":240,"installment":{"installmentDuration":{"endDateTime":null,"startDateTime":"2022-10-19T00:00:00-0500","quantity":{"amount":24,"units":"MONTH"}},"characteristic":[{"name":"INSTALLMENTS_LEFT_NUM","value":"24"},{"name":"INSTALLMENTS_APPLIED_NUM","value":"0"},{"name":"INSTALLMENTS_APPLIED_AMT","value":"0.0"}]},"termOrCondition":{"characteristic":[{"name":"MIN_RATE_PLAN_VALUE_AMT","value":"0.0"},{"name":"MIN_FEATURE_VALUE_AMT","value":"0.0"},{"name":"MIN_COMBINED_VALUE_AMT","value":"80.0"}]},"tax":{"taxPaymentMethodCode":"CA","taxPaymentMechanismCode":"TILL","taxPaymentChannelCode":"RTL","taxProvinceCode":"ON","taxRate":[{"taxCategory":"HST","taxRate":13,"taxAmount":{"value":14.59,"unit":"CAD"}},{"taxCategory":"GST","taxRate":14,"taxAmount":{"value":15,"unit":"CAD"}},{"taxCategory":"PST","taxRate":16,"taxAmount":{"value":17.45,"unit":"CAD"}}]},"product":[{"productSerialNumber":"900937479125913","productSpecification":{"id":"LAI6S16GBSL","categoryCode":"SMARTPHONE","description":[{"locale":"EN_CA","description":"APPLE IPHONE 4S 32GB BLACK"},{"locale":"FR_CA","description":"APPLE IPHONE 4S 32GB BLACK"}],"typeCode":"DEVICE_TYPE"},"productPrice":{"price":{"dutyFreeAmount":{"value":1300,"unit":"CAD"}}},"productCharacteristic":[{"name":"USIM_ID","value":"8912239900003505056"}]}],"promotion":[{"id":"2345","perspectiveDate":"2022-10-19T00:00:00-0500"}],"productOffering":{"id":"1013546","characteristic":[{"name":"REDEEMED_OFFER_CONTEXT_CODE","value":"AOM"},{"name":"OFFER_TIER_CD","value":"1234"},{"name":"OFFER_TIER_CAP_AMT","value":"1500.0"},{"name":"DATA_COMMITMENT_IND","value":"false"},{"name":"CONTRACT_ENFORCED_PLAN_IND","value":"false"}],"perspectiveDate":"2022-10-19T00:00:00-0500","sourceSystemId":"15373"}}], relatedParty=[{"id":"70937276","role":"ACCOUNT","characteristic":[{"name":"BRAND_ID","value":"3"},{"name":"ACCOUNT_TYPE_CODE","value":"I"},{"name":"ACCOUNT_SUB_TYPE_CODE","value":"R"}]},{"id":12373,"role":"ORIGINATOR","characteristic":[{"name":"TRANSACTION_ID","value":"877344"},{"name":"CHNL_ORG_ID","value":"20479"},{"name":"SALES_REP_ID","value":"3553"}]},{"id":"8521214","role":"Subscription","characteristic":[{"name":"MARKET_PROVINCE","value":"ON"},{"name":"HOME_PROVINCE_CODE","value":"ON"},{"name":"SUBSCRIBER_NUMBER","value":"4264526098"},{"name":"COMBO_RATE_PLAN_IND","value":"true"}]}]}</td></tr></table></div><br/><br/>
<div id='messageValidation' style='background-color: silver; color: black; font-size: xx-small; border: silver 2px solid; padding: 5px;'><table><tr><td style='width:85px;'>Validation</td><td>:</td><td id='message'>API Test Env is : [it01]</td></tr></table></div><br/><br/>
<div id='messageValidation' style='background-color: silver; color: black; font-size: xx-small; border: silver 2px solid; padding: 5px;'><table><tr><td style='width:85px;'>Validation</td><td>:</td><td id='message'>API Operation status: 500</td></tr></table></div><br/><br/>
<div id='messageValidation' style='background-color: silver; color: black; font-size: xx-small; border: silver 2px solid; padding: 5px;'><table><tr><td style='width:85px;'>Validation</td><td>:</td><td id='message'>API Operation Request: {code=BACKEND_BUSINESS_FAILURE, message=com.telus.wsdl.cmo.contactmgmt.rewardservice_4.ServiceException : Invalid Request: Charge 300.0 does not equal to the HWS balance of 230.0}</td></tr></table></div><br/><br/>
<div id='messageValidation' style='background-color: silver; color: black; font-size: xx-small; border: silver 2px solid; padding: 5px;'><table><tr><td style='width:85px;'>Validation</td><td>:</td><td id='message'>API Test Env is : [it01]</td></tr></table></div><br/><br/>
<div id='messageValidation' style='background-color: silver; color: black; font-size: xx-small; border: silver 2px solid; padding: 5px;'><table><tr><td style='width:85px;'>Validation</td><td>:</td><td id='message'>API Operation status: 201</td></tr></table></div><br/><br/>
<div id='messageValidation' style='background-color: silver; color: black; font-size: xx-small; border: silver 2px solid; padding: 5px;'><table><tr><td style='width:85px;'>Validation</td><td>:</td><td id='message'>API Operation Request: {href=5a981090-685d-4b38-8569-fd64e757149f, date=2022-10-19T10:57:39-0400, sla={id=ReturnAdjustment}, violation={consequence=[]}}</td></tr></table></div><br/><br/>
<div id='messageValidation' style='background-color: silver; color: black; font-size: xx-small; border: silver 2px solid; padding: 5px;'><table><tr><td style='width:85px;'>Validation</td><td>:</td><td id='message'>Pretty Payload: {href:5a981090-685d-4b38-8569-fd64e757149f, date:2022-10-19T10:57:39-0400, sla:{id:ReturnAdjustment}, violation:{consequence:[]}}</td></tr></table></div><br/><br/>
<div id='messageValidation' style='background-color: silver; color: black; font-size: xx-small; border: silver 2px solid; padding: 5px;'><table><tr><td style='width:85px;'>Validation</td><td>:</td><td id='message'>Expected Value is : not null , Actual Value From HREF is: [5a981090-685d-4b38-8569-fd64e757149f], VALIDATION : [SUCCESSFUL]</td></tr></table></div><br/><br/>
<div id='messageValidation' style='background-color: silver; color: black; font-size: xx-small; border: silver 2px solid; padding: 5px;'><table><tr><td style='width:85px;'>Validation</td><td>:</td><td id='message'>Expected Value is: [ReturnAdjustment], Actual Value for - SLAID is: [ReturnAdjustment], VALIDATION : [SUCCESSFUL]</td></tr></table></div><br/><br/>
<div id='messageValidation' style='background-color: silver; color: black; font-size: xx-small; border: silver 2px solid; padding: 5px;'><table><tr><td style='width:85px;'>Validation</td><td>:</td><td id='message'>Expected Value is: [2022-10-19], Actual Value From DB Column - DATE is: [2022-10-19], VALIDATION : [SUCCESSFUL]</td></tr></table></div><br/><br/>
<div id='messageValidation' style='background-color: silver; color: black; font-size: xx-small; border: silver 2px solid; padding: 5px;'><table><tr><td style='width:85px;'>Validation</td><td>:</td><td id='message'>--------------------DB Validation Completed--------------------</td></tr></table></div><br/><br/>
<div id='messageValidation' style='background-color: silver; color: black; font-size: xx-small; border: silver 2px solid; padding: 5px;'><table><tr><td style='width:85px;'>Validation</td><td>:</td><td id='message'>TestListener.onTestSuccess</td></tr></table></div><br/><br/>
<div id='messageValidation' style='background-color: silver; color: black; font-size: xx-small; border: silver 2px solid; padding: 5px;'><table><tr><td style='width:85px;'>Validation</td><td>:</td><td id='message'>JIRA - Skipping Jira Update as Toggle it's false</td></tr></table></div><br/><br/>]]>
  </system-out>
</testsuite> <!-- com.telus.rcms.tests.getRewardAccTransactionHistory.TC12_Koodo_TAB_HWS_Renewal_TAB_HWS_Pay_Charge_partial_waive_TRADE_IN -->
