<?xml version="1.0" encoding="UTF-8"?>
<!-- Generated by org.testng.reporters.JUnitReportReporter -->
<testsuite skipped="0" hostname="BA-000289023" name="com.telus.rcms.tests.newAdjustRewardBalance.Scenario1.TC07_Telus_DF_AF_adjustBalance_ReturnAgreement" tests="1" failures="0" timestamp="2022-12-08T05:01:38 IST" time="24.953" errors="1">
  <testcase name="testMethod_Activation" time="24.953" classname="com.telus.rcms.tests.newAdjustRewardBalance.Scenario1.TC07_Telus_DF_AF_adjustBalance_ReturnAgreement">
    <error type="com.intuit.karate.exception.KarateException" message="AdjustBalanceRestoreReturnTC5.feature:13 - path: $, actual: 500, expected: 200, reason: not equal (Integer)">
      <![CDATA[com.intuit.karate.exception.KarateException: AdjustBalanceRestoreReturnTC5.feature:13 - path: $, actual: 500, expected: 200, reason: not equal (Integer)
at âœ½.Then match apiDetailsStatus == 200 (AdjustBalanceRestoreReturnTC5.feature:13)
]]>
    </error>
  </testcase> <!-- testMethod_Activation -->
  <system-out>
    <![CDATA[<div id='messageValidation' style='background-color: silver; color: black; font-size: xx-small; border: silver 2px solid; padding: 5px;'><table><tr><td style='width:85px;'>Validation</td><td>:</td><td id='message'>TestListener.createNewTestReport</td></tr></table></div><br/><br/>
<div id='messageValidation' style='background-color: silver; color: black; font-size: xx-small; border: silver 2px solid; padding: 5px;'><table><tr><td style='width:85px;'>Validation</td><td>:</td><td id='message'>GROUP_REPORT tag property :  true</td></tr></table></div><br/><br/>
<div id='messageValidation' style='background-color: silver; color: black; font-size: xx-small; border: silver 2px solid; padding: 5px;'><table><tr><td style='width:85px;'>Validation</td><td>:</td><td id='message'>TestListener.onTestStart</td></tr></table></div><br/><br/>
<div id='messageValidation' style='background-color: silver; color: black; font-size: xx-small; border: silver 2px solid; padding: 5px;'><table><tr><td style='width:85px;'>Validation</td><td>:</td><td id='message'>Automation Configuration - Environment Configured for Automation Execution [PT148]</td></tr></table></div><br/><br/>
<div id='messageValidation' style='background-color: silver; color: black; font-size: xx-small; border: silver 2px solid; padding: 5px;'><table><tr><td style='width:85px;'>Validation</td><td>:</td><td id='message'>Test Case Name : [TC07_Telus_DF_AF_adjustBalance_ReturnAgreement]</td></tr></table></div><br/><br/>
<div id='messageValidation' style='background-color: silver; color: black; font-size: xx-small; border: silver 2px solid; padding: 5px;'><table><tr><td style='width:85px;'>Validation</td><td>:</td><td id='message'>Test Case Description : [The purpose of this test case is to verify "TC07_Telus_DF_AF_adjustBalance_ReturnAgreement" workflow]</td></tr></table></div><br/><br/>
<div id='messageValidation' style='background-color: silver; color: black; font-size: xx-small; border: silver 2px solid; padding: 5px;'><table><tr><td style='width:85px;'>Validation</td><td>:</td><td id='message'>STEP ===== > OAuth2 API Call</td></tr></table></div><br/><br/>
<div id='messageValidation' style='background-color: silver; color: black; font-size: xx-small; border: silver 2px solid; padding: 5px;'><table><tr><td style='width:85px;'>Validation</td><td>:</td><td id='message'>API Operation status: 200</td></tr></table></div><br/><br/>
<div id='messageValidation' style='background-color: silver; color: black; font-size: xx-small; border: silver 2px solid; padding: 5px;'><table><tr><td style='width:85px;'>Validation</td><td>:</td><td id='message'>STEP ===== > OAuth2 API Call</td></tr></table></div><br/><br/>
<div id='messageValidation' style='background-color: silver; color: black; font-size: xx-small; border: silver 2px solid; padding: 5px;'><table><tr><td style='width:85px;'>Validation</td><td>:</td><td id='message'>API Operation status: 200</td></tr></table></div><br/><br/>
<div id='messageValidation' style='background-color: silver; color: black; font-size: xx-small; border: silver 2px solid; padding: 5px;'><table><tr><td style='width:85px;'>Validation</td><td>:</td><td id='message'>ACCESS_TOKEN: eyJhbGciOiJSUzI1NiIsImtpZCI6ImNhZGZhMTYyLTU2YzEtNGRiOS1hNjNmLTYwZTM3NzIwMWJkZiIsInBpLmF0bSI6IjMifQ.eyJzY29wZSI6WyIyMzUiLCIyMzMiLCIxMjUiLCI5OTIiXSwiY2xpZW50X2lkIjoiODM5ZDQ5MmEtMWQ3NC00Yjc5LThhMjgtNjJiM2EyZWE4YmZiIiwiaXNzIjoiaHR0cHM6Ly90ZWFtc3NvLWl0czA0LnRlbHVzLmNvbSIsImF1ZCI6ImtvbmciLCJpYXQiOjE2NzA0NTQ0NTcsImV4cCI6MTY3MDQ1NDc1N30.hN5qCUoTrmTKwbbkYfYyv5KxJVnrgmM1dNXEfVQEUm2BnIBXohXLRmCU0eYX1KUK0k8zwfLbMANVVMWJmsLTDBol-reOc9IaDdu9lAktRAhVvRVGyDQl70MtdNJYAFCtnALTnerA1HnX73o6Iv2K1yhLkM5163vdXYdFrURZTwTukaEYO0WMth0EJrXoMhH7kxEI0GTxpFKIuDH17fGXEY03EteU-YQgiNZ1tuB0pwcgLyShomXsX29tAMGThJpPeMO3w_yGkdPtvsqXy8p4WfXvzzX8bV69wY9kCU5kekw5IfRrIxQcCQIcfgNUyrJOGTreqnofa7Bkk3n0_LGWgg</td></tr></table></div><br/><br/>
<div id='messageValidation' style='background-color: silver; color: black; font-size: xx-small; border: silver 2px solid; padding: 5px;'><table><tr><td style='width:85px;'>Validation</td><td>:</td><td id='message'>ACCESS_TOKEN: eyJhbGciOiJSUzI1NiIsImtpZCI6ImNhZGZhMTYyLTU2YzEtNGRiOS1hNjNmLTYwZTM3NzIwMWJkZiIsInBpLmF0bSI6IjMifQ.eyJzY29wZSI6WyIzNyIsIjk5MyIsIjI2NCJdLCJjbGllbnRfaWQiOiJhODEzNTg5ZC0zZDBjLTQ0ZmItYWM1NS04Y2MzNzNhZTMxYjEiLCJpc3MiOiJodHRwczovL3RlYW1zc28taXRzMDQudGVsdXMuY29tIiwiYXVkIjoia29uZyIsImlhdCI6MTY3MDQ1NDQ1OSwiZXhwIjoxNjcwNDU0NzU5fQ.HV-PHFe8C0Bz4wR6UTsuQBrBoa-QEp3o05mgV1kgJqhrFEyOWOViczPHQf5JsPZhnZCMihbkKL2Ze60FU8jjGQDc1ds2eFlwneFkB-cNgWu-U2W_UZHbOlwLyR3asrE5LzKJuPVyfRZLU1RXzqclUbD0g7t4ut4JjRVZDNA7UG5vGfTm-AnUar-K_4gPnrtOFzDSh9InPQ70bZtR9bECL5BNkXauaWdaDGA8GMeSH1HsLy19_wFA5UNAWmB8wTeae9gQVxKn6b1bnkx8TvYX1Uk2yw1NfZp_DFkCqRfLW8nMAPjcPw5GJVxUNc8ECkQ0ghhVGmcX5oSpswEd-2jqQQ</td></tr></table></div><br/><br/>
<div id='messageValidation' style='background-color: silver; color: black; font-size: xx-small; border: silver 2px solid; padding: 5px;'><table><tr><td style='width:85px;'>Validation</td><td>:</td><td id='message'>API Test Env is : [it02]</td></tr></table></div><br/><br/>
<div id='messageValidation' style='background-color: silver; color: black; font-size: xx-small; border: silver 2px solid; padding: 5px;'><table><tr><td style='width:85px;'>Validation</td><td>:</td><td id='message'>------------DB connected successfully------------</td></tr></table></div><br/><br/>
<div id='messageValidation' style='background-color: silver; color: black; font-size: xx-small; border: silver 2px solid; padding: 5px;'><table><tr><td style='width:85px;'>Validation</td><td>:</td><td id='message'>Auto-Generated BAN : [70931957]</td></tr></table></div><br/><br/>
<div id='messageValidation' style='background-color: silver; color: black; font-size: xx-small; border: silver 2px solid; padding: 5px;'><table><tr><td style='width:85px;'>Validation</td><td>:</td><td id='message'>Auto-Generated SUBSCRIPTION_ID : [8522676]</td></tr></table></div><br/><br/>
<div id='messageValidation' style='background-color: silver; color: black; font-size: xx-small; border: silver 2px solid; padding: 5px;'><table><tr><td style='width:85px;'>Validation</td><td>:</td><td id='message'>Auto-Generated SUBSCRIPTION_NUMBER : [4264688561]</td></tr></table></div><br/><br/>
<div id='messageValidation' style='background-color: silver; color: black; font-size: xx-small; border: silver 2px solid; padding: 5px;'><table><tr><td style='width:85px;'>Validation</td><td>:</td><td id='message'>API Operation status: {agreementDuration={endDateTime=null, startDateTime=2022-12-07T00:00:00-0500, quantity={amount=24, units=MONTH}}, agreementItem=[{"id":"","itemDuration":{"endDateTime":null,"startDateTime":"2022-12-07T00:00:00-0500","quantity":{"amount":24,"units":"MONTH"}},"itemType":"ACCESSORYFINANCE","incentiveAmount":300,"installment":{"installmentDuration":{"endDateTime":null,"startDateTime":"2022-12-07T00:00:00-0500","quantity":{"amount":24,"units":"MONTH"}},"characteristic":[{"name":"INSTALLMENTS_LEFT_NUM","value":"24"},{"name":"INSTALLMENTS_APPLIED_NUM","value":"0"},{"name":"INSTALLMENTS_APPLIED_AMT","value":"0.0"}]},"termOrCondition":{"characteristic":[{"name":"MIN_RATE_PLAN_VALUE_AMT","value":"40.0"},{"name":"MIN_FEATURE_VALUE_AMT","value":"30.0"},{"name":"MIN_COMBINED_VALUE_AMT","value":"70.0"}]},"tax":{"taxPaymentMethodCode":"CA","taxPaymentMechanismCode":"TILL","taxPaymentChannelCode":"RTL","taxProvinceCode":"ON","taxRate":[{"taxCategory":"HST","taxRate":13,"taxAmount":{"value":14.59,"unit":"CAD"}}]},"product":[{"productSerialNumber":"9009375803974841","productSpecification":{"id":null,"categoryCode":"ACCESSORY","typeCode":"DEVICE_TYPE"},"productPrice":{"price":{"dutyFreeAmount":{"value":1299,"unit":"CAD"}}},"productCharacteristic":[{"name":"USIM_ID","value":"8912239900000235601"}]}],"promotion":[{"id":"419812","perspectiveDate":"2022-12-07T00:00:00-0500"}],"productOffering":{"id":"1013546","characteristic":[{"name":"REDEEMED_OFFER_CONTEXT_CODE","value":"AOM"},{"name":"OFFER_TIER_CD","value":"1234"},{"name":"OFFER_TIER_CAP_AMT","value":"1500.0"},{"name":"DATA_COMMITMENT_IND","value":"false"},{"name":"CONTRACT_ENFORCED_PLAN_IND","value":"false"}],"perspectiveDate":"2022-12-07T00:00:00-0500","sourceSystemId":"15373"}},{"id":"","itemDuration":{"endDateTime":null,"startDateTime":"2022-12-07T00:00:00-0500","quantity":{"amount":24,"units":"MONTH"}},"itemType":"FINANCE","incentiveAmount":500,"installment":{"installmentDuration":{"endDateTime":null,"startDateTime":"2022-12-07T00:00:00-0500","quantity":{"amount":24,"units":"MONTH"}},"characteristic":[{"name":"INSTALLMENTS_LEFT_NUM","value":"24"},{"name":"INSTALLMENTS_APPLIED_NUM","value":"0"},{"name":"INSTALLMENTS_APPLIED_AMT","value":"0.0"}]},"termOrCondition":{"characteristic":[{"name":"MIN_RATE_PLAN_VALUE_AMT","value":"40.0"},{"name":"MIN_FEATURE_VALUE_AMT","value":"30.0"},{"name":"MIN_COMBINED_VALUE_AMT","value":"70.0"}]},"tax":{"taxPaymentMethodCode":"CA","taxPaymentMechanismCode":"TILL","taxPaymentChannelCode":"RTL","taxProvinceCode":"ON","taxRate":[{"taxCategory":"HST","taxRate":13,"taxAmount":{"value":14.59,"unit":"CAD"}}]},"product":[{"productSerialNumber":"9009375803974841","productSpecification":{"id":"HAPPLE16GBW","categoryCode":"SMARTPHONE","typeCode":"DEVICE_TYPE"},"productPrice":{"price":{"dutyFreeAmount":{"value":1299,"unit":"CAD"}}},"productCharacteristic":[{"name":"USIM_ID","value":"8912239900000235601"}]}],"promotion":[{"id":"419812","perspectiveDate":"2022-12-07T00:00:00-0500"}],"productOffering":{"id":"1013546","characteristic":[{"name":"REDEEMED_OFFER_CONTEXT_CODE","value":"AOM"},{"name":"OFFER_TIER_CD","value":"1234"},{"name":"OFFER_TIER_CAP_AMT","value":"1500.0"},{"name":"DATA_COMMITMENT_IND","value":"false"},{"name":"CONTRACT_ENFORCED_PLAN_IND","value":"false"}],"perspectiveDate":"2022-12-07T00:00:00-0500","sourceSystemId":"15373"}}], relatedParty=[{"id":"70931957","role":"ACCOUNT","characteristic":[{"name":"BRAND_ID","value":"1"},{"name":"ACCOUNT_TYPE_CODE","value":"I"},{"name":"ACCOUNT_SUB_TYPE_CODE","value":"R"}]},{"id":12373,"role":"ORIGINATOR","characteristic":[{"name":"TRANSACTION_ID","value":"877344"},{"name":"CHNL_ORG_ID","value":"10122167"},{"name":"SALES_REP_ID","value":"5335"},{"name":"TEAM_MEMBER_ID","value":"78978"}]},{"id":"8522676","role":"Subscription","characteristic":[{"name":"MARKET_PROVINCE","value":"ON"},{"name":"HOME_PROVINCE_CODE","value":"ON"},{"name":"SUBSCRIBER_NUMBER","value":"4264688561"},{"name":"COMBO_RATE_PLAN_IND","value":"true"}]}]}</td></tr></table></div><br/><br/>
<div id='messageValidation' style='background-color: silver; color: black; font-size: xx-small; border: silver 2px solid; padding: 5px;'><table><tr><td style='width:85px;'>Validation</td><td>:</td><td id='message'>API Operation Request: 200</td></tr></table></div><br/><br/>
<div id='messageValidation' style='background-color: silver; color: black; font-size: xx-small; border: silver 2px solid; padding: 5px;'><table><tr><td style='width:85px;'>Validation</td><td>:</td><td id='message'>API Test Env is : [it02]</td></tr></table></div><br/><br/>
<div id='messageValidation' style='background-color: silver; color: black; font-size: xx-small; border: silver 2px solid; padding: 5px;'><table><tr><td style='width:85px;'>Validation</td><td>:</td><td id='message'>API Operation Response: {quantity={unit=CAD, balance=0.0}}</td></tr></table></div><br/><br/>
<div id='messageValidation' style='background-color: silver; color: black; font-size: xx-small; border: silver 2px solid; padding: 5px;'><table><tr><td style='width:85px;'>Validation</td><td>:</td><td id='message'>API Operation Request: {quantity={unit=CAD, balance=300}, relatedParty=[{"id":"8522676","role":"Subscriber"},{"id":"56793","role":"Originator","characteristic":[{"name":"CHANNEL_ID","value":"10122167"},{"name":"SALESREP_ID","value":"5335"},{"name":"TEAM_MEMEBER_ID","value":"156715"}]}], reasonCode=CANCELLATION_PAYMENT, paymentMethodCd=CREDITCARD}</td></tr></table></div><br/><br/>
<div id='messageValidation' style='background-color: silver; color: black; font-size: xx-small; border: silver 2px solid; padding: 5px;'><table><tr><td style='width:85px;'>Validation</td><td>:</td><td id='message'>API Operation status: 200</td></tr></table></div><br/><br/>
<div id='messageValidation' style='background-color: silver; color: black; font-size: xx-small; border: silver 2px solid; padding: 5px;'><table><tr><td style='width:85px;'>Validation</td><td>:</td><td id='message'>API Test Env is : [it02]</td></tr></table></div><br/><br/>
<div id='messageValidation' style='background-color: silver; color: black; font-size: xx-small; border: silver 2px solid; padding: 5px;'><table><tr><td style='width:85px;'>Validation</td><td>:</td><td id='message'>API Operation Request: {agreementItem=[{"id":"","itemDuration":{"endDateTime":null,"startDateTime":"2022-12-07T00:00:00-0500","quantity":{"amount":36,"units":"MONTH"}},"itemType":"ACCESSORYFINANCE","incentiveAmount":300.0,"incentiveServiceCode":null,"installment":{"installmentDuration":{"endDateTime":null,"startDateTime":"2022-12-07T00:00:00-0500","quantity":{"amount":24,"units":"MONTH"}},"characteristic":[{"name":"INSTALLMENTS_LEFT_NUM","value":"24"},{"name":"INSTALLMENTS_APPLIED_NUM","value":"0"},{"name":"INSTALLMENTS_APPLIED_AMT","value":"0.0"}]},"termOrCondition":{"characteristic":[{"name":"MIN_RATE_PLAN_VALUE_AMT","value":"0.0"},{"name":"MIN_FEATURE_VALUE_AMT","value":"0.0"},{"name":"MIN_COMBINED_VALUE_AMT","value":"0.0"}]},"tax":{"taxPaymentMethodCode":"CA","taxPaymentMechanismCode":"TILL","taxPaymentChannelCode":"RTL","taxProvinceCode":"ON","taxRate":[{"taxCategory":"HST","taxRate":13,"taxAmount":{"value":14.59,"unit":"CAD"}}]},"product":[{"productSerialNumber":"","productSpecification":{"id":"LAIP1164WHB","categoryCode":"ACCESSORY","typeCode":"DEVICE_TYPE"},"productPrice":{"price":{"dutyFreeAmount":{"value":875.0,"unit":"CAD"}}},"productCharacteristic":[{"name":"USIM_ID","value":""}]}],"promotion":[{"id":"1111392","perspectiveDate":"2022-12-07T00:00:00-0500"}],"relatedParty":[{"id":"614956106","role":"ProductInstance","characteristic":[{"name":"SOURCE_SYSTEM_ID","value":"1012"}]},{"id":"ESS567841","role":"Contract","characteristic":[{"name":"SOURCE_SYSTEM_ID","value":"66667"}]}],"productOffering":{"id":"1136539","characteristic":[{"name":"REDEEMED_OFFER_CONTEXT_CODE","value":"PURCHASE"},{"name":"OFFER_TIER_CD","value":"10"},{"name":"OFFER_TIER_CAP_AMT","value":"875.0"}],"perspectiveDate":"2022-12-07T00:00:00-0500","sourceSystemId":"15373"}}], relatedParty=[{"id":"70931957","role":"ACCOUNT","characteristic":[{"name":"BRAND_ID","value":"1"},{"name":"ACCOUNT_TYPE_CODE","value":"C"},{"name":"ACCOUNT_SUB_TYPE_CODE","value":"Q"}]},{"id":12345,"role":"ORIGINATOR","characteristic":[{"name":"TRANSACTION_ID","value":"1234567"},{"name":"CHNL_ORG_ID","value":"1100050030"},{"name":"SALES_REP_ID","value":"FFZF"}]},{"id":"8522676","role":"SUBSCRIPTION","characteristic":[{"name":"MARKET_PROVINCE","value":"ON"},{"name":"HOME_PROVINCE_CODE","value":"ON"},{"name":"SUBSCRIBER_NUMBER","value":"4264688561"},{"name":"COMBO_RATE_PLAN_IND","value":"false"}]}]}</td></tr></table></div><br/><br/>
<div id='messageValidation' style='background-color: silver; color: black; font-size: xx-small; border: silver 2px solid; padding: 5px;'><table><tr><td style='width:85px;'>Validation</td><td>:</td><td id='message'>API Operation status: 500</td></tr></table></div><br/><br/>
<div id='messageValidation' style='background-color: silver; color: black; font-size: xx-small; border: silver 2px solid; padding: 5px;'><table><tr><td style='width:85px;'>Validation</td><td>:</td><td id='message'>Expected http response is 500 because {code=BACKEND_BUSINESS_FAILURE, message=com.telus.wsdl.cmo.contactmgmt.rewardservice_4.ServiceException : Additional Contract EndDate is missing}</td></tr></table></div><br/><br/>
<div id='messageValidation' style='background-color: silver; color: black; font-size: xx-small; border: silver 2px solid; padding: 5px;'><table><tr><td style='width:85px;'>Validation</td><td>:</td><td id='message'>API Test Env is : [it02]</td></tr></table></div><br/><br/>
<div id='messageValidation' style='background-color: silver; color: black; font-size: xx-small; border: silver 2px solid; padding: 5px;'><table><tr><td style='width:85px;'>Validation</td><td>:</td><td id='message'>API Operation Request: {relatedParty=[{"id":"70931957","role":"ACCOUNT","characteristic":[{"name":"BRAND_ID","value":"1"},{"name":"ACCOUNT_TYPE_CODE","value":"I"},{"name":"ACCOUNT_SUB_TYPE_CODE","value":"R"}]},{"id":7894914,"role":"ORIGINATOR","characteristic":[{"name":"TRANSACTION_ID","value":"1567864851"},{"name":"CHNL_ORG_ID","value":"10122167"},{"name":"SALES_REP_ID","value":"5335"},{"name":"TEAM_MEMBER_ID","value":"156715"}]},{"id":"8522676","role":"SUBSCRIPTION","characteristic":[{"name":"MARKET_PROVINCE","value":"ON"},{"name":"HOME_PROVINCE_CODE","value":"ON"},{"name":"SUBSCRIBER_NUMBER","value":"4264688561"},{"name":"COMBO_RATE_PLAN_IND","value":"true"}]}]}</td></tr></table></div><br/><br/>
<div id='messageValidation' style='background-color: silver; color: black; font-size: xx-small; border: silver 2px solid; padding: 5px;'><table><tr><td style='width:85px;'>Validation</td><td>:</td><td id='message'>API Operation status: 200</td></tr></table></div><br/><br/>
<div id='messageValidation' style='background-color: silver; color: black; font-size: xx-small; border: silver 2px solid; padding: 5px;'><table><tr><td style='width:85px;'>Validation</td><td>:</td><td id='message'>API Test Env is : [it02]</td></tr></table></div><br/><br/>
<div id='messageValidation' style='background-color: silver; color: black; font-size: xx-small; border: silver 2px solid; padding: 5px;'><table><tr><td style='width:85px;'>Validation</td><td>:</td><td id='message'>API Operation Request: {agreementItem=[{"id":"","itemDuration":{"endDateTime":null,"startDateTime":"2022-12-07T00:00:00-0500","quantity":{"amount":24,"units":"MONTH"}},"itemType":"ACCESSORYFINANCE","incentiveAmount":100.0,"incentiveServiceCode":null,"installment":{"installmentDuration":{"endDateTime":null,"startDateTime":"2022-12-07T00:00:00-0500","quantity":{"amount":12,"units":"MONTH"}},"characteristic":[{"name":"INSTALLMENTS_LEFT_NUM","value":"12"},{"name":"INSTALLMENTS_APPLIED_NUM","value":"0"},{"name":"INSTALLMENTS_APPLIED_AMT","value":"0.0"}]},"termOrCondition":{"characteristic":[{"name":"MIN_RATE_PLAN_VALUE_AMT","value":"0.0"},{"name":"MIN_FEATURE_VALUE_AMT","value":"0.0"},{"name":"MIN_COMBINED_VALUE_AMT","value":"0.0"}]},"tax":{"taxPaymentMethodCode":"CA","taxPaymentMechanismCode":"TILL","taxPaymentChannelCode":"RTL","taxProvinceCode":"ON","taxRate":[{"taxCategory":"HST","taxRate":13,"taxAmount":{"value":14.59,"unit":"CAD"}}]},"product":[{"productSerialNumber":"","productSpecification":{"id":null,"categoryCode":"ACCESSORY","typeCode":"DEVICE_TYPE"},"productPrice":{"price":{"dutyFreeAmount":{"value":875.0,"unit":"CAD"}}},"productCharacteristic":[{"name":"USIM_ID","value":""}]}],"promotion":[{"id":"1111392","perspectiveDate":"2022-12-07T00:00:00-0500"}],"relatedParty":[{"id":"614956106","role":"ProductInstance","characteristic":[{"name":"SOURCE_SYSTEM_ID","value":"1012"}]},{"id":"ESS567841","role":"Contract","characteristic":[{"name":"SOURCE_SYSTEM_ID","value":"66667"}]}],"productOffering":{"id":"1136539","characteristic":[{"name":"REDEEMED_OFFER_CONTEXT_CODE","value":"ACTIVATION"},{"name":"OFFER_TIER_CD","value":"10"},{"name":"OFFER_TIER_CAP_AMT","value":"875.0"}],"perspectiveDate":"2022-12-07T00:00:00-0500","sourceSystemId":"15373"}}], relatedParty=[{"id":"70931957","role":"ACCOUNT","characteristic":[{"name":"BRAND_ID","value":"1"},{"name":"ACCOUNT_TYPE_CODE","value":"B"},{"name":"ACCOUNT_SUB_TYPE_CODE","value":"X"}]},{"id":12345,"role":"ORIGINATOR","characteristic":[{"name":"TRANSACTION_ID","value":"1234567"},{"name":"CHNL_ORG_ID","value":"1100050030"},{"name":"SALES_REP_ID","value":"FFZF"}]},{"id":"8522676","role":"SUBSCRIPTION","characteristic":[{"name":"MARKET_PROVINCE","value":"ON"},{"name":"HOME_PROVINCE_CODE","value":"ON"},{"name":"SUBSCRIBER_NUMBER","value":"4264688561"},{"name":"COMBO_RATE_PLAN_IND","value":"false"}]}]}</td></tr></table></div><br/><br/>
<div id='messageValidation' style='background-color: silver; color: black; font-size: xx-small; border: silver 2px solid; padding: 5px;'><table><tr><td style='width:85px;'>Validation</td><td>:</td><td id='message'>API Operation status: 500</td></tr></table></div><br/><br/>
<div id='messageValidation' style='background-color: silver; color: black; font-size: xx-small; border: silver 2px solid; padding: 5px;'><table><tr><td style='width:85px;'>Validation</td><td>:</td><td id='message'>Expected http response is 500 because {code=BACKEND_BUSINESS_FAILURE, message=com.telus.wsdl.cmo.contactmgmt.rewardservice_4.ServiceException : Additional Contract EndDate is missing}</td></tr></table></div><br/><br/>
<div id='messageValidation' style='background-color: silver; color: black; font-size: xx-small; border: silver 2px solid; padding: 5px;'><table><tr><td style='width:85px;'>Validation</td><td>:</td><td id='message'>API Test Env is : [it02]</td></tr></table></div><br/><br/>
<div id='messageValidation' style='background-color: silver; color: black; font-size: xx-small; border: silver 2px solid; padding: 5px;'><table><tr><td style='width:85px;'>Validation</td><td>:</td><td id='message'>API Operation Request: {quantity={unit=CAD, balance=100}, relatedParty=[{"id":"8522676","role":"Subscriber"},{"id":"56793","role":"Originator","characteristic":[{"name":"CHANNEL_ID","value":"1100035318"},{"name":"SALESREP_ID","value":"2BMZ"},{"name":"TEAM_MEMEBER_ID","value":"156715"}]}], reasonCode=RESTORE_RETURN, paymentMethodCd=CREDITCARD}</td></tr></table></div><br/><br/>
<div id='messageValidation' style='background-color: silver; color: black; font-size: xx-small; border: silver 2px solid; padding: 5px;'><table><tr><td style='width:85px;'>Validation</td><td>:</td><td id='message'>API Operation Response: {code=UNKNOWN_FAILURE, message=com.telus.loyaltymanagement.shared.exception.LoyaltyAccountException : LoyaltyAccountException for : Invalid Request: rewardAccount is cancelled, unable to adjust balance}</td></tr></table></div><br/><br/>
<div id='messageValidation' style='background-color: silver; color: black; font-size: xx-small; border: silver 2px solid; padding: 5px;'><table><tr><td style='width:85px;'>Validation</td><td>:</td><td id='message'>API Operation status: 500</td></tr></table></div><br/><br/>
<div id='messageValidation' style='background-color: silver; color: black; font-size: xx-small; border: silver 2px solid; padding: 5px;'><table><tr><td style='width:85px;'>Validation</td><td>:</td><td id='message'>API Test Env is : [it02]</td></tr></table></div><br/><br/>
<div id='messageValidation' style='background-color: silver; color: black; font-size: xx-small; border: silver 2px solid; padding: 5px;'><table><tr><td style='width:85px;'>Validation</td><td>:</td><td id='message'>API Operation Request: {agreementItem=[{"id":"","itemDuration":{"endDateTime":null,"startDateTime":"2022-12-07T00:00:00-0500","quantity":{"amount":24,"units":"MONTH"}},"itemType":"ACCESSORYFINANCE","incentiveAmount":100.0,"incentiveServiceCode":null,"installment":{"installmentDuration":{"endDateTime":null,"startDateTime":"2022-12-07T00:00:00-0500","quantity":{"amount":12,"units":"MONTH"}},"characteristic":[{"name":"INSTALLMENTS_LEFT_NUM","value":"12"},{"name":"INSTALLMENTS_APPLIED_NUM","value":"0"},{"name":"INSTALLMENTS_APPLIED_AMT","value":"0.0"}]},"termOrCondition":{"characteristic":[{"name":"MIN_RATE_PLAN_VALUE_AMT","value":"0.0"},{"name":"MIN_FEATURE_VALUE_AMT","value":"0.0"},{"name":"MIN_COMBINED_VALUE_AMT","value":"0.0"}]},"tax":{"taxPaymentMethodCode":"CA","taxPaymentMechanismCode":"TILL","taxPaymentChannelCode":"RTL","taxProvinceCode":"ON","taxRate":[{"taxCategory":"HST","taxRate":13,"taxAmount":{"value":14.59,"unit":"CAD"}}]},"product":[{"productSerialNumber":"","productSpecification":{"id":null,"categoryCode":"ACCESSORY","typeCode":"DEVICE_TYPE"},"productPrice":{"price":{"dutyFreeAmount":{"value":875.0,"unit":"CAD"}}},"productCharacteristic":[{"name":"USIM_ID","value":""}]}],"promotion":[{"id":"1111392","perspectiveDate":"2022-12-07T00:00:00-0500"}],"relatedParty":[{"id":"614956106","role":"ProductInstance","characteristic":[{"name":"SOURCE_SYSTEM_ID","value":"1012"}]},{"id":"ESS567841","role":"Contract","characteristic":[{"name":"SOURCE_SYSTEM_ID","value":"66667"}]}],"productOffering":{"id":"1136539","characteristic":[{"name":"REDEEMED_OFFER_CONTEXT_CODE","value":"ACTIVATION"},{"name":"OFFER_TIER_CD","value":"10"},{"name":"OFFER_TIER_CAP_AMT","value":"875.0"}],"perspectiveDate":"2022-12-07T00:00:00-0500","sourceSystemId":"15373"}}], relatedParty=[{"id":"70931957","role":"ACCOUNT","characteristic":[{"name":"BRAND_ID","value":"1"},{"name":"ACCOUNT_TYPE_CODE","value":"B"},{"name":"ACCOUNT_SUB_TYPE_CODE","value":"X"}]},{"id":12345,"role":"ORIGINATOR","characteristic":[{"name":"TRANSACTION_ID","value":"1234567"},{"name":"CHNL_ORG_ID","value":"1100050030"},{"name":"SALES_REP_ID","value":"FFZF"}]},{"id":"8522676","role":"SUBSCRIPTION","characteristic":[{"name":"MARKET_PROVINCE","value":"ON"},{"name":"HOME_PROVINCE_CODE","value":"ON"},{"name":"SUBSCRIBER_NUMBER","value":"4264688561"},{"name":"COMBO_RATE_PLAN_IND","value":"false"}]}]}</td></tr></table></div><br/><br/>
<div id='messageValidation' style='background-color: silver; color: black; font-size: xx-small; border: silver 2px solid; padding: 5px;'><table><tr><td style='width:85px;'>Validation</td><td>:</td><td id='message'>API Operation status: 500</td></tr></table></div><br/><br/>
<div id='messageValidation' style='background-color: silver; color: black; font-size: xx-small; border: silver 2px solid; padding: 5px;'><table><tr><td style='width:85px;'>Validation</td><td>:</td><td id='message'>Expected http response is 500 because {code=BACKEND_BUSINESS_FAILURE, message=com.telus.wsdl.cmo.contactmgmt.rewardservice_4.ServiceException : Additional Contract EndDate is missing}</td></tr></table></div><br/><br/>
<div id='messageValidation' style='background-color: silver; color: black; font-size: xx-small; border: silver 2px solid; padding: 5px;'><table><tr><td style='width:85px;'>Validation</td><td>:</td><td id='message'>API Test Env is : [it02]</td></tr></table></div><br/><br/>
<div id='messageValidation' style='background-color: silver; color: black; font-size: xx-small; border: silver 2px solid; padding: 5px;'><table><tr><td style='width:85px;'>Validation</td><td>:</td><td id='message'>TestListener.onTestFailure</td></tr></table></div><br/><br/>
<div id='messageValidation' style='background-color: #D20000; color: white; font-size: xx-small; border: silver 2px solid; padding: 5px;'><table><tr><td style='width:85px;'>Validation</td><td>:</td><td id='message'> TEST FAILED: testMethod_Activation failed: com.intuit.karate.exception.KarateException: AdjustBalanceRestoreReturnTC5.feature:13 - path: $, actual: 500, expected: 200, reason: not equal (Integer)</td></tr></table></div><br/><br/>
<div id='messageValidation' style='background-color: #D20000; color: white; font-size: xx-small; border: silver 2px solid; padding: 5px;'><table><tr><td style='width:85px;'>Validation</td><td>:</td><td id='message'>.\FailedTestsScreenshots\testMethod_Activation_202212080437977.png</td></tr></table></div><br/><br/>
<div id='messageValidation' style='background-color: #D20000; color: white; font-size: xx-small; border: silver 2px solid; padding: 5px;'><table><tr><td style='width:85px;'>Validation</td><td>:</td><td id='message'>Failed Url --> data:,</td></tr></table></div><br/><br/>
<div id='messageValidation' style='background-color: silver; color: black; font-size: xx-small; border: silver 2px solid; padding: 5px;'><table><tr><td style='width:85px;'>Validation</td><td>:</td><td id='message'>JIRA - Skipping Jira Update as Toggle it's false</td></tr></table></div><br/><br/>]]>
  </system-out>
</testsuite> <!-- com.telus.rcms.tests.newAdjustRewardBalance.Scenario1.TC07_Telus_DF_AF_adjustBalance_ReturnAgreement -->
