<?xml version="1.0" encoding="UTF-8"?>
<!-- Generated by org.testng.reporters.JUnitReportReporter -->
<testsuite skipped="0" hostname="BA-000289023" name="com.telus.rcms.tests.ValidateSubscriptionMscList.TC04_DB_DF_BIB_Renewal_SIM_Only_AF" tests="1" failures="0" timestamp="2022-12-08T05:01:38 IST" time="16.530" errors="0">
  <testcase name="testMethod_validateSubscriptionMscList" time="16.530" classname="com.telus.rcms.tests.ValidateSubscriptionMscList.TC04_DB_DF_BIB_Renewal_SIM_Only_AF"/>
  <system-out>
    <![CDATA[<div id='messageValidation' style='background-color: silver; color: black; font-size: xx-small; border: silver 2px solid; padding: 5px;'><table><tr><td style='width:85px;'>Validation</td><td>:</td><td id='message'>TestListener.createNewTestReport</td></tr></table></div><br/><br/>
<div id='messageValidation' style='background-color: silver; color: black; font-size: xx-small; border: silver 2px solid; padding: 5px;'><table><tr><td style='width:85px;'>Validation</td><td>:</td><td id='message'>GROUP_REPORT tag property :  true</td></tr></table></div><br/><br/>
<div id='messageValidation' style='background-color: silver; color: black; font-size: xx-small; border: silver 2px solid; padding: 5px;'><table><tr><td style='width:85px;'>Validation</td><td>:</td><td id='message'>TestListener.onTestStart</td></tr></table></div><br/><br/>
<div id='messageValidation' style='background-color: silver; color: black; font-size: xx-small; border: silver 2px solid; padding: 5px;'><table><tr><td style='width:85px;'>Validation</td><td>:</td><td id='message'>Automation Configuration - Environment Configured for Automation Execution [PT148]</td></tr></table></div><br/><br/>
<div id='messageValidation' style='background-color: silver; color: black; font-size: xx-small; border: silver 2px solid; padding: 5px;'><table><tr><td style='width:85px;'>Validation</td><td>:</td><td id='message'>Test Case Name : [TC04_DB_DF_BIB_Renewal_SIM_Only_AF]</td></tr></table></div><br/><br/>
<div id='messageValidation' style='background-color: silver; color: black; font-size: xx-small; border: silver 2px solid; padding: 5px;'><table><tr><td style='width:85px;'>Validation</td><td>:</td><td id='message'>Test Case Description : [The purpose of this test case is to verify "TC04_DB_DF_BIB_Renewal_SIM_Only_AF" workflow]</td></tr></table></div><br/><br/>
<div id='messageValidation' style='background-color: silver; color: black; font-size: xx-small; border: silver 2px solid; padding: 5px;'><table><tr><td style='width:85px;'>Validation</td><td>:</td><td id='message'>STEP ===== > OAuth2 API Call</td></tr></table></div><br/><br/>
<div id='messageValidation' style='background-color: silver; color: black; font-size: xx-small; border: silver 2px solid; padding: 5px;'><table><tr><td style='width:85px;'>Validation</td><td>:</td><td id='message'>API Operation status: 200</td></tr></table></div><br/><br/>
<div id='messageValidation' style='background-color: silver; color: black; font-size: xx-small; border: silver 2px solid; padding: 5px;'><table><tr><td style='width:85px;'>Validation</td><td>:</td><td id='message'>STEP ===== > OAuth2 API Call</td></tr></table></div><br/><br/>
<div id='messageValidation' style='background-color: silver; color: black; font-size: xx-small; border: silver 2px solid; padding: 5px;'><table><tr><td style='width:85px;'>Validation</td><td>:</td><td id='message'>API Operation status: 200</td></tr></table></div><br/><br/>
<div id='messageValidation' style='background-color: silver; color: black; font-size: xx-small; border: silver 2px solid; padding: 5px;'><table><tr><td style='width:85px;'>Validation</td><td>:</td><td id='message'>ACCESS_TOKEN FOR REWARD SERVICE: eyJhbGciOiJSUzI1NiIsImtpZCI6ImNhZGZhMTYyLTU2YzEtNGRiOS1hNjNmLTYwZTM3NzIwMWJkZiIsInBpLmF0bSI6IjMifQ.eyJzY29wZSI6WyIyMzUiLCIyMzMiLCIxMjUiLCI5OTIiXSwiY2xpZW50X2lkIjoiODM5ZDQ5MmEtMWQ3NC00Yjc5LThhMjgtNjJiM2EyZWE4YmZiIiwiaXNzIjoiaHR0cHM6Ly90ZWFtc3NvLWl0czA0LnRlbHVzLmNvbSIsImF1ZCI6ImtvbmciLCJpYXQiOjE2NzA0NTU4NjMsImV4cCI6MTY3MDQ1NjE2M30.jSjOaaYxRZsYW8FAbYXyvAyI5d1N8HCG3RO9akXoAj2RUV2V52pZpE0Nt6Z6MudvjvuEg7n8COY_gIcqFcFYgurbHF7wzVfLnV1CazrOS7MVgPobcG4rQvc5NkKYd3UAYT9lTENAKOmkVtZpVC2a_VmYxeJcOZwYWOg2NrRCZKUuBqBoAUeUt_UVA3f1eYThHCVnMyzjMQEG-rhQxV3hi7CTzh8rgtt9JnLQmqhNZb5-Wl31-ZTu9dgK5icuxaIhtdri0-XShtBfvgvIgtH9cxUY8IZrc9jUJ_wkTulfLuMbLl019fT8-BULuiD4H0JCQkH_w4UNVlkamqO44LvAQg</td></tr></table></div><br/><br/>
<div id='messageValidation' style='background-color: silver; color: black; font-size: xx-small; border: silver 2px solid; padding: 5px;'><table><tr><td style='width:85px;'>Validation</td><td>:</td><td id='message'>ACCESS_TOKEN FOR VIOLATION SERVICE: eyJhbGciOiJSUzI1NiIsImtpZCI6ImNhZGZhMTYyLTU2YzEtNGRiOS1hNjNmLTYwZTM3NzIwMWJkZiIsInBpLmF0bSI6IjMifQ.eyJzY29wZSI6WyIxMjciLCIxOTE0Il0sImNsaWVudF9pZCI6ImJlYWIyNjljLWU2MTgtNDE5Yy04NjBiLTc1ODVmMzE4MGQ0OCIsImlzcyI6Imh0dHBzOi8vdGVhbXNzby1pdHMwNC50ZWx1cy5jb20iLCJhdWQiOiJrb25nIiwiaWF0IjoxNjcwNDU1ODY0LCJleHAiOjE2NzA0NTYxNjR9.XMScUkoBrvV2A6LPW9vZnkJTFR6BgDqbWBJlOYh12TlqwgPrKeushDWzlK5CQzcnjrEXybz8a_IozMz5rzI4_Btmi2qrnKDe-bH_QAf47BovcYGV5R8pYkEUCeFc8it6rgRmLMgEN3a1FxEzS3f1LPlII9IC6i7dUYyla_H6zn7S43cfm7MwwpfinPKzcXiGJlzTaiCZTD6Kr4qM75Jytwmtj5_Z-p0PNgXAKg1DpJdpGLLFVnOl1ByCCcumGpmnCipZxium5ZAIlnuw6cL5rpubeH124hf77oXkKM1kc40XQ1vbH5GFtFSNhclMQ64pCqlHRwLJ0mDJVU3e8d6thg</td></tr></table></div><br/><br/>
<div id='messageValidation' style='background-color: silver; color: black; font-size: xx-small; border: silver 2px solid; padding: 5px;'><table><tr><td style='width:85px;'>Validation</td><td>:</td><td id='message'>------------DB connected successfully------------</td></tr></table></div><br/><br/>
<div id='messageValidation' style='background-color: silver; color: black; font-size: xx-small; border: silver 2px solid; padding: 5px;'><table><tr><td style='width:85px;'>Validation</td><td>:</td><td id='message'>Auto-Generated BAN : [70932586]</td></tr></table></div><br/><br/>
<div id='messageValidation' style='background-color: silver; color: black; font-size: xx-small; border: silver 2px solid; padding: 5px;'><table><tr><td style='width:85px;'>Validation</td><td>:</td><td id='message'>Auto-Generated SUBSCRIPTION_ID : [8526195]</td></tr></table></div><br/><br/>
<div id='messageValidation' style='background-color: silver; color: black; font-size: xx-small; border: silver 2px solid; padding: 5px;'><table><tr><td style='width:85px;'>Validation</td><td>:</td><td id='message'>Auto-Generated SUBSCRIPTION_NUMBER : [4264113269]</td></tr></table></div><br/><br/>
<div id='messageValidation' style='background-color: silver; color: black; font-size: xx-small; border: silver 2px solid; padding: 5px;'><table><tr><td style='width:85px;'>Validation</td><td>:</td><td id='message'>API Operation status: 200</td></tr></table></div><br/><br/>
<div id='messageValidation' style='background-color: silver; color: black; font-size: xx-small; border: silver 2px solid; padding: 5px;'><table><tr><td style='width:85px;'>Validation</td><td>:</td><td id='message'>API Operation Request: {agreementDuration={endDateTime=null, startDateTime=2022-12-07T00:00:00-0500, quantity={amount=24, units=MONTH}}, agreementItem=[{"id":"","itemDuration":{"endDateTime":null,"startDateTime":"2022-12-07T00:00:00-0500","quantity":{"amount":24,"units":"MONTH"}},"itemType":"HARDWARE","incentiveAmount":240,"installment":{"characteristic":[{"name":"INSTALLMENTS_LEFT_NUM","value":"24"},{"name":"INSTALLMENTS_APPLIED_NUM","value":"0"},{"name":"INSTALLMENTS_APPLIED_AMT","value":"0.0"}]},"termOrCondition":{"characteristic":[{"name":"MIN_RATE_PLAN_VALUE_AMT","value":"0.0"},{"name":"MIN_FEATURE_VALUE_AMT","value":"0.0"},{"name":"MIN_COMBINED_VALUE_AMT","value":"80.0"}]},"tax":{"taxPaymentMethodCode":"CA","taxPaymentMechanismCode":"TILL","taxPaymentChannelCode":"RTL","taxProvinceCode":"ON","taxRate":[{"taxCategory":"HST","taxRate":13,"taxAmount":{"value":14.59,"unit":"CAD"}},{"taxCategory":"GST","taxRate":14,"taxAmount":{"value":15,"unit":"CAD"}},{"taxCategory":"PST","taxRate":16,"taxAmount":{"value":17.45,"unit":"CAD"}}]},"product":[{"productSerialNumber":"900937479125913","productSpecification":{"id":"LAI6S16GBSL","categoryCode":"SMARTPHONE","description":[{"locale":"EN_CA","description":"APPLE IPHONE 4S 32GB BLACK"},{"locale":"FR_CA","description":"APPLE IPHONE 4S 32GB BLACK"}],"typeCode":"DEVICE_TYPE"},"productPrice":{"price":{"dutyFreeAmount":{"value":1300,"unit":"CAD"}}},"productCharacteristic":[{"name":"USIM_ID","value":"8912239900003505056"}]}],"promotion":[{"id":"23456","perspectiveDate":"2022-12-07T00:00:00-0500"}],"productOffering":{"id":"1013546","characteristic":[{"name":"REDEEMED_OFFER_CONTEXT_CODE","value":"AOM"},{"name":"OFFER_TIER_CD","value":"1234"},{"name":"OFFER_TIER_CAP_AMT","value":"1500.0"},{"name":"DATA_COMMITMENT_IND","value":"false"},{"name":"CONTRACT_ENFORCED_PLAN_IND","value":"false"}],"perspectiveDate":"2022-12-07T00:00:00-0500","sourceSystemId":"15373"}},{"id":"","itemDuration":{"endDateTime":null,"startDateTime":"2022-12-07T00:00:00-0500","quantity":{"amount":24,"units":"MONTH"}},"itemType":"FINANCE","incentiveAmount":240,"installment":{"installmentDuration":{"endDateTime":null,"startDateTime":"2022-12-07T00:00:00-0500","quantity":{"amount":24,"units":"MONTH"}},"characteristic":[{"name":"INSTALLMENTS_LEFT_NUM","value":"24"},{"name":"INSTALLMENTS_APPLIED_NUM","value":"0"},{"name":"INSTALLMENTS_APPLIED_AMT","value":"0.0"}]},"termOrCondition":{"characteristic":[{"name":"MIN_RATE_PLAN_VALUE_AMT","value":"0.0"},{"name":"MIN_FEATURE_VALUE_AMT","value":"0.0"},{"name":"MIN_COMBINED_VALUE_AMT","value":"80.0"}]},"tax":{"taxPaymentMethodCode":"CA","taxPaymentMechanismCode":"TILL","taxPaymentChannelCode":"RTL","taxProvinceCode":"ON","taxRate":[{"taxCategory":"HST","taxRate":13,"taxAmount":{"value":14.59,"unit":"CAD"}},{"taxCategory":"GST","taxRate":14,"taxAmount":{"value":15,"unit":"CAD"}},{"taxCategory":"PST","taxRate":16,"taxAmount":{"value":17.45,"unit":"CAD"}}]},"product":[{"productSerialNumber":"900937479125913","productSpecification":{"id":"LAI6S16GBSL","categoryCode":"SMARTPHONE","description":[{"locale":"EN_CA","description":"APPLE IPHONE 4S 32GB BLACK"},{"locale":"FR_CA","description":"APPLE IPHONE 4S 32GB BLACK"}],"typeCode":"DEVICE_TYPE"},"productPrice":{"price":{"dutyFreeAmount":{"value":1300,"unit":"CAD"}}},"productCharacteristic":[{"name":"USIM_ID","value":"8912239900003505056"}]}],"promotion":[{"id":"23456","perspectiveDate":"2022-12-07T00:00:00-0500"}],"productOffering":{"id":"1013546","characteristic":[{"name":"REDEEMED_OFFER_CONTEXT_CODE","value":"AOM"},{"name":"OFFER_TIER_CD","value":"1234"},{"name":"OFFER_TIER_CAP_AMT","value":"1500.0"},{"name":"DATA_COMMITMENT_IND","value":"false"},{"name":"CONTRACT_ENFORCED_PLAN_IND","value":"false"}],"perspectiveDate":"2022-12-07T00:00:00-0500","sourceSystemId":"15373"}},{"id":"","itemDuration":{"endDateTime":null,"startDateTime":"2022-12-07T00:00:00-0500","quantity":{"amount":24,"units":"MONTH"}},"itemType":"BIB","incentiveAmount":240,"installment":{"installmentDuration":{"endDateTime":null,"startDateTime":"2022-12-07T00:00:00-0500","quantity":{"amount":24,"units":"MONTH"}},"characteristic":[{"name":"INSTALLMENTS_LEFT_NUM","value":"1"},{"name":"INSTALLMENTS_APPLIED_NUM","value":"0"},{"name":"INSTALLMENTS_APPLIED_AMT","value":"0.0"}]},"termOrCondition":{"characteristic":[{"name":"MIN_RATE_PLAN_VALUE_AMT","value":"0.0"},{"name":"MIN_FEATURE_VALUE_AMT","value":"0.0"},{"name":"MIN_COMBINED_VALUE_AMT","value":"80.0"}]},"tax":{"taxPaymentMethodCode":"CA","taxPaymentMechanismCode":"TILL","taxPaymentChannelCode":"RTL","taxProvinceCode":"ON","taxRate":[{"taxCategory":"HST","taxRate":13,"taxAmount":{"value":14.59,"unit":"CAD"}},{"taxCategory":"GST","taxRate":14,"taxAmount":{"value":15,"unit":"CAD"}},{"taxCategory":"PST","taxRate":16,"taxAmount":{"value":17.45,"unit":"CAD"}}]},"product":[{"productSerialNumber":"900937479125913","productSpecification":{"id":"LAI6S16GBSL","categoryCode":"SMARTPHONE","description":[{"locale":"EN_CA","description":"APPLE IPHONE 4S 32GB BLACK"},{"locale":"FR_CA","description":"APPLE IPHONE 4S 32GB BLACK"}],"typeCode":"DEVICE_TYPE"},"productPrice":{"price":{"dutyFreeAmount":{"value":1300,"unit":"CAD"}}},"productCharacteristic":[{"name":"USIM_ID","value":"8912239900003505056"}]}],"promotion":[{"id":"419812","perspectiveDate":"2022-12-07T00:00:00-0500"}],"productOffering":{"id":"1013546","characteristic":[{"name":"REDEEMED_OFFER_CONTEXT_CODE","value":"AOM"},{"name":"OFFER_TIER_CD","value":"1234"},{"name":"OFFER_TIER_CAP_AMT","value":"1500.0"},{"name":"DATA_COMMITMENT_IND","value":"false"},{"name":"CONTRACT_ENFORCED_PLAN_IND","value":"false"}],"perspectiveDate":"2022-12-07T00:00:00-0500","sourceSystemId":"15373"}}], relatedParty=[{"id":"70932586","role":"ACCOUNT","characteristic":[{"name":"BRAND_ID","value":"1"},{"name":"ACCOUNT_TYPE_CODE","value":"I"},{"name":"ACCOUNT_SUB_TYPE_CODE","value":"R"}]},{"id":12373,"role":"ORIGINATOR","characteristic":[{"name":"TRANSACTION_ID","value":"877344"},{"name":"CHNL_ORG_ID","value":"0000029199"},{"name":"SALES_REP_ID","value":"5335"}]},{"id":"8526195","role":"Subscription","characteristic":[{"name":"MARKET_PROVINCE","value":"ON"},{"name":"HOME_PROVINCE_CODE","value":"ON"},{"name":"SUBSCRIBER_NUMBER","value":"4264113269"},{"name":"COMBO_RATE_PLAN_IND","value":"true"}]}]}</td></tr></table></div><br/><br/>
<div id='messageValidation' style='background-color: silver; color: black; font-size: xx-small; border: silver 2px solid; padding: 5px;'><table><tr><td style='width:85px;'>Validation</td><td>:</td><td id='message'>API Test Env is : [it02]</td></tr></table></div><br/><br/>
<div id='messageValidation' style='background-color: silver; color: black; font-size: xx-small; border: silver 2px solid; padding: 5px;'><table><tr><td style='width:85px;'>Validation</td><td>:</td><td id='message'>API Operation status: 200</td></tr></table></div><br/><br/>
<div id='messageValidation' style='background-color: silver; color: black; font-size: xx-small; border: silver 2px solid; padding: 5px;'><table><tr><td style='width:85px;'>Validation</td><td>:</td><td id='message'>API Operation Request: {agreementCreate={agreementDuration={endDateTime=null, startDateTime=2022-12-07T00:00:00-0500, quantity={amount=24, units=MONTH}}, agreementItem=[{"id":"","itemDuration":{"endDateTime":null,"startDateTime":"2022-12-07T00:00:00-0500","quantity":{"amount":0,"units":"MONTH"}},"itemType":"HARDWARE","incentiveAmount":0,"installment":{"installmentDuration":{"endDateTime":null,"startDateTime":"2022-12-07T00:00:00-0500","quantity":{"amount":0,"units":"MONTH"}},"characteristic":[{"name":"INSTALLMENTS_LEFT_NUM","value":"1"},{"name":"INSTALLMENTS_APPLIED_NUM","value":"0"},{"name":"INSTALLMENTS_APPLIED_AMT","value":"0.0"}]},"termOrCondition":{"characteristic":[{"name":"MIN_RATE_PLAN_VALUE_AMT","value":"40.0"},{"name":"MIN_FEATURE_VALUE_AMT","value":"30.0"},{"name":"MIN_COMBINED_VALUE_AMT","value":"70.0"}]},"tax":{"taxPaymentMethodCode":"CA","taxPaymentMechanismCode":"TILL","taxPaymentChannelCode":"RTL","taxProvinceCode":"ON","taxRate":[{"taxCategory":"HST","taxRate":13,"taxAmount":{"value":14.59,"unit":"CAD"}}]},"product":[{"productSerialNumber":"9009375803974841","productSpecification":{"id":"LAIX256GBSL","categoryCode":"SMARTPHONE","typeCode":"DEVICE_TYPE"},"productPrice":{"price":{"dutyFreeAmount":{"value":1299,"unit":"CAD"}}},"productCharacteristic":[{"name":"USIM_ID","value":"8912239900000235601"}]}],"promotion":[{"id":"419812","perspectiveDate":"2022-12-07T00:00:00-0500"}],"productOffering":{"id":"1013546","characteristic":[{"name":"REDEEMED_OFFER_CONTEXT_CODE","value":"OOM"},{"name":"OFFER_TIER_CD","value":"1234"},{"name":"OFFER_TIER_CAP_AMT","value":"1500.0"},{"name":"DATA_COMMITMENT_IND","value":"false"},{"name":"CONTRACT_ENFORCED_PLAN_IND","value":"false"}],"perspectiveDate":"2022-12-07T00:00:00-0500","sourceSystemId":"15373"}},{"id":"","itemDuration":{"endDateTime":null,"startDateTime":"2022-12-07T00:00:00-0500","quantity":{"amount":24,"units":"MONTH"}},"itemType":"ACCESSORYFINANCE","incentiveAmount":390,"installment":{"installmentDuration":{"endDateTime":null,"startDateTime":"2022-12-07T00:00:00-0500","quantity":{"amount":24,"units":"MONTH"}},"characteristic":[{"name":"INSTALLMENTS_LEFT_NUM","value":"24"},{"name":"INSTALLMENTS_APPLIED_NUM","value":"0"},{"name":"INSTALLMENTS_APPLIED_AMT","value":"0.0"}]},"termOrCondition":{"characteristic":[{"name":"MIN_RATE_PLAN_VALUE_AMT","value":"40.0"},{"name":"MIN_FEATURE_VALUE_AMT","value":"30.0"},{"name":"MIN_COMBINED_VALUE_AMT","value":"70.0"}]},"tax":{"taxPaymentMethodCode":"CA","taxPaymentMechanismCode":"TILL","taxPaymentChannelCode":"RTL","taxProvinceCode":"ON","taxRate":[{"taxCategory":"HST","taxRate":13,"taxAmount":{"value":14.59,"unit":"CAD"}}]},"product":[{"productSerialNumber":"9009375803974841","productSpecification":{"id":null,"categoryCode":"ACCESSORY","typeCode":"DEVICE_TYPE"},"productPrice":{"price":{"dutyFreeAmount":{"value":1299,"unit":"CAD"}}},"productCharacteristic":[{"name":"USIM_ID","value":"8912239900000235601"}]}],"promotion":[{"id":"419812","perspectiveDate":"2022-12-07T00:00:00-0500"}],"productOffering":{"id":"1013546","characteristic":[{"name":"REDEEMED_OFFER_CONTEXT_CODE","value":"AOM"},{"name":"OFFER_TIER_CD","value":"1234"},{"name":"OFFER_TIER_CAP_AMT","value":"1500.0"},{"name":"DATA_COMMITMENT_IND","value":"false"},{"name":"CONTRACT_ENFORCED_PLAN_IND","value":"false"}],"perspectiveDate":"2022-12-07T00:00:00-0500","sourceSystemId":"15373"}}], relatedParty=[{"id":"70932586","role":"ACCOUNT","characteristic":[{"name":"BRAND_ID","value":"1"},{"name":"ACCOUNT_TYPE_CODE","value":"C"},{"name":"ACCOUNT_SUB_TYPE_CODE","value":"Q"}]},{"id":7894914,"role":"ORIGINATOR","characteristic":[{"name":"TRANSACTION_ID","value":"1567864851"},{"name":"CHNL_ORG_ID","value":"10149534"},{"name":"SALES_REP_ID","value":"6855"},{"name":"TEAM_MEMBER_ID","value":"156715"}]},{"id":"8526195","role":"SUBSCRIPTION","characteristic":[{"name":"MARKET_PROVINCE","value":"ON"},{"name":"HOME_PROVINCE_CODE","value":"ON"},{"name":"SUBSCRIBER_NUMBER","value":"4264113269"},{"name":"COMBO_RATE_PLAN_IND","value":"true"}]}]}, payment=[{"amount":{"value":"240","unit":"CAD"},"paymentMechanism":"BILL","relatedParty":[{"id":"","role":"LOYALTY_AGREEMENT_ITEM","characteristic":[{"name":"FINANCE_COMMITMENT_ITEM_ID","value":"21857"},{"name":"CHARGE_TYPE","value":"FINEPB"},{"name":"ITEM_TYPE","value":"FINANCE"}]}]},{"amount":{"value":"230","unit":"CAD"},"paymentMechanism":"BILL","relatedParty":[{"id":"","role":"LOYALTY_AGREEMENT_ITEM","characteristic":[{"name":"FINANCE_COMMITMENT_ITEM_ID","value":"21858"},{"name":"CHARGE_TYPE","value":"HWHB"},{"name":"ITEM_TYPE","value":"HARDWARE"}]}]},{"amount":{"value":"240","unit":"CAD"},"paymentMechanism":"BILL","relatedParty":[{"id":"","role":"LOYALTY_AGREEMENT_ITEM","characteristic":[{"name":"FINANCE_COMMITMENT_ITEM_ID","value":"21858"},{"name":"CHARGE_TYPE","value":"BIBEPB"},{"name":"ITEM_TYPE","value":"BIB"}]}]}]}</td></tr></table></div><br/><br/>
<div id='messageValidation' style='background-color: silver; color: black; font-size: xx-small; border: silver 2px solid; padding: 5px;'><table><tr><td style='width:85px;'>Validation</td><td>:</td><td id='message'>API Test Env is : [it02]</td></tr></table></div><br/><br/>
<div id='messageValidation' style='background-color: silver; color: black; font-size: xx-small; border: silver 2px solid; padding: 5px;'><table><tr><td style='width:85px;'>Validation</td><td>:</td><td id='message'>API Operation status: 201</td></tr></table></div><br/><br/>
<div id='messageValidation' style='background-color: silver; color: black; font-size: xx-small; border: silver 2px solid; padding: 5px;'><table><tr><td style='width:85px;'>Validation</td><td>:</td><td id='message'>API Operation Request: {href=a8e6d3dd-c2b6-47c3-b6b9-019f3a6b809f, date=2022-12-07T18:31:15-0500, sla={id=ReturnAdjustment}, violation={consequence=[{"type":"ChargeAdjustment","billingCode":"BIBER","billingReversalCode":"BIBCR","typeCode":"BIBEPB"},{"type":"ChargeAdjustment","billingCode":"UPDBC","billingReversalCode":"UPDBCR","typeCode":"HWHB"},{"type":"ChargeAdjustment","billingCode":"UPDF","billingReversalCode":"UPDFCR","typeCode":"FINEPB"}]}}</td></tr></table></div><br/><br/>
<div id='messageValidation' style='background-color: silver; color: black; font-size: xx-small; border: silver 2px solid; padding: 5px;'><table><tr><td style='width:85px;'>Validation</td><td>:</td><td id='message'>Pretty Payload: {href:a8e6d3dd-c2b6-47c3-b6b9-019f3a6b809f, date:2022-12-07T18:31:15-0500, sla:{id:ReturnAdjustment}, violation:{consequence:[{"type":"ChargeAdjustment","billingCode":"BIBER","billingReversalCode":"BIBCR","typeCode":"BIBEPB"},{"type":"ChargeAdjustment","billingCode":"UPDBC","billingReversalCode":"UPDBCR","typeCode":"HWHB"},{"type":"ChargeAdjustment","billingCode":"UPDF","billingReversalCode":"UPDFCR","typeCode":"FINEPB"}]}}</td></tr></table></div><br/><br/>
<div id='messageValidation' style='background-color: silver; color: black; font-size: xx-small; border: silver 2px solid; padding: 5px;'><table><tr><td style='width:85px;'>Validation</td><td>:</td><td id='message'>Expected Value is : not null , Actual Value From HREF is: [a8e6d3dd-c2b6-47c3-b6b9-019f3a6b809f], VALIDATION : [SUCCESSFUL]</td></tr></table></div><br/><br/>
<div id='messageValidation' style='background-color: silver; color: black; font-size: xx-small; border: silver 2px solid; padding: 5px;'><table><tr><td style='width:85px;'>Validation</td><td>:</td><td id='message'>Expected Value is: [ReturnAdjustment], Actual Value for - SLAID is: [ReturnAdjustment], VALIDATION : [SUCCESSFUL]</td></tr></table></div><br/><br/>
<div id='messageValidation' style='background-color: silver; color: black; font-size: xx-small; border: silver 2px solid; padding: 5px;'><table><tr><td style='width:85px;'>Validation</td><td>:</td><td id='message'>Expected Value is: [2022-12-07], Actual Value From DB Column - DATE is: [2022-12-07], VALIDATION : [SUCCESSFUL]</td></tr></table></div><br/><br/>
<div id='messageValidation' style='background-color: silver; color: black; font-size: xx-small; border: silver 2px solid; padding: 5px;'><table><tr><td style='width:85px;'>Validation</td><td>:</td><td id='message'>---Agreement Item No =1 : FINANCE</td></tr></table></div><br/><br/>
<div id='messageValidation' style='background-color: silver; color: black; font-size: xx-small; border: silver 2px solid; padding: 5px;'><table><tr><td style='width:85px;'>Validation</td><td>:</td><td id='message'>Expected Value is: [ChargeAdjustment], Actual Value for - TYPE is: [ChargeAdjustment], VALIDATION : [SUCCESSFUL]</td></tr></table></div><br/><br/>
<div id='messageValidation' style='background-color: silver; color: black; font-size: xx-small; border: silver 2px solid; padding: 5px;'><table><tr><td style='width:85px;'>Validation</td><td>:</td><td id='message'>Expected Value is: [UPDF], Actual Value for - BILLING CODE is: [UPDF], VALIDATION : [SUCCESSFUL]</td></tr></table></div><br/><br/>
<div id='messageValidation' style='background-color: silver; color: black; font-size: xx-small; border: silver 2px solid; padding: 5px;'><table><tr><td style='width:85px;'>Validation</td><td>:</td><td id='message'>Expected Value is: [UPDFCR], Actual Value for - BILLING REVERSAL CODE is: [UPDFCR], VALIDATION : [SUCCESSFUL]</td></tr></table></div><br/><br/>
<div id='messageValidation' style='background-color: silver; color: black; font-size: xx-small; border: silver 2px solid; padding: 5px;'><table><tr><td style='width:85px;'>Validation</td><td>:</td><td id='message'>Expected Value is: [FINEPB], Actual Value for - TYPE CODE is: [FINEPB], VALIDATION : [SUCCESSFUL]</td></tr></table></div><br/><br/>
<div id='messageValidation' style='background-color: silver; color: black; font-size: xx-small; border: silver 2px solid; padding: 5px;'><table><tr><td style='width:85px;'>Validation</td><td>:</td><td id='message'>---Agreement Item No =2 : HARDWARE</td></tr></table></div><br/><br/>
<div id='messageValidation' style='background-color: silver; color: black; font-size: xx-small; border: silver 2px solid; padding: 5px;'><table><tr><td style='width:85px;'>Validation</td><td>:</td><td id='message'>Expected Value is: [ChargeAdjustment], Actual Value for - TYPE is: [ChargeAdjustment], VALIDATION : [SUCCESSFUL]</td></tr></table></div><br/><br/>
<div id='messageValidation' style='background-color: silver; color: black; font-size: xx-small; border: silver 2px solid; padding: 5px;'><table><tr><td style='width:85px;'>Validation</td><td>:</td><td id='message'>Expected Value is: [UPDBC], Actual Value for - BILLING CODE is: [UPDBC], VALIDATION : [SUCCESSFUL]</td></tr></table></div><br/><br/>
<div id='messageValidation' style='background-color: silver; color: black; font-size: xx-small; border: silver 2px solid; padding: 5px;'><table><tr><td style='width:85px;'>Validation</td><td>:</td><td id='message'>Expected Value is: [UPDBCR], Actual Value for - BILLING REVERSAL CODE is: [UPDBCR], VALIDATION : [SUCCESSFUL]</td></tr></table></div><br/><br/>
<div id='messageValidation' style='background-color: silver; color: black; font-size: xx-small; border: silver 2px solid; padding: 5px;'><table><tr><td style='width:85px;'>Validation</td><td>:</td><td id='message'>Expected Value is: [HWHB], Actual Value for - TYPE CODE is: [HWHB], VALIDATION : [SUCCESSFUL]</td></tr></table></div><br/><br/>
<div id='messageValidation' style='background-color: silver; color: black; font-size: xx-small; border: silver 2px solid; padding: 5px;'><table><tr><td style='width:85px;'>Validation</td><td>:</td><td id='message'>---Agreement Item No =3 : BIB</td></tr></table></div><br/><br/>
<div id='messageValidation' style='background-color: silver; color: black; font-size: xx-small; border: silver 2px solid; padding: 5px;'><table><tr><td style='width:85px;'>Validation</td><td>:</td><td id='message'>Expected Value is: [ChargeAdjustment], Actual Value for - TYPE is: [ChargeAdjustment], VALIDATION : [SUCCESSFUL]</td></tr></table></div><br/><br/>
<div id='messageValidation' style='background-color: silver; color: black; font-size: xx-small; border: silver 2px solid; padding: 5px;'><table><tr><td style='width:85px;'>Validation</td><td>:</td><td id='message'>Expected Value is: [BIBER], Actual Value for - BILLING CODE is: [BIBER], VALIDATION : [SUCCESSFUL]</td></tr></table></div><br/><br/>
<div id='messageValidation' style='background-color: silver; color: black; font-size: xx-small; border: silver 2px solid; padding: 5px;'><table><tr><td style='width:85px;'>Validation</td><td>:</td><td id='message'>Expected Value is: [BIBCR], Actual Value for - BILLING REVERSAL CODE is: [BIBCR], VALIDATION : [SUCCESSFUL]</td></tr></table></div><br/><br/>
<div id='messageValidation' style='background-color: silver; color: black; font-size: xx-small; border: silver 2px solid; padding: 5px;'><table><tr><td style='width:85px;'>Validation</td><td>:</td><td id='message'>Expected Value is: [BIBEPB], Actual Value for - TYPE CODE is: [BIBEPB], VALIDATION : [SUCCESSFUL]</td></tr></table></div><br/><br/>
<div id='messageValidation' style='background-color: silver; color: black; font-size: xx-small; border: silver 2px solid; padding: 5px;'><table><tr><td style='width:85px;'>Validation</td><td>:</td><td id='message'>--------------------DB Validation Completed--------------------</td></tr></table></div><br/><br/>
<div id='messageValidation' style='background-color: silver; color: black; font-size: xx-small; border: silver 2px solid; padding: 5px;'><table><tr><td style='width:85px;'>Validation</td><td>:</td><td id='message'>TestListener.onTestSuccess</td></tr></table></div><br/><br/>
<div id='messageValidation' style='background-color: silver; color: black; font-size: xx-small; border: silver 2px solid; padding: 5px;'><table><tr><td style='width:85px;'>Validation</td><td>:</td><td id='message'>JIRA - Skipping Jira Update as Toggle it's false</td></tr></table></div><br/><br/>]]>
  </system-out>
</testsuite> <!-- com.telus.rcms.tests.ValidateSubscriptionMscList.TC04_DB_DF_BIB_Renewal_SIM_Only_AF -->
