<?xml version="1.0" encoding="UTF-8"?>
<!-- Generated by org.testng.reporters.JUnitReportReporter -->
<testsuite skipped="0" hostname="BA-000289023" name="com.telus.rcms.tests.ReturnAgreementItem.TC03_Koodo_TAB_HWS_ReturnAgrmt" tests="1" failures="0" timestamp="2022-10-19T21:19:00 IST" time="18.644" errors="0">
  <testcase name="testMethod_ReturnAgreementItem" time="18.644" classname="com.telus.rcms.tests.ReturnAgreementItem.TC03_Koodo_TAB_HWS_ReturnAgrmt"/>
  <system-out>
    <![CDATA[<div id='messageValidation' style='background-color: silver; color: black; font-size: xx-small; border: silver 2px solid; padding: 5px;'><table><tr><td style='width:85px;'>Validation</td><td>:</td><td id='message'>TestListener.createNewTestReport</td></tr></table></div><br/><br/>
<div id='messageValidation' style='background-color: silver; color: black; font-size: xx-small; border: silver 2px solid; padding: 5px;'><table><tr><td style='width:85px;'>Validation</td><td>:</td><td id='message'>GROUP_REPORT tag property :  true</td></tr></table></div><br/><br/>
<div id='messageValidation' style='background-color: silver; color: black; font-size: xx-small; border: silver 2px solid; padding: 5px;'><table><tr><td style='width:85px;'>Validation</td><td>:</td><td id='message'>TestListener.onTestStart</td></tr></table></div><br/><br/>
<div id='messageValidation' style='background-color: silver; color: black; font-size: xx-small; border: silver 2px solid; padding: 5px;'><table><tr><td style='width:85px;'>Validation</td><td>:</td><td id='message'>Automation Configuration - Environment Configured for Automation Execution [PT168]</td></tr></table></div><br/><br/>
<div id='messageValidation' style='background-color: silver; color: black; font-size: xx-small; border: silver 2px solid; padding: 5px;'><table><tr><td style='width:85px;'>Validation</td><td>:</td><td id='message'>Test Case Name : [TC03_Koodo_TAB_HWS_ReturnAgrmt]</td></tr></table></div><br/><br/>
<div id='messageValidation' style='background-color: silver; color: black; font-size: xx-small; border: silver 2px solid; padding: 5px;'><table><tr><td style='width:85px;'>Validation</td><td>:</td><td id='message'>Test Case Description : [The purpose of this test case is to verify "TC03_Koodo_TAB_HWS_ReturnAgrmt" workflow]</td></tr></table></div><br/><br/>
<div id='messageValidation' style='background-color: silver; color: black; font-size: xx-small; border: silver 2px solid; padding: 5px;'><table><tr><td style='width:85px;'>Validation</td><td>:</td><td id='message'>Request Payload Path : [C:\Users\durairaj.lnu\Documents\GitHub\Automation-TestAuto-OE-PS-RCMS-API\src\test\resources\testSpecs\RCMS\Activation\TC02_Koodo_with_TAB_HWS.json]</td></tr></table></div><br/><br/>
<div id='messageValidation' style='background-color: silver; color: black; font-size: xx-small; border: silver 2px solid; padding: 5px;'><table><tr><td style='width:85px;'>Validation</td><td>:</td><td id='message'>STEP ===== > OAuth2 API Call</td></tr></table></div><br/><br/>
<div id='messageValidation' style='background-color: silver; color: black; font-size: xx-small; border: silver 2px solid; padding: 5px;'><table><tr><td style='width:85px;'>Validation</td><td>:</td><td id='message'>API Operation status: 200</td></tr></table></div><br/><br/>
<div id='messageValidation' style='background-color: silver; color: black; font-size: xx-small; border: silver 2px solid; padding: 5px;'><table><tr><td style='width:85px;'>Validation</td><td>:</td><td id='message'>ACCESS_TOKEN: eyJhbGciOiJSUzI1NiIsImtpZCI6ImNhZGZhMTYyLTU2YzEtNGRiOS1hNjNmLTYwZTM3NzIwMWJkZiIsInBpLmF0bSI6IjMifQ.eyJzY29wZSI6WyIyMzUiLCIyMzMiLCIxMjUiLCI5OTIiXSwiY2xpZW50X2lkIjoiODM5ZDQ5MmEtMWQ3NC00Yjc5LThhMjgtNjJiM2EyZWE4YmZiIiwiaXNzIjoiaHR0cHM6Ly90ZWFtc3NvLWl0czA0LnRlbHVzLmNvbSIsImF1ZCI6ImtvbmciLCJpYXQiOjE2NjYxOTQzMDYsImV4cCI6MTY2NjE5NDYwNn0.aOMFM8yU6-_gKoiFQqUwa5XExOw_WGSv_OuxaBZC_KlY_E2a4P5PZehYhdvEiWo13fIAoi4jK_VaD1VQJKe8XxIkSTjpClD685C3RXA767SZY9eFATzAmB0w-LhJtaO4P0PMHjhLbpH2Sp68H4dj1MDhV4lvktAXSkKxSFLD7GVmT3TLlzmwbS4Kpb3nnrt3440JPonVcplbL_iyPYSDXiWRzAGAvYJAmg_S-JftmjCp_LyfXamVscqUpqLqveKrNNpWbkLM8m01qr25kxaOPGnC0YQReErNJM7sPYbLI0229jjj1LIxBZpjVT9muRNLdOVuEw--V27sKXbF7vdwcg</td></tr></table></div><br/><br/>
<div id='messageValidation' style='background-color: silver; color: black; font-size: xx-small; border: silver 2px solid; padding: 5px;'><table><tr><td style='width:85px;'>Validation</td><td>:</td><td id='message'>API Test Env is : [it01]</td></tr></table></div><br/><br/>
<div id='messageValidation' style='background-color: silver; color: black; font-size: xx-small; border: silver 2px solid; padding: 5px;'><table><tr><td style='width:85px;'>Validation</td><td>:</td><td id='message'>------------DB connected successfully------------</td></tr></table></div><br/><br/>
<div id='messageValidation' style='background-color: silver; color: black; font-size: xx-small; border: silver 2px solid; padding: 5px;'><table><tr><td style='width:85px;'>Validation</td><td>:</td><td id='message'>Auto-Generated BAN : [70934141]</td></tr></table></div><br/><br/>
<div id='messageValidation' style='background-color: silver; color: black; font-size: xx-small; border: silver 2px solid; padding: 5px;'><table><tr><td style='width:85px;'>Validation</td><td>:</td><td id='message'>Auto-Generated SUBSCRIPTION_ID : [8525478]</td></tr></table></div><br/><br/>
<div id='messageValidation' style='background-color: silver; color: black; font-size: xx-small; border: silver 2px solid; padding: 5px;'><table><tr><td style='width:85px;'>Validation</td><td>:</td><td id='message'>Auto-Generated SUBSCRIPTION_NUMBER : [4264217775]</td></tr></table></div><br/><br/>
<div id='messageValidation' style='background-color: silver; color: black; font-size: xx-small; border: silver 2px solid; padding: 5px;'><table><tr><td style='width:85px;'>Validation</td><td>:</td><td id='message'>API Operation status: {agreementDuration={endDateTime=null, startDateTime=2022-10-19T00:00:00-0500, quantity={amount=24, units=MONTH}}, agreementItem=[{"id":"","itemDuration":{"endDateTime":null,"startDateTime":"2022-10-19T00:00:00-0500","quantity":{"amount":24,"units":"MONTH"}},"itemType":"HWS","incentiveAmount":240,"installment":{"characteristic":[{"name":"INSTALLMENTS_LEFT_NUM","value":"24"},{"name":"INSTALLMENTS_APPLIED_NUM","value":"0"},{"name":"INSTALLMENTS_APPLIED_AMT","value":"0.0"}]},"termOrCondition":{"characteristic":[{"name":"MIN_RATE_PLAN_VALUE_AMT","value":"0.0"},{"name":"MIN_FEATURE_VALUE_AMT","value":"0.0"},{"name":"MIN_COMBINED_VALUE_AMT","value":"80.0"}]},"tax":{"taxPaymentMethodCode":"CA","taxPaymentMechanismCode":"TILL","taxPaymentChannelCode":"RTL","taxProvinceCode":"ON","taxRate":[{"taxCategory":"HST","taxRate":13,"taxAmount":{"value":14.59,"unit":"CAD"}},{"taxCategory":"GST","taxRate":14,"taxAmount":{"value":15,"unit":"CAD"}},{"taxCategory":"PST","taxRate":16,"taxAmount":{"value":17.45,"unit":"CAD"}}]},"product":[{"productSerialNumber":"900937479125913","productSpecification":{"id":"LAI6S16GBSL","categoryCode":"SMARTPHONE","description":[{"locale":"EN_CA","description":"APPLE IPHONE 4S 32GB BLACK"},{"locale":"FR_CA","description":"APPLE IPHONE 4S 32GB BLACK"}],"typeCode":"DEVICE_TYPE"},"productPrice":{"price":{"dutyFreeAmount":{"value":1300,"unit":"CAD"}}},"productCharacteristic":[{"name":"USIM_ID","value":"8912239900003505056"}]}],"promotion":[{"id":"2345","perspectiveDate":"2022-10-19T00:00:00-0500"}],"productOffering":{"id":"1013546","characteristic":[{"name":"REDEEMED_OFFER_CONTEXT_CODE","value":"AOM"},{"name":"OFFER_TIER_CD","value":"1234"},{"name":"OFFER_TIER_CAP_AMT","value":"1500.0"},{"name":"DATA_COMMITMENT_IND","value":"false"},{"name":"CONTRACT_ENFORCED_PLAN_IND","value":"false"}],"perspectiveDate":"2022-10-19T00:00:00-0500","sourceSystemId":"15373"}},{"id":"","itemDuration":{"endDateTime":null,"startDateTime":"2022-10-19T00:00:00-0500","quantity":{"amount":24,"units":"MONTH"}},"itemType":"TAB","incentiveAmount":240,"installment":{"installmentDuration":{"endDateTime":null,"startDateTime":"2022-10-19T00:00:00-0500","quantity":{"amount":24,"units":"MONTH"}},"characteristic":[{"name":"INSTALLMENTS_LEFT_NUM","value":"24"},{"name":"INSTALLMENTS_APPLIED_NUM","value":"0"},{"name":"INSTALLMENTS_APPLIED_AMT","value":"0.0"}]},"termOrCondition":{"characteristic":[{"name":"MIN_RATE_PLAN_VALUE_AMT","value":"0.0"},{"name":"MIN_FEATURE_VALUE_AMT","value":"0.0"},{"name":"MIN_COMBINED_VALUE_AMT","value":"80.0"}]},"tax":{"taxPaymentMethodCode":"CA","taxPaymentMechanismCode":"TILL","taxPaymentChannelCode":"RTL","taxProvinceCode":"ON","taxRate":[{"taxCategory":"HST","taxRate":13,"taxAmount":{"value":14.59,"unit":"CAD"}},{"taxCategory":"GST","taxRate":14,"taxAmount":{"value":15,"unit":"CAD"}},{"taxCategory":"PST","taxRate":16,"taxAmount":{"value":17.45,"unit":"CAD"}}]},"product":[{"productSerialNumber":"900937479125913","productSpecification":{"id":"LAI6S16GBSL","categoryCode":"SMARTPHONE","description":[{"locale":"EN_CA","description":"APPLE IPHONE 4S 32GB BLACK"},{"locale":"FR_CA","description":"APPLE IPHONE 4S 32GB BLACK"}],"typeCode":"DEVICE_TYPE"},"productPrice":{"price":{"dutyFreeAmount":{"value":1300,"unit":"CAD"}}},"productCharacteristic":[{"name":"USIM_ID","value":"8912239900003505056"}]}],"promotion":[{"id":"2345","perspectiveDate":"2022-10-19T00:00:00-0500"}],"productOffering":{"id":"1013546","characteristic":[{"name":"REDEEMED_OFFER_CONTEXT_CODE","value":"AOM"},{"name":"OFFER_TIER_CD","value":"1234"},{"name":"OFFER_TIER_CAP_AMT","value":"1500.0"},{"name":"DATA_COMMITMENT_IND","value":"false"},{"name":"CONTRACT_ENFORCED_PLAN_IND","value":"false"}],"perspectiveDate":"2022-10-19T00:00:00-0500","sourceSystemId":"15373"}}], relatedParty=[{"id":"70934141","role":"ACCOUNT","characteristic":[{"name":"BRAND_ID","value":"3"},{"name":"ACCOUNT_TYPE_CODE","value":"I"},{"name":"ACCOUNT_SUB_TYPE_CODE","value":"R"}]},{"id":12373,"role":"ORIGINATOR","characteristic":[{"name":"TRANSACTION_ID","value":"877344"},{"name":"CHNL_ORG_ID","value":"20479"},{"name":"SALES_REP_ID","value":"3553"}]},{"id":"8525478","role":"Subscription","characteristic":[{"name":"MARKET_PROVINCE","value":"ON"},{"name":"HOME_PROVINCE_CODE","value":"ON"},{"name":"SUBSCRIBER_NUMBER","value":"4264217775"},{"name":"COMBO_RATE_PLAN_IND","value":"true"}]}]}</td></tr></table></div><br/><br/>
<div id='messageValidation' style='background-color: silver; color: black; font-size: xx-small; border: silver 2px solid; padding: 5px;'><table><tr><td style='width:85px;'>Validation</td><td>:</td><td id='message'>API Operation Request: 200</td></tr></table></div><br/><br/>
<div id='messageValidation' style='background-color: silver; color: black; font-size: xx-small; border: silver 2px solid; padding: 5px;'><table><tr><td style='width:85px;'>Validation</td><td>:</td><td id='message'>Pretty Payload: {
   "agreementDuration": {
     "endDateTime": null,
      "startDateTime": "2022-10-19T00:00:00-0500",
      "quantity": {
         "amount": 24,
         "units": "MONTH"
      }
   },
   "agreementItem": [
      {
         "id": "",
         "itemDuration": {
           "endDateTime": null,
            "startDateTime": "2022-10-19T00:00:00-0500",
            "quantity": {
               "amount": 24,
               "units": "MONTH"
            }
         },
         "itemType": "HWS",
         "incentiveAmount": 240,
         "installment": {
            "characteristic": [
               {
                  "name": "INSTALLMENTS_LEFT_NUM",
                  "value": "24"
               },
               {
                  "name": "INSTALLMENTS_APPLIED_NUM",
                  "value": "0"
               },
               {
                  "name": "INSTALLMENTS_APPLIED_AMT",
                  "value": "0.0"
               }
            ]
         },
         "termOrCondition": {
            "characteristic": [
               {
                  "name": "MIN_RATE_PLAN_VALUE_AMT",
                  "value": "0.0"
               },
               {
                  "name": "MIN_FEATURE_VALUE_AMT",
                  "value": "0.0"
               },
               {
                  "name": "MIN_COMBINED_VALUE_AMT",
                  "value": "80.0"
               }
            ]
         },
         "tax": {
            "taxPaymentMethodCode": "CA",
            "taxPaymentMechanismCode": "TILL",
            "taxPaymentChannelCode": "RTL",
            "taxProvinceCode": "ON",
            "taxRate": [
               {
                  "taxCategory": "HST",
                  "taxRate": 13,
                  "taxAmount": {
                     "value": 14.59,
                     "unit": "CAD"
                  }
               },
               {
                  "taxCategory": "GST",
                  "taxRate": 14,
                  "taxAmount": {
                     "value": 15,
                     "unit": "CAD"
                  }
               },
               {
                  "taxCategory": "PST",
                  "taxRate": 16,
                  "taxAmount": {
                     "value": 17.45,
                     "unit": "CAD"
                  }
               }
            ]
         },
         "product": [
            {
               "productSerialNumber": "900937479125913",
               "productSpecification": {
                  "id": "LAI6S16GBSL",
                  "categoryCode": "SMARTPHONE",
                  "description": [
                     {
                        "locale": "EN_CA",
                        "description": "APPLE IPHONE 4S 32GB BLACK"
                     },
                     {
                        "locale": "FR_CA",
                        "description": "APPLE IPHONE 4S 32GB BLACK"
                     }
                  ],
                  "typeCode": "DEVICE_TYPE"
               },
               "productPrice": {
                  "price": {
                     "dutyFreeAmount": {
                        "value": 1300,
                        "unit": "CAD"
                     }
                  }
               },
               "productCharacteristic": [
                  {
                     "name": "USIM_ID",
                     "value": "8912239900003505056"
                  }
               ]
            }
         ],
         "promotion": [
            {
               "id": "2345",
               "perspectiveDate": "2022-10-19T00:00:00-0500"
            }
         ],
         "productOffering": {
            "id": "1013546",
            "characteristic": [
               {
                  "name": "REDEEMED_OFFER_CONTEXT_CODE",
                  "value": "AOM"
               },
               {
                  "name": "OFFER_TIER_CD",
                  "value": "1234"
               },
               {
                  "name": "OFFER_TIER_CAP_AMT",
                  "value": "1500.0"
               },
               {
                  "name": "DATA_COMMITMENT_IND",
                  "value": "false"
               },
               {
                  "name": "CONTRACT_ENFORCED_PLAN_IND",
                  "value": "false"
               }
            ],
            "perspectiveDate":"2022-10-19T00:00:00-0500",
            "sourceSystemId": "15373"
         }
      },
      {
         "id": "",
         "itemDuration": {
           "endDateTime": null,
            "startDateTime": "2022-10-19T00:00:00-0500",
            "quantity": {
               "amount": 24,
               "units": "MONTH"
            }
         },
         "itemType": "TAB",
         "incentiveAmount": 240,
         "installment": {
            "installmentDuration": {
               "endDateTime": null,
               "startDateTime": "2022-10-19T00:00:00-0500",
               "quantity": {
                  "amount": 24,
                  "units": "MONTH"
               }
            },
            "characteristic": [
               {
                  "name": "INSTALLMENTS_LEFT_NUM",
                  "value": "24"
               },
               {
                  "name": "INSTALLMENTS_APPLIED_NUM",
                  "value": "0"
               },
               {
                  "name": "INSTALLMENTS_APPLIED_AMT",
                  "value": "0.0"
               }
            ]
         },
         "termOrCondition": {
            "characteristic": [
               {
                  "name": "MIN_RATE_PLAN_VALUE_AMT",
                  "value": "0.0"
               },
               {
                  "name": "MIN_FEATURE_VALUE_AMT",
                  "value": "0.0"
               },
               {
                  "name": "MIN_COMBINED_VALUE_AMT",
                  "value": "80.0"
               }
            ]
         },
                    "tax": {
            "taxPaymentMethodCode": "CA",
            "taxPaymentMechanismCode": "TILL",
            "taxPaymentChannelCode": "RTL",
            "taxProvinceCode": "ON",
            "taxRate": [
               {
                  "taxCategory": "HST",
                  "taxRate": 13,
                  "taxAmount": {
                     "value": 14.59,
                     "unit": "CAD"
                  }
               },
               {
                  "taxCategory": "GST",
                  "taxRate": 14,
                  "taxAmount": {
                     "value": 15,
                     "unit": "CAD"
                  }
               },
               {
                  "taxCategory": "PST",
                  "taxRate": 16,
                  "taxAmount": {
                     "value": 17.45,
                     "unit": "CAD"
                  }
               }
            ]
         },
         "product": [
            {
               "productSerialNumber": "900937479125913",
               "productSpecification": {
                  "id": "LAI6S16GBSL",
                  "categoryCode": "SMARTPHONE",
                  "description": [
                     {
                        "locale": "EN_CA",
                        "description": "APPLE IPHONE 4S 32GB BLACK"
                     },
                     {
                        "locale": "FR_CA",
                        "description": "APPLE IPHONE 4S 32GB BLACK"
                     }
                  ],
                  "typeCode": "DEVICE_TYPE"
               },
               "productPrice": {
                  "price": {
                     "dutyFreeAmount": {
                        "value": 1300,
                        "unit": "CAD"
                     }
                  }
               },
               "productCharacteristic": [
                  {
                     "name": "USIM_ID",
                     "value": "8912239900003505056"
                  }
               ]
            }
         ],
         "promotion": [
            {
               "id": "2345",
               "perspectiveDate": "2022-10-19T00:00:00-0500"
            }
         ],
         "productOffering": {
            "id": "1013546",
            "characteristic": [
               {
                  "name": "REDEEMED_OFFER_CONTEXT_CODE",
                  "value": "AOM"
               },
               {
                  "name": "OFFER_TIER_CD",
                  "value": "1234"
               },
               {
                  "name": "OFFER_TIER_CAP_AMT",
                  "value": "1500.0"
               },
               {
                  "name": "DATA_COMMITMENT_IND",
                  "value": "false"
               },
               {
                  "name": "CONTRACT_ENFORCED_PLAN_IND",
                  "value": "false"
               }
            ],
            "perspectiveDate": "2022-10-19T00:00:00-0500",
            "sourceSystemId": "15373"
         }
      }
   ],
   "relatedParty": [
      {
         "id": 70934141,
         "role": "ACCOUNT",
         "characteristic": [
            {
               "name": "BRAND_ID",
               "value": "3"
            },
            {
               "name": "ACCOUNT_TYPE_CODE",
               "value": "I"
            },
            {
               "name": "ACCOUNT_SUB_TYPE_CODE",
               "value": "R"
            }
         ]
      },
      {
         "id": 12373,
         "role": "ORIGINATOR",
         "characteristic": [
            {
               "name": "TRANSACTION_ID",
               "value": "877344"
            },
            {
               "name": "CHNL_ORG_ID",
               "value": "20479"
            },
            {
               "name": "SALES_REP_ID",
               "value": "3553"
            }
         ]
      },
      {
         "id": 8525478,
         "role": "Subscription",
         "characteristic": [
            {
               "name": "MARKET_PROVINCE",
               "value": "ON"
            },
            {
               "name": "HOME_PROVINCE_CODE",
               "value": "ON"
            },
            {
               "name": "SUBSCRIBER_NUMBER",
               "value": 4264217775
            },
            {
               "name": "COMBO_RATE_PLAN_IND",
               "value": "true"
            }
         ]
      }
   ]
}
</td></tr></table></div><br/><br/>
<div id='messageValidation' style='background-color: silver; color: black; font-size: xx-small; border: silver 2px solid; padding: 5px;'><table><tr><td style='width:85px;'>Validation</td><td>:</td><td id='message'>Device Serial Number before Update : 900937479125913</td></tr></table></div><br/><br/>
<div id='messageValidation' style='background-color: silver; color: black; font-size: xx-small; border: silver 2px solid; padding: 5px;'><table><tr><td style='width:85px;'>Validation</td><td>:</td><td id='message'>API Operation status: 200</td></tr></table></div><br/><br/>
<div id='messageValidation' style='background-color: silver; color: black; font-size: xx-small; border: silver 2px solid; padding: 5px;'><table><tr><td style='width:85px;'>Validation</td><td>:</td><td id='message'>API Operation Request: {characteristic=[{"name":"brandId","value":"3"},{"name":"contractEndDate","value":"2024-10-19T00:00:00-0500"},{"name":"contractStartDate","value":"2022-10-19T00:00:00-0500"},{"name":"productId","value":"17282696"},{"name":"serialNumber","value":"9009375811223344"},{"name":"redeemedOfferId","value":"1013546"}], relatedParty=[{"id":"8525478","role":"SUBSCRIPTION"}]}</td></tr></table></div><br/><br/>
<div id='messageValidation' style='background-color: silver; color: black; font-size: xx-small; border: silver 2px solid; padding: 5px;'><table><tr><td style='width:85px;'>Validation</td><td>:</td><td id='message'>Pretty Payload: {characteristic:[{"name":"brandId","value":"3"},{"name":"contractEndDate","value":"2024-10-19T00:00:00-0500"},{"name":"contractStartDate","value":"2022-10-19T00:00:00-0500"},{"name":"productId","value":"17282696"},{"name":"serialNumber","value":"9009375811223344"},{"name":"redeemedOfferId","value":"1013546"}], relatedParty:[{"id":"8525478","role":"SUBSCRIPTION"}]}</td></tr></table></div><br/><br/>
<div id='messageValidation' style='background-color: silver; color: black; font-size: xx-small; border: silver 2px solid; padding: 5px;'><table><tr><td style='width:85px;'>Validation</td><td>:</td><td id='message'>Reward type : 14</td></tr></table></div><br/><br/>
<div id='messageValidation' style='background-color: silver; color: black; font-size: xx-small; border: silver 2px solid; padding: 5px;'><table><tr><td style='width:85px;'>Validation</td><td>:</td><td id='message'>Expected Value is: [9009375811223344], Actual Value From DB Column - HANDSET_SERIAL_NUM is: [9009375811223344], VALIDATION : [SUCCESSFUL]</td></tr></table></div><br/><br/>
<div id='messageValidation' style='background-color: silver; color: black; font-size: xx-small; border: silver 2px solid; padding: 5px;'><table><tr><td style='width:85px;'>Validation</td><td>:</td><td id='message'>Reward type : 13</td></tr></table></div><br/><br/>
<div id='messageValidation' style='background-color: silver; color: black; font-size: xx-small; border: silver 2px solid; padding: 5px;'><table><tr><td style='width:85px;'>Validation</td><td>:</td><td id='message'>Expected Value is: [9009375811223344], Actual Value From DB Column - HANDSET_SERIAL_NUM is: [9009375811223344], VALIDATION : [SUCCESSFUL]</td></tr></table></div><br/><br/>
<div id='messageValidation' style='background-color: silver; color: black; font-size: xx-small; border: silver 2px solid; padding: 5px;'><table><tr><td style='width:85px;'>Validation</td><td>:</td><td id='message'>--------------------DB Validation Completed--------------------</td></tr></table></div><br/><br/>
<div id='messageValidation' style='background-color: silver; color: black; font-size: xx-small; border: silver 2px solid; padding: 5px;'><table><tr><td style='width:85px;'>Validation</td><td>:</td><td id='message'>TestListener.onTestSuccess</td></tr></table></div><br/><br/>
<div id='messageValidation' style='background-color: silver; color: black; font-size: xx-small; border: silver 2px solid; padding: 5px;'><table><tr><td style='width:85px;'>Validation</td><td>:</td><td id='message'>JIRA - Skipping Jira Update as Toggle it's false</td></tr></table></div><br/><br/>]]>
  </system-out>
</testsuite> <!-- com.telus.rcms.tests.ReturnAgreementItem.TC03_Koodo_TAB_HWS_ReturnAgrmt -->
