<?xml version="1.0" encoding="UTF-8"?>
<!-- Generated by org.testng.reporters.JUnitReportReporter -->
<testsuite skipped="0" hostname="BA-000289023" name="com.telus.rcms.tests.getEarlyRenewalPenalty.TC06_Koodo_with_TAB_HWS" tests="1" failures="0" timestamp="2022-12-08T05:01:37 IST" time="14.060" errors="0">
  <testcase name="testMethod_getEarlyRenewalPenalty" time="14.060" classname="com.telus.rcms.tests.getEarlyRenewalPenalty.TC06_Koodo_with_TAB_HWS"/>
  <system-out>
    <![CDATA[<div id='messageValidation' style='background-color: silver; color: black; font-size: xx-small; border: silver 2px solid; padding: 5px;'><table><tr><td style='width:85px;'>Validation</td><td>:</td><td id='message'>TestListener.createNewTestReport</td></tr></table></div><br/><br/>
<div id='messageValidation' style='background-color: silver; color: black; font-size: xx-small; border: silver 2px solid; padding: 5px;'><table><tr><td style='width:85px;'>Validation</td><td>:</td><td id='message'>GROUP_REPORT tag property :  true</td></tr></table></div><br/><br/>
<div id='messageValidation' style='background-color: silver; color: black; font-size: xx-small; border: silver 2px solid; padding: 5px;'><table><tr><td style='width:85px;'>Validation</td><td>:</td><td id='message'>TestListener.onTestStart</td></tr></table></div><br/><br/>
<div id='messageValidation' style='background-color: silver; color: black; font-size: xx-small; border: silver 2px solid; padding: 5px;'><table><tr><td style='width:85px;'>Validation</td><td>:</td><td id='message'>Automation Configuration - Environment Configured for Automation Execution [PT148]</td></tr></table></div><br/><br/>
<div id='messageValidation' style='background-color: silver; color: black; font-size: xx-small; border: silver 2px solid; padding: 5px;'><table><tr><td style='width:85px;'>Validation</td><td>:</td><td id='message'>Test Case Name : [TC06_Koodo_with_TAB_HWS]</td></tr></table></div><br/><br/>
<div id='messageValidation' style='background-color: silver; color: black; font-size: xx-small; border: silver 2px solid; padding: 5px;'><table><tr><td style='width:85px;'>Validation</td><td>:</td><td id='message'>Test Case Description : [The purpose of this test case is to verify "TC06_Koodo_with_TAB_HWS" workflow]</td></tr></table></div><br/><br/>
<div id='messageValidation' style='background-color: silver; color: black; font-size: xx-small; border: silver 2px solid; padding: 5px;'><table><tr><td style='width:85px;'>Validation</td><td>:</td><td id='message'>STEP ===== > OAuth2 API Call</td></tr></table></div><br/><br/>
<div id='messageValidation' style='background-color: silver; color: black; font-size: xx-small; border: silver 2px solid; padding: 5px;'><table><tr><td style='width:85px;'>Validation</td><td>:</td><td id='message'>API Operation status: 200</td></tr></table></div><br/><br/>
<div id='messageValidation' style='background-color: silver; color: black; font-size: xx-small; border: silver 2px solid; padding: 5px;'><table><tr><td style='width:85px;'>Validation</td><td>:</td><td id='message'>STEP ===== > OAuth2 API Call</td></tr></table></div><br/><br/>
<div id='messageValidation' style='background-color: silver; color: black; font-size: xx-small; border: silver 2px solid; padding: 5px;'><table><tr><td style='width:85px;'>Validation</td><td>:</td><td id='message'>API Operation status: 200</td></tr></table></div><br/><br/>
<div id='messageValidation' style='background-color: silver; color: black; font-size: xx-small; border: silver 2px solid; padding: 5px;'><table><tr><td style='width:85px;'>Validation</td><td>:</td><td id='message'>ACCESS_TOKEN FOR REWARD SERVICE: eyJhbGciOiJSUzI1NiIsImtpZCI6ImNhZGZhMTYyLTU2YzEtNGRiOS1hNjNmLTYwZTM3NzIwMWJkZiIsInBpLmF0bSI6IjMifQ.eyJzY29wZSI6WyIyMzUiLCIyMzMiLCIxMjUiLCI5OTIiXSwiY2xpZW50X2lkIjoiODM5ZDQ5MmEtMWQ3NC00Yjc5LThhMjgtNjJiM2EyZWE4YmZiIiwiaXNzIjoiaHR0cHM6Ly90ZWFtc3NvLWl0czA0LnRlbHVzLmNvbSIsImF1ZCI6ImtvbmciLCJpYXQiOjE2NzA0NTI3MzEsImV4cCI6MTY3MDQ1MzAzMX0.l5KG5yR7sZi4oI9CaU-5UZI6KplKQx5X9sNdyp3cefMW6cYKiBb62A5vgiyPSqz7RUSY0xSKppVQOZEt7ArUZAf-4J0BZiQQUzCzFMaMmAPGuHVs96cN2tgA5QPJ4LdPj4anSz7sjj27NW1irZN1sGs05YJ3xtMZp8SYmvO14SKzs1cKc5VxWMT4DjGUI5_Aop9USy3uixMAIsCLxZG2zVmgJxmSziwN9yDzi1Z8R4ILgIxD3CaCpRkftgYHiNXFr2K-1cFHRSnWG8m_HN0PLczx_1hszU1QZF_c1htOBqQoLob7UBTJDGiY687ENFXnhq9VrPmjZ8-rrPWO6USPAQ</td></tr></table></div><br/><br/>
<div id='messageValidation' style='background-color: silver; color: black; font-size: xx-small; border: silver 2px solid; padding: 5px;'><table><tr><td style='width:85px;'>Validation</td><td>:</td><td id='message'>ACCESS_TOKEN FOR VIOLATION SERVICE: eyJhbGciOiJSUzI1NiIsImtpZCI6ImNhZGZhMTYyLTU2YzEtNGRiOS1hNjNmLTYwZTM3NzIwMWJkZiIsInBpLmF0bSI6IjMifQ.eyJzY29wZSI6WyIxMjciLCIxOTE0Il0sImNsaWVudF9pZCI6ImJlYWIyNjljLWU2MTgtNDE5Yy04NjBiLTc1ODVmMzE4MGQ0OCIsImlzcyI6Imh0dHBzOi8vdGVhbXNzby1pdHMwNC50ZWx1cy5jb20iLCJhdWQiOiJrb25nIiwiaWF0IjoxNjcwNDUyNzMyLCJleHAiOjE2NzA0NTMwMzJ9.Fl2b-E6oemvfYmrNap4uaSfJOSzXWiKcRJ2iziCOuoStFafxScDPkDx7OqmviGiV7hfe0U8tGGWkRFygbX3ngvIZVx09ZFtUm4vxjJbBXqDr_4nAAEAND9fyPL5W417mXi4Ne6U74Gt3lMsgzlTtQCZHBGIRlMlhqssg91L5OhsSzRiSKB2yufLEBz7Ay3Qly4RdqGbVUhYH4OHxjHzWf17ofMWCSEjWKt92THw9ppCs6H59H5kfGTLsZKHPoL0PSoT2sXtPnZ6OOnBDeXOMkkpqXDZnv2ln5YwJ6ruqnfbPBiqVhpV6kq_VoPg26WuQo_MuY1P7uLXonPhuAwSvTw</td></tr></table></div><br/><br/>
<div id='messageValidation' style='background-color: silver; color: black; font-size: xx-small; border: silver 2px solid; padding: 5px;'><table><tr><td style='width:85px;'>Validation</td><td>:</td><td id='message'>API Test Env is : [it02]</td></tr></table></div><br/><br/>
<div id='messageValidation' style='background-color: silver; color: black; font-size: xx-small; border: silver 2px solid; padding: 5px;'><table><tr><td style='width:85px;'>Validation</td><td>:</td><td id='message'>------------DB connected successfully------------</td></tr></table></div><br/><br/>
<div id='messageValidation' style='background-color: silver; color: black; font-size: xx-small; border: silver 2px solid; padding: 5px;'><table><tr><td style='width:85px;'>Validation</td><td>:</td><td id='message'>Auto-Generated BAN : [70936213]</td></tr></table></div><br/><br/>
<div id='messageValidation' style='background-color: silver; color: black; font-size: xx-small; border: silver 2px solid; padding: 5px;'><table><tr><td style='width:85px;'>Validation</td><td>:</td><td id='message'>Auto-Generated SUBSCRIPTION_ID : [8521408]</td></tr></table></div><br/><br/>
<div id='messageValidation' style='background-color: silver; color: black; font-size: xx-small; border: silver 2px solid; padding: 5px;'><table><tr><td style='width:85px;'>Validation</td><td>:</td><td id='message'>Auto-Generated SUBSCRIPTION_NUMBER : [4264473534]</td></tr></table></div><br/><br/>
<div id='messageValidation' style='background-color: silver; color: black; font-size: xx-small; border: silver 2px solid; padding: 5px;'><table><tr><td style='width:85px;'>Validation</td><td>:</td><td id='message'>API Operation status: 200</td></tr></table></div><br/><br/>
<div id='messageValidation' style='background-color: silver; color: black; font-size: xx-small; border: silver 2px solid; padding: 5px;'><table><tr><td style='width:85px;'>Validation</td><td>:</td><td id='message'>API Operation Request: {agreementDuration={endDateTime=null, startDateTime=2022-12-07T00:00:00-0500, quantity={amount=24, units=MONTH}}, agreementItem=[{"id":"","itemDuration":{"endDateTime":null,"startDateTime":"2022-12-07T00:00:00-0500","quantity":{"amount":24,"units":"MONTH"}},"itemType":"HWS","incentiveAmount":240,"installment":{"characteristic":[{"name":"INSTALLMENTS_LEFT_NUM","value":"24"},{"name":"INSTALLMENTS_APPLIED_NUM","value":"0"},{"name":"INSTALLMENTS_APPLIED_AMT","value":"0.0"}]},"termOrCondition":{"characteristic":[{"name":"MIN_RATE_PLAN_VALUE_AMT","value":"0.0"},{"name":"MIN_FEATURE_VALUE_AMT","value":"0.0"},{"name":"MIN_COMBINED_VALUE_AMT","value":"80.0"}]},"tax":{"taxPaymentMethodCode":"CA","taxPaymentMechanismCode":"TILL","taxPaymentChannelCode":"RTL","taxProvinceCode":"ON","taxRate":[{"taxCategory":"HST","taxRate":13,"taxAmount":{"value":14.59,"unit":"CAD"}},{"taxCategory":"GST","taxRate":14,"taxAmount":{"value":15,"unit":"CAD"}},{"taxCategory":"PST","taxRate":16,"taxAmount":{"value":17.45,"unit":"CAD"}}]},"product":[{"productSerialNumber":"900937479125913","productSpecification":{"id":"LAI6S16GBSL","categoryCode":"SMARTPHONE","description":[{"locale":"EN_CA","description":"APPLE IPHONE 4S 32GB BLACK"},{"locale":"FR_CA","description":"APPLE IPHONE 4S 32GB BLACK"}],"typeCode":"DEVICE_TYPE"},"productPrice":{"price":{"dutyFreeAmount":{"value":1300,"unit":"CAD"}}},"productCharacteristic":[{"name":"USIM_ID","value":"8912239900003505056"}]}],"promotion":[{"id":"2345","perspectiveDate":"2022-12-07T00:00:00-0500"}],"productOffering":{"id":"1013546","characteristic":[{"name":"REDEEMED_OFFER_CONTEXT_CODE","value":"AOM"},{"name":"OFFER_TIER_CD","value":"1234"},{"name":"OFFER_TIER_CAP_AMT","value":"1500.0"},{"name":"DATA_COMMITMENT_IND","value":"false"},{"name":"CONTRACT_ENFORCED_PLAN_IND","value":"false"}],"perspectiveDate":"2022-12-07T00:00:00-0500","sourceSystemId":"15373"}},{"id":"","itemDuration":{"endDateTime":null,"startDateTime":"2022-12-07T00:00:00-0500","quantity":{"amount":24,"units":"MONTH"}},"itemType":"TAB","incentiveAmount":240,"installment":{"installmentDuration":{"endDateTime":null,"startDateTime":"2022-12-07T00:00:00-0500","quantity":{"amount":24,"units":"MONTH"}},"characteristic":[{"name":"INSTALLMENTS_LEFT_NUM","value":"24"},{"name":"INSTALLMENTS_APPLIED_NUM","value":"0"},{"name":"INSTALLMENTS_APPLIED_AMT","value":"0.0"}]},"termOrCondition":{"characteristic":[{"name":"MIN_RATE_PLAN_VALUE_AMT","value":"0.0"},{"name":"MIN_FEATURE_VALUE_AMT","value":"0.0"},{"name":"MIN_COMBINED_VALUE_AMT","value":"80.0"}]},"tax":{"taxPaymentMethodCode":"CA","taxPaymentMechanismCode":"TILL","taxPaymentChannelCode":"RTL","taxProvinceCode":"ON","taxRate":[{"taxCategory":"HST","taxRate":13,"taxAmount":{"value":14.59,"unit":"CAD"}},{"taxCategory":"GST","taxRate":14,"taxAmount":{"value":15,"unit":"CAD"}},{"taxCategory":"PST","taxRate":16,"taxAmount":{"value":17.45,"unit":"CAD"}}]},"product":[{"productSerialNumber":"900937479125913","productSpecification":{"id":"LAI6S16GBSL","categoryCode":"SMARTPHONE","description":[{"locale":"EN_CA","description":"APPLE IPHONE 4S 32GB BLACK"},{"locale":"FR_CA","description":"APPLE IPHONE 4S 32GB BLACK"}],"typeCode":"DEVICE_TYPE"},"productPrice":{"price":{"dutyFreeAmount":{"value":1300,"unit":"CAD"}}},"productCharacteristic":[{"name":"USIM_ID","value":"8912239900003505056"}]}],"promotion":[{"id":"2345","perspectiveDate":"2022-12-07T00:00:00-0500"}],"productOffering":{"id":"1013546","characteristic":[{"name":"REDEEMED_OFFER_CONTEXT_CODE","value":"AOM"},{"name":"OFFER_TIER_CD","value":"1234"},{"name":"OFFER_TIER_CAP_AMT","value":"1500.0"},{"name":"DATA_COMMITMENT_IND","value":"false"},{"name":"CONTRACT_ENFORCED_PLAN_IND","value":"false"}],"perspectiveDate":"2022-12-07T00:00:00-0500","sourceSystemId":"15373"}}], relatedParty=[{"id":"70936213","role":"ACCOUNT","characteristic":[{"name":"BRAND_ID","value":"3"},{"name":"ACCOUNT_TYPE_CODE","value":"I"},{"name":"ACCOUNT_SUB_TYPE_CODE","value":"R"}]},{"id":12373,"role":"ORIGINATOR","characteristic":[{"name":"TRANSACTION_ID","value":"877344"},{"name":"CHNL_ORG_ID","value":"20479"},{"name":"SALES_REP_ID","value":"3553"}]},{"id":"8521408","role":"Subscription","characteristic":[{"name":"MARKET_PROVINCE","value":"ON"},{"name":"HOME_PROVINCE_CODE","value":"ON"},{"name":"SUBSCRIBER_NUMBER","value":"4264473534"},{"name":"COMBO_RATE_PLAN_IND","value":"true"}]}]}</td></tr></table></div><br/><br/>
<div id='messageValidation' style='background-color: silver; color: black; font-size: xx-small; border: silver 2px solid; padding: 5px;'><table><tr><td style='width:85px;'>Validation</td><td>:</td><td id='message'>API Test Env is : [it02]</td></tr></table></div><br/><br/>
<div id='messageValidation' style='background-color: silver; color: black; font-size: xx-small; border: silver 2px solid; padding: 5px;'><table><tr><td style='width:85px;'>Validation</td><td>:</td><td id='message'>API Operation Response: {href=54754ea6-202c-46a1-89f2-1699ddf22e76, date=2022-12-07T17:39:02-0500, sla={id=EarlyRenewal}}</td></tr></table></div><br/><br/>
<div id='messageValidation' style='background-color: silver; color: black; font-size: xx-small; border: silver 2px solid; padding: 5px;'><table><tr><td style='width:85px;'>Validation</td><td>:</td><td id='message'>API Operation status: 201</td></tr></table></div><br/><br/>
<div id='messageValidation' style='background-color: silver; color: black; font-size: xx-small; border: silver 2px solid; padding: 5px;'><table><tr><td style='width:85px;'>Validation</td><td>:</td><td id='message'>Pretty Payload: {href:54754ea6-202c-46a1-89f2-1699ddf22e76, date:2022-12-07T17:39:02-0500, sla:{id:EarlyRenewal}}</td></tr></table></div><br/><br/>
<div id='messageValidation' style='background-color: silver; color: black; font-size: xx-small; border: silver 2px solid; padding: 5px;'><table><tr><td style='width:85px;'>Validation</td><td>:</td><td id='message'>Expected Value is : not null , Actual Value From HREF is: [54754ea6-202c-46a1-89f2-1699ddf22e76], VALIDATION : [SUCCESSFUL]</td></tr></table></div><br/><br/>
<div id='messageValidation' style='background-color: silver; color: black; font-size: xx-small; border: silver 2px solid; padding: 5px;'><table><tr><td style='width:85px;'>Validation</td><td>:</td><td id='message'>Expected Value is: [EarlyRenewal], Actual Value for - SLAID is: [EarlyRenewal], VALIDATION : [SUCCESSFUL]</td></tr></table></div><br/><br/>
<div id='messageValidation' style='background-color: silver; color: black; font-size: xx-small; border: silver 2px solid; padding: 5px;'><table><tr><td style='width:85px;'>Validation</td><td>:</td><td id='message'>Expected Value is: [2022-12-07], Actual Value From DB Column - DATE is: [2022-12-07], VALIDATION : [SUCCESSFUL]</td></tr></table></div><br/><br/>
<div id='messageValidation' style='background-color: silver; color: black; font-size: xx-small; border: silver 2px solid; padding: 5px;'><table><tr><td style='width:85px;'>Validation</td><td>:</td><td id='message'>--------------------DB Validation Completed--------------------</td></tr></table></div><br/><br/>
<div id='messageValidation' style='background-color: silver; color: black; font-size: xx-small; border: silver 2px solid; padding: 5px;'><table><tr><td style='width:85px;'>Validation</td><td>:</td><td id='message'>TestListener.onTestSuccess</td></tr></table></div><br/><br/>
<div id='messageValidation' style='background-color: silver; color: black; font-size: xx-small; border: silver 2px solid; padding: 5px;'><table><tr><td style='width:85px;'>Validation</td><td>:</td><td id='message'>JIRA - Skipping Jira Update as Toggle it's false</td></tr></table></div><br/><br/>]]>
  </system-out>
</testsuite> <!-- com.telus.rcms.tests.getEarlyRenewalPenalty.TC06_Koodo_with_TAB_HWS -->
